2024-11-19 19:36:52,018 [INFO] Activator:176 - 


2024-11-19 19:36:52,030 [INFO] Activator:177 - !SESSION log4j initialized
2024-11-19 19:37:02,979 [INFO] LogOutputStream:77 - [STDOUT_REDIRECT] 
2024-11-19 19:37:09,951 [INFO] ApplicationProperties:184 - Using Application install path: C:\ST\STM32CubeIDE_1.16.0\STM32CubeIDE\plugins\com.st.stm32cube.common.mx_6.12.0.202406281431
2024-11-19 19:37:09,994 [INFO] DbMcusXml:78 - Set database path to: C:\ST\STM32CubeIDE_1.16.0\STM32CubeIDE\plugins\com.st.stm32cube.common.mx_6.12.0.202406281431\\db\/mcu/
2024-11-19 19:37:09,995 [INFO] ApiDb:274 - Set plugin database path to: C:\ST\STM32CubeIDE_1.16.0\STM32CubeIDE\plugins\com.st.stm32cube.common.mx_6.12.0.202406281431\\db\/plugins/boardmanager/
2024-11-19 19:37:09,996 [WARN] ApiDb:259 - Overriding images path with different value:  => C:\ST\STM32CubeIDE_1.16.0\STM32CubeIDE\plugins\com.st.stm32cube.common.mx_6.12.0.202406281431\\db\/plugins/mcufinder/images/
2024-11-19 19:37:10,011 [INFO] ApiDb:250 - Set database path to: C:\Users\user\.stmcufinder\plugins\mcufinder//mcu/
2024-11-19 19:37:10,013 [INFO] DbMcusAds:125 - Set database path to: C:\Users\user\.stmcufinder\plugins\mcufinder//mcu/
2024-11-19 19:37:10,018 [INFO] CrossReferenceDbSqlite:203 - Set database path to: C:\Users\user\.stmcufinder\plugins\mcufinder//mcu/cs/
2024-11-19 19:37:10,274 [INFO] RulesReader:64 - Compatibility file has been processed (297 Rules)
2024-11-19 19:37:10,467 [INFO] DbMcusXml:78 - Set database path to: C:\ST\STM32CubeIDE_1.16.0\STM32CubeIDE\plugins\com.st.stm32cube.common.mx_6.12.0.202406281431\\db\/mcu/
2024-11-19 19:37:10,467 [INFO] ApiDb:274 - Set plugin database path to: C:\ST\STM32CubeIDE_1.16.0\STM32CubeIDE\plugins\com.st.stm32cube.common.mx_6.12.0.202406281431\\db\/plugins/boardmanager/
2024-11-19 19:37:10,468 [INFO] ApiDb:261 - Set plugin images path to: C:\ST\STM32CubeIDE_1.16.0\STM32CubeIDE\plugins\com.st.stm32cube.common.mx_6.12.0.202406281431\\db\/plugins/mcufinder/images/
2024-11-19 19:37:10,468 [WARN] DbFile:41 - Overriding database path with different value: C:\Users\user\.stmcufinder\plugins\mcufinder/ => C:\Users\user\.stmcufinder\plugins\mcufinder
2024-11-19 19:37:10,469 [INFO] ApiDb:250 - Set database path to: C:\Users\user\.stmcufinder\plugins\mcufinder//mcu/
2024-11-19 19:37:10,469 [WARN] DbFile:41 - Overriding database path with different value: C:\Users\user\.stmcufinder\plugins\mcufinder/ => C:\Users\user\.stmcufinder\plugins\mcufinder
2024-11-19 19:37:10,470 [INFO] DbMcusAds:125 - Set database path to: C:\Users\user\.stmcufinder\plugins\mcufinder//mcu/
2024-11-19 19:37:10,470 [WARN] DbFile:41 - Overriding database path with different value: C:\Users\user\.stmcufinder\plugins\mcufinder/ => C:\Users\user\.stmcufinder\plugins\mcufinder
2024-11-19 19:37:10,470 [WARN] DbFile:41 - Overriding database path with different value: C:\Users\user\.stmcufinder\plugins\mcufinder/ => C:\Users\user\.stmcufinder\plugins\mcufinder
2024-11-19 19:37:10,471 [INFO] CrossReferenceDbSqlite:203 - Set database path to: C:\Users\user\.stmcufinder\plugins\mcufinder//mcu/cs/
2024-11-19 19:37:10,680 [INFO] MainPanel:268 - HeapMemory: 268435456
2024-11-19 19:37:10,870 [INFO] DbMcusXml:78 - Set database path to: C:\ST\STM32CubeIDE_1.16.0\STM32CubeIDE\plugins\com.st.stm32cube.common.mx_6.12.0.202406281431\\db\/mcu/
2024-11-19 19:37:10,870 [INFO] ApiDb:274 - Set plugin database path to: C:\ST\STM32CubeIDE_1.16.0\STM32CubeIDE\plugins\com.st.stm32cube.common.mx_6.12.0.202406281431\\db\/plugins/boardmanager/
2024-11-19 19:37:10,870 [INFO] ApiDb:261 - Set plugin images path to: C:\ST\STM32CubeIDE_1.16.0\STM32CubeIDE\plugins\com.st.stm32cube.common.mx_6.12.0.202406281431\\db\/plugins/mcufinder/images/
2024-11-19 19:37:10,871 [WARN] DbFile:41 - Overriding database path with different value: C:\Users\user\.stmcufinder\plugins\mcufinder/ => C:\Users\user\.stmcufinder\plugins\mcufinder
2024-11-19 19:37:10,872 [INFO] ApiDb:250 - Set database path to: C:\Users\user\.stmcufinder\plugins\mcufinder//mcu/
2024-11-19 19:37:10,872 [WARN] DbFile:41 - Overriding database path with different value: C:\Users\user\.stmcufinder\plugins\mcufinder/ => C:\Users\user\.stmcufinder\plugins\mcufinder
2024-11-19 19:37:10,872 [INFO] DbMcusAds:125 - Set database path to: C:\Users\user\.stmcufinder\plugins\mcufinder//mcu/
2024-11-19 19:37:10,873 [WARN] DbFile:41 - Overriding database path with different value: C:\Users\user\.stmcufinder\plugins\mcufinder/ => C:\Users\user\.stmcufinder\plugins\mcufinder
2024-11-19 19:37:10,873 [WARN] DbFile:41 - Overriding database path with different value: C:\Users\user\.stmcufinder\plugins\mcufinder/ => C:\Users\user\.stmcufinder\plugins\mcufinder
2024-11-19 19:37:10,873 [INFO] CrossReferenceDbSqlite:203 - Set database path to: C:\Users\user\.stmcufinder\plugins\mcufinder//mcu/cs/
2024-11-19 19:37:10,911 [INFO] ApplicationProperties:184 - Using Application install path: C:\ST\STM32CubeIDE_1.16.0\STM32CubeIDE\plugins\com.st.stm32cube.common.mx_6.12.0.202406281431
2024-11-19 19:37:10,918 [INFO] PluginManage:196 - Search for loadable plugins [exclusion list=, ]
2024-11-19 19:37:10,921 [INFO] PluginManage:310 - Check plugin analytics
2024-11-19 19:37:11,270 [INFO] AnalyticsPlugin:253 - Accepted Software Licenses: 
2024-11-19 19:37:11,271 [INFO] AnalyticsPlugin:255 - Accepted CMSIS Pack Licenses: 
2024-11-19 19:37:11,271 [INFO] AnalyticsPlugin:257 - Accepted Firmware Licenses: 
2024-11-19 19:37:11,278 [INFO] PluginManage:359 - Loaded plugin analytics (category:tool,tabindex:-1)
2024-11-19 19:37:11,279 [INFO] PluginManage:310 - Check plugin cadmodel
2024-11-19 19:37:11,299 [INFO] CADModel:105 - Init CAD model plugin
2024-11-19 19:37:11,300 [INFO] PluginManage:359 - Loaded plugin cadmodel (category:power,tabindex:5)
2024-11-19 19:37:11,301 [INFO] PluginManage:310 - Check plugin clock
2024-11-19 19:37:11,331 [INFO] PluginManage:359 - Loaded plugin clock (category:base,tabindex:2)
2024-11-19 19:37:11,332 [INFO] PluginManage:310 - Check plugin ddr
2024-11-19 19:37:11,335 [INFO] PluginManage:359 - Loaded plugin ddr (category:tool,tabindex:6)
2024-11-19 19:37:11,336 [INFO] PluginManage:310 - Check plugin filemanager
2024-11-19 19:37:11,589 [INFO] PluginManage:359 - Loaded plugin filemanager (category:base,tabindex:10)
2024-11-19 19:37:11,590 [INFO] PluginManage:310 - Check plugin ipmanager
2024-11-19 19:37:11,601 [INFO] PluginManage:359 - Loaded plugin ipmanager (category:base,tabindex:5)
2024-11-19 19:37:11,601 [INFO] PluginManage:310 - Check plugin lpbam
2024-11-19 19:37:11,632 [INFO] PluginManage:359 - Loaded plugin lpbam (category:base,tabindex:0)
2024-11-19 19:37:11,632 [INFO] PluginManage:310 - Check plugin memorymap
2024-11-19 19:37:11,673 [INFO] PluginManage:359 - Loaded plugin memorymap (category:base,tabindex:4)
2024-11-19 19:37:11,674 [INFO] PluginManage:310 - Check plugin pinoutandconfiguration
2024-11-19 19:37:11,701 [INFO] PluginManage:359 - Loaded plugin pinoutandconfiguration (category:base,tabindex:1)
2024-11-19 19:37:11,701 [INFO] PluginManage:310 - Check plugin pinoutconfig
2024-11-19 19:37:11,934 [WARN] SupportedApi:132 - Cannot load RTOS API schema: s4s-elt-must-match.1: The content of 'definitions' must match (annotation?, (simpleType | complexType)?, (unique | key | keyref)*)). A problem was found starting at: attribute.
2024-11-19 19:37:12,172 [INFO] PluginManage:359 - Loaded plugin pinoutconfig (category:base,tabindex:0)
2024-11-19 19:37:12,172 [INFO] PluginManage:310 - Check plugin power
2024-11-19 19:37:12,208 [INFO] PluginManage:359 - Loaded plugin power (category:power,tabindex:4)
2024-11-19 19:37:12,209 [INFO] PluginManage:310 - Check plugin projectmanager
2024-11-19 19:37:12,239 [INFO] PluginManage:359 - Loaded plugin projectmanager (category:projectmanager,tabindex:4)
2024-11-19 19:37:12,239 [INFO] PluginManage:310 - Check plugin rif
2024-11-19 19:37:12,269 [INFO] PluginManage:359 - Loaded plugin rif (category:base,tabindex:3)
2024-11-19 19:37:12,270 [INFO] PluginManage:310 - Check plugin thirdparty
2024-11-19 19:37:12,820 [INFO] PluginManage:359 - Loaded plugin thirdparty (category:base,tabindex:-1)
2024-11-19 19:37:12,821 [INFO] PluginManage:310 - Check plugin tools
2024-11-19 19:37:12,877 [WARN] IntegrityCheckThread:84 - waiting for thirdparty lock release [integrity check]
2024-11-19 19:37:12,879 [INFO] IntegrityCheckThread:86 - entering critical section [integrity check]
2024-11-19 19:37:12,880 [INFO] ThirdPartyUpdaterWithRetryManager:70 - Updater plugin not ready yet. [1/15]
2024-11-19 19:37:12,912 [INFO] PluginManage:359 - Loaded plugin tools (category:base,tabindex:7)
2024-11-19 19:37:12,912 [INFO] PluginManage:310 - Check plugin tutovideos
2024-11-19 19:37:13,300 [INFO] PluginManage:359 - Loaded plugin tutovideos (category:base,tabindex:-1)
2024-11-19 19:37:13,301 [INFO] PluginManage:310 - Check plugin updater
2024-11-19 19:37:13,334 [INFO] PluginManage:359 - Loaded plugin updater (category:base,tabindex:12)
2024-11-19 19:37:13,334 [INFO] PluginManage:310 - Check plugin userauth
2024-11-19 19:37:13,346 [INFO] UserAuth:113 - Init User Auth plugin
2024-11-19 19:37:13,347 [INFO] PluginManage:359 - Loaded plugin userauth (category:base,tabindex:14)
2024-11-19 19:37:13,347 [INFO] PluginManage:283 - PluginManage : Loaded plugins [18]
2024-11-19 19:37:13,737 [INFO] PinOutPanel:1561 - setPackage(No Configuration,No Configuration)
2024-11-19 19:37:13,928 [INFO] CADModel:165 - CPN selected for project level
2024-11-19 19:37:13,929 [INFO] CADModel:114 - Register for checkConnection events
2024-11-19 19:37:13,962 [INFO] IPUIPlugin:80 - create IPUIPlugin
2024-11-19 19:37:13,962 [INFO] PluginManager:220 - loadIPPluginJar : add adc
2024-11-19 19:37:14,019 [INFO] IPUIPlugin:80 - create IPUIPlugin
2024-11-19 19:37:14,019 [INFO] PluginManager:220 - loadIPPluginJar : add aes
2024-11-19 19:37:14,088 [INFO] IPUIPlugin:80 - create IPUIPlugin
2024-11-19 19:37:14,089 [INFO] PluginManager:220 - loadIPPluginJar : add can
2024-11-19 19:37:14,125 [INFO] IPUIPlugin:80 - create IPUIPlugin
2024-11-19 19:37:14,126 [INFO] PluginManager:220 - loadIPPluginJar : add comp
2024-11-19 19:37:14,179 [INFO] IPUIPlugin:80 - create IPUIPlugin
2024-11-19 19:37:14,179 [INFO] PluginManager:220 - loadIPPluginJar : add cryp
2024-11-19 19:37:14,204 [INFO] IPUIPlugin:80 - create IPUIPlugin
2024-11-19 19:37:14,204 [INFO] PluginManager:220 - loadIPPluginJar : add ddr_ctrl_phy
2024-11-19 19:37:14,266 [INFO] IPUIPlugin:80 - create IPUIPlugin
2024-11-19 19:37:14,266 [INFO] PluginManager:220 - loadIPPluginJar : add dfsdm
2024-11-19 19:37:14,289 [INFO] IPUIPlugin:80 - create IPUIPlugin
2024-11-19 19:37:14,290 [INFO] PluginManager:220 - loadIPPluginJar : add dma
2024-11-19 19:37:14,363 [INFO] IPUIPlugin:80 - create IPUIPlugin
2024-11-19 19:37:14,364 [INFO] PluginManager:220 - loadIPPluginJar : add dma3
2024-11-19 19:37:14,451 [INFO] IPUIPlugin:80 - create IPUIPlugin
2024-11-19 19:37:14,451 [INFO] PluginManager:220 - loadIPPluginJar : add extmemmanager
2024-11-19 19:37:14,500 [INFO] IPUIPlugin:80 - create IPUIPlugin
2024-11-19 19:37:14,500 [INFO] PluginManager:220 - loadIPPluginJar : add fatfs
2024-11-19 19:37:14,583 [INFO] IPUIPlugin:80 - create IPUIPlugin
2024-11-19 19:37:14,584 [INFO] PluginManager:220 - loadIPPluginJar : add fmc
2024-11-19 19:37:14,606 [INFO] IPUIPlugin:80 - create IPUIPlugin
2024-11-19 19:37:14,606 [INFO] PluginManager:220 - loadIPPluginJar : add freertos
2024-11-19 19:37:14,640 [INFO] IPUIPlugin:80 - create IPUIPlugin
2024-11-19 19:37:14,640 [INFO] PluginManager:220 - loadIPPluginJar : add genericplugin
2024-11-19 19:37:14,797 [INFO] IPUIPlugin:80 - create IPUIPlugin
2024-11-19 19:37:14,798 [INFO] PluginManager:220 - loadIPPluginJar : add gfxmmu
2024-11-19 19:37:15,034 [INFO] IPUIPlugin:80 - create IPUIPlugin
2024-11-19 19:37:15,034 [INFO] PluginManager:220 - loadIPPluginJar : add gic
2024-11-19 19:37:15,051 [INFO] IPUIPlugin:80 - create IPUIPlugin
2024-11-19 19:37:15,052 [INFO] PluginManager:220 - loadIPPluginJar : add gpio
2024-11-19 19:37:15,211 [INFO] IPUIPlugin:80 - create IPUIPlugin
2024-11-19 19:37:15,211 [INFO] PluginManager:220 - loadIPPluginJar : add gtzc
2024-11-19 19:37:15,270 [INFO] IPUIPlugin:80 - create IPUIPlugin
2024-11-19 19:37:15,270 [INFO] PluginManager:220 - loadIPPluginJar : add hash
2024-11-19 19:37:15,372 [INFO] IPUIPlugin:80 - create IPUIPlugin
2024-11-19 19:37:15,373 [INFO] PluginManager:220 - loadIPPluginJar : add i2c
2024-11-19 19:37:15,449 [INFO] IPUIPlugin:80 - create IPUIPlugin
2024-11-19 19:37:15,450 [INFO] PluginManager:220 - loadIPPluginJar : add i2s
2024-11-19 19:37:15,525 [INFO] IPUIPlugin:80 - create IPUIPlugin
2024-11-19 19:37:15,525 [INFO] PluginManager:220 - loadIPPluginJar : add i3c
2024-11-19 19:37:15,685 [INFO] IPUIPlugin:80 - create IPUIPlugin
2024-11-19 19:37:15,686 [INFO] PluginManager:220 - loadIPPluginJar : add ipddr
2024-11-19 19:37:15,884 [INFO] ThirdPartyUpdaterWithRetryManager:70 - Updater plugin not ready yet. [2/15]
2024-11-19 19:37:15,913 [INFO] IPUIPlugin:80 - create IPUIPlugin
2024-11-19 19:37:15,913 [INFO] PluginManager:220 - loadIPPluginJar : add linkedlist
2024-11-19 19:37:16,002 [INFO] IPUIPlugin:80 - create IPUIPlugin
2024-11-19 19:37:16,002 [INFO] PluginManager:220 - loadIPPluginJar : add lorawan
2024-11-19 19:37:16,066 [INFO] IPUIPlugin:80 - create IPUIPlugin
2024-11-19 19:37:16,066 [INFO] PluginManager:220 - loadIPPluginJar : add ltdc
2024-11-19 19:37:16,086 [INFO] IPUIPlugin:80 - create IPUIPlugin
2024-11-19 19:37:16,087 [INFO] PluginManager:220 - loadIPPluginJar : add mdma
2024-11-19 19:37:16,106 [INFO] IPUIPlugin:80 - create IPUIPlugin
2024-11-19 19:37:16,106 [INFO] PluginManager:220 - loadIPPluginJar : add nvic
2024-11-19 19:37:16,198 [INFO] IPUIPlugin:80 - create IPUIPlugin
2024-11-19 19:37:16,198 [INFO] PluginManager:220 - loadIPPluginJar : add opamp
2024-11-19 19:37:16,309 [INFO] IPUIPlugin:80 - create IPUIPlugin
2024-11-19 19:37:16,309 [INFO] PluginManager:220 - loadIPPluginJar : add openamp
2024-11-19 19:37:16,375 [INFO] IPUIPlugin:80 - create IPUIPlugin
2024-11-19 19:37:16,376 [INFO] PluginManager:220 - loadIPPluginJar : add pdm2pcm
2024-11-19 19:37:16,398 [INFO] IPUIPlugin:80 - create IPUIPlugin
2024-11-19 19:37:16,402 [INFO] PluginManager:220 - loadIPPluginJar : add plateformsettings
2024-11-19 19:37:16,460 [INFO] IPUIPlugin:80 - create IPUIPlugin
2024-11-19 19:37:16,460 [INFO] PluginManager:220 - loadIPPluginJar : add quadspi
2024-11-19 19:37:16,530 [INFO] IPUIPlugin:80 - create IPUIPlugin
2024-11-19 19:37:16,532 [INFO] PluginManager:220 - loadIPPluginJar : add radio
2024-11-19 19:37:16,561 [INFO] IPUIPlugin:80 - create IPUIPlugin
2024-11-19 19:37:16,561 [INFO] PluginManager:220 - loadIPPluginJar : add resmgrutility
2024-11-19 19:37:16,659 [INFO] IPUIPlugin:80 - create IPUIPlugin
2024-11-19 19:37:16,659 [INFO] PluginManager:220 - loadIPPluginJar : add sai
2024-11-19 19:37:16,721 [INFO] IPUIPlugin:80 - create IPUIPlugin
2024-11-19 19:37:16,721 [INFO] PluginManager:220 - loadIPPluginJar : add spi
2024-11-19 19:37:16,865 [INFO] IPUIPlugin:80 - create IPUIPlugin
2024-11-19 19:37:16,865 [INFO] PluginManager:220 - loadIPPluginJar : add stm32_wpan
2024-11-19 19:37:16,909 [INFO] IPUIPlugin:80 - create IPUIPlugin
2024-11-19 19:37:16,909 [INFO] PluginManager:220 - loadIPPluginJar : add tim
2024-11-19 19:37:17,007 [INFO] IPUIPlugin:80 - create IPUIPlugin
2024-11-19 19:37:17,007 [INFO] PluginManager:220 - loadIPPluginJar : add touchsensing
2024-11-19 19:37:17,042 [INFO] IPUIPlugin:80 - create IPUIPlugin
2024-11-19 19:37:17,042 [INFO] PluginManager:220 - loadIPPluginJar : add tracer_emb
2024-11-19 19:37:17,095 [INFO] IPUIPlugin:80 - create IPUIPlugin
2024-11-19 19:37:17,095 [INFO] PluginManager:220 - loadIPPluginJar : add ts
2024-11-19 19:37:17,155 [INFO] IPUIPlugin:80 - create IPUIPlugin
2024-11-19 19:37:17,155 [INFO] PluginManager:220 - loadIPPluginJar : add tsc
2024-11-19 19:37:17,217 [INFO] IPUIPlugin:80 - create IPUIPlugin
2024-11-19 19:37:17,217 [INFO] PluginManager:220 - loadIPPluginJar : add ucpd
2024-11-19 19:37:17,308 [INFO] IPUIPlugin:80 - create IPUIPlugin
2024-11-19 19:37:17,308 [INFO] PluginManager:220 - loadIPPluginJar : add usart
2024-11-19 19:37:17,375 [INFO] IPUIPlugin:80 - create IPUIPlugin
2024-11-19 19:37:17,375 [INFO] PluginManager:220 - loadIPPluginJar : add usbx
2024-11-19 19:37:17,572 [INFO] CADModel:165 - CPN selected for project level
2024-11-19 19:37:17,572 [INFO] CADModel:114 - Register for checkConnection events
2024-11-19 19:37:17,573 [FATAL] Updater:334 - Updater called before beeing initialized
2024-11-19 19:37:17,573 [ERROR] CADModel:125 - Updater not yet initialized, retry later 
2024-11-19 19:37:17,905 [INFO] CADModel:165 - CPN selected for project level
2024-11-19 19:37:17,905 [INFO] CADModel:114 - Register for checkConnection events
2024-11-19 19:37:17,905 [FATAL] Updater:334 - Updater called before beeing initialized
2024-11-19 19:37:17,905 [ERROR] CADModel:125 - Updater not yet initialized, retry later 
2024-11-19 19:37:17,912 [FATAL] Updater:334 - Updater called before beeing initialized
2024-11-19 19:37:18,140 [FATAL] Updater:334 - Updater called before beeing initialized
2024-11-19 19:37:18,153 [INFO] DbMcusAds:53 - JSON generation date=Fri Sep 20 22:04:38 KST 2024 (1726837478367)
2024-11-19 19:37:18,153 [FATAL] Updater:334 - Updater called before beeing initialized
2024-11-19 19:37:18,203 [WARN] DetailPanel:346 - Failed to get advertising image, set to default
2024-11-19 19:37:18,559 [FATAL] Updater:334 - Updater called before beeing initialized
2024-11-19 19:37:18,563 [FATAL] Updater:334 - Updater called before beeing initialized
2024-11-19 19:37:18,563 [FATAL] Updater:334 - Updater called before beeing initialized
2024-11-19 19:37:18,563 [WARN] DetailPanel:346 - Failed to get advertising image, set to default
2024-11-19 19:37:18,566 [FATAL] Updater:334 - Updater called before beeing initialized
2024-11-19 19:37:18,738 [ERROR] Updater:1164 - MainUpdater not yet initialized. External WinMGr cannot be set.
2024-11-19 19:37:18,760 [INFO] Updater:1100 - Updater Version found : 6.12.0
2024-11-19 19:37:18,784 [INFO] ApplicationProperties:184 - Using Application install path: C:\ST\STM32CubeIDE_1.16.0\STM32CubeIDE\plugins\com.st.stm32cube.common.mx_6.12.0.202406281431
2024-11-19 19:37:18,884 [INFO] ThirdPartyUpdaterWithRetryManager:70 - Updater plugin not ready yet. [3/15]
2024-11-19 19:37:20,419 [ERROR] LogOutputStream:75 - [STDERR_REDIRECT] Nov 19, 2024 7:37:20 PM java.util.prefs.WindowsPreferences <init>
2024-11-19 19:37:20,433 [ERROR] LogOutputStream:75 - [STDERR_REDIRECT] WARNING: Could not open/create prefs root node Software\JavaSoft\Prefs at root 0xffffffff80000002. Windows RegCreateKeyEx(...) returned error code 5.
2024-11-19 19:37:20,435 [ERROR] LogOutputStream:75 - [STDERR_REDIRECT] 
2024-11-19 19:37:21,041 [INFO] MainUpdater:2873 - connection check result : 10
2024-11-19 19:37:21,042 [INFO] MainUpdater:290 - Updater Check For Update Now.
2024-11-19 19:37:21,042 [INFO] MicroXplorer:498 - Change Database Version : DB.6.0.120
2024-11-19 19:37:21,070 [INFO] McuFinderGlobals:63 - Set McuFinder mode to 2 (CubeIDE integrated)
2024-11-19 19:37:21,082 [INFO] UserAuth:417 - Internet connection configuration mode: 1
2024-11-19 19:37:21,122 [INFO] JxBrowserEngine:152 - Initiate JxBrowser Engine with user profile folder
2024-11-19 19:37:21,503 [INFO] CheckServerUpdateThread:120 - End of CheckServer Thread
2024-11-19 19:37:22,297 [WARN] PackLoader:240 - Cannot read IP mode file for STMicroelectronics.FP-SNS-MOTENVWB1.1.4.0
2024-11-19 19:37:22,357 [WARN] PackLoader:240 - Cannot read IP mode file for STMicroelectronics.FP-ATR-ASTRA1.2.0.1
2024-11-19 19:37:22,392 [WARN] PackLoader:240 - Cannot read IP mode file for STMicroelectronics.X-CUBE-SMBUS.2.1.0
2024-11-19 19:37:22,428 [WARN] PackLoader:240 - Cannot read IP mode file for STMicroelectronics.X-CUBE-WB05N.1.1.0
2024-11-19 19:37:22,557 [WARN] PackLoader:240 - Cannot read IP mode file for STMicroelectronics.X-CUBE-AZRTOS-F7.1.1.0
2024-11-19 19:37:22,833 [WARN] PackLoader:240 - Cannot read IP mode file for STMicroelectronics.X-CUBE-MEMS1.11.0.0
2024-11-19 19:37:23,305 [WARN] PackLoader:240 - Cannot read IP mode file for STMicroelectronics.FP-SNS-FLIGHT1.5.0.2
2024-11-19 19:37:23,341 [WARN] PackLoader:240 - Cannot read IP mode file for STMicroelectronics.X-CUBE-DISPLAY.3.0.0
2024-11-19 19:37:23,379 [WARN] PackLoader:240 - Cannot read IP mode file for STMicroelectronics.X-CUBE-BLE1.7.0.0
2024-11-19 19:37:23,417 [WARN] PackLoader:240 - Cannot read IP mode file for STMicroelectronics.X-CUBE-NFC10.1.0.0
2024-11-19 19:37:23,481 [WARN] PackLoader:240 - Cannot read IP mode file for emotas.I-CUBE-CANOPEN.1.3.0
2024-11-19 19:37:23,530 [WARN] PackLoader:240 - Cannot read IP mode file for STMicroelectronics.X-CUBE-BLEMGR.3.1.0
2024-11-19 19:37:23,562 [WARN] PackLoader:240 - Cannot read IP mode file for STMicroelectronics.FP-SNS-SMARTAG2.1.2.0
2024-11-19 19:37:23,616 [INFO] LogOutputStream:77 - [STDOUT_REDIRECT] 1 : Invalid condition id : UX_CORESTACK_Condition cause : null
2024-11-19 19:37:23,617 [INFO] LogOutputStream:77 - [STDOUT_REDIRECT] 1 : Invalid condition id : UX_CORESTACK_Condition cause : null
2024-11-19 19:37:23,625 [INFO] LogOutputStream:77 - [STDOUT_REDIRECT] 1 : Invalid condition id : UX_CORESTACK_Condition cause : null
2024-11-19 19:37:23,627 [INFO] LogOutputStream:77 - [STDOUT_REDIRECT] 1 : Invalid condition id : UX_CORESTACK_Condition cause : null
2024-11-19 19:37:23,630 [INFO] LogOutputStream:77 - [STDOUT_REDIRECT] 1 : Invalid condition id : UX_CORESTACK_Condition cause : null
2024-11-19 19:37:23,635 [WARN] PackLoader:240 - Cannot read IP mode file for STMicroelectronics.X-CUBE-AZRTOS-WL.2.0.0
2024-11-19 19:37:23,663 [WARN] PackLoader:240 - Cannot read IP mode file for STMicroelectronics.FP-SNS-MOTENV1.5.0.0
2024-11-19 19:37:23,691 [WARN] PackLoader:240 - Cannot read IP mode file for wolfSSL.I-CUBE-wolfMQTT.1.19.0
2024-11-19 19:37:23,760 [WARN] PackLoader:240 - Cannot read IP mode file for WES.I-CUBE-Cesium.1.3.0
2024-11-19 19:37:23,789 [WARN] PackLoader:240 - Cannot read IP mode file for STMicroelectronics.X-CUBE-BLE2.3.3.0
2024-11-19 19:37:23,818 [WARN] PackLoader:240 - Cannot read IP mode file for STMicroelectronics.X-CUBE-NFC9.1.0.0
2024-11-19 19:37:23,857 [WARN] PackLoader:240 - Cannot read IP mode file for STMicroelectronics.X-CUBE-TCPP.4.1.0
2024-11-19 19:37:23,978 [WARN] PackLoader:240 - Cannot read IP mode file for STMicroelectronics.X-CUBE-AZRTOS-G0.1.1.0
2024-11-19 19:37:24,030 [WARN] PackLoader:240 - Cannot read IP mode file for STMicroelectronics.X-CUBE-SAFEA1.1.2.2
2024-11-19 19:37:24,117 [WARN] PackLoader:240 - Cannot read IP mode file for STMicroelectronics.X-CUBE-NFC4.3.0.0
2024-11-19 19:37:24,372 [WARN] PackLoader:240 - Cannot read IP mode file for EmbeddedOffice.I-CUBE-FS-RTOS.1.0.1
2024-11-19 19:37:24,373 [ERROR] ConditionMgr:805 - Attr not supported : Dmpu
2024-11-19 19:37:24,373 [ERROR] ConditionMgr:805 - Attr not supported : Dmpu
2024-11-19 19:37:24,373 [ERROR] ConditionMgr:805 - Attr not supported : Dmpu
2024-11-19 19:37:24,373 [ERROR] ConditionMgr:805 - Attr not supported : Dmpu
2024-11-19 19:37:24,374 [ERROR] ConditionMgr:805 - Attr not supported : Dmpu
2024-11-19 19:37:24,374 [ERROR] ConditionMgr:805 - Attr not supported : Dmpu
2024-11-19 19:37:24,374 [ERROR] ConditionMgr:805 - Attr not supported : Dmpu
2024-11-19 19:37:24,374 [ERROR] ConditionMgr:805 - Attr not supported : Dmpu
2024-11-19 19:37:24,374 [ERROR] ConditionMgr:805 - Attr not supported : Dmpu
2024-11-19 19:37:24,374 [ERROR] ConditionMgr:805 - Attr not supported : Dmpu
2024-11-19 19:37:24,374 [ERROR] ConditionMgr:805 - Attr not supported : Dmpu
2024-11-19 19:37:24,375 [ERROR] ConditionMgr:805 - Attr not supported : Dmpu
2024-11-19 19:37:24,375 [ERROR] ConditionMgr:805 - Attr not supported : Dmpu
2024-11-19 19:37:24,375 [ERROR] ConditionMgr:805 - Attr not supported : Dmpu
2024-11-19 19:37:24,376 [ERROR] ConditionMgr:805 - Attr not supported : Dmpu
2024-11-19 19:37:24,376 [ERROR] ConditionMgr:805 - Attr not supported : Dmpu
2024-11-19 19:37:24,376 [ERROR] ConditionMgr:805 - Attr not supported : Dmpu
2024-11-19 19:37:24,377 [ERROR] ConditionMgr:805 - Attr not supported : Dmpu
2024-11-19 19:37:24,377 [ERROR] ConditionMgr:805 - Attr not supported : Dmpu
2024-11-19 19:37:24,377 [ERROR] ConditionMgr:805 - Attr not supported : Dmpu
2024-11-19 19:37:24,377 [ERROR] ConditionMgr:805 - Attr not supported : Dmpu
2024-11-19 19:37:24,377 [ERROR] ConditionMgr:805 - Attr not supported : Dmpu
2024-11-19 19:37:24,377 [ERROR] ConditionMgr:805 - Attr not supported : Dmpu
2024-11-19 19:37:24,378 [ERROR] ConditionMgr:805 - Attr not supported : Dmpu
2024-11-19 19:37:24,378 [ERROR] ConditionMgr:805 - Attr not supported : Dmpu
2024-11-19 19:37:24,378 [ERROR] ConditionMgr:805 - Attr not supported : Dmpu
2024-11-19 19:37:24,378 [ERROR] ConditionMgr:805 - Attr not supported : Dmpu
2024-11-19 19:37:24,378 [ERROR] ConditionMgr:805 - Attr not supported : Dmpu
2024-11-19 19:37:24,378 [ERROR] ConditionMgr:805 - Attr not supported : Dmpu
2024-11-19 19:37:24,378 [ERROR] ConditionMgr:805 - Attr not supported : Dmpu
2024-11-19 19:37:24,379 [ERROR] ConditionMgr:805 - Attr not supported : Dmpu
2024-11-19 19:37:24,379 [ERROR] ConditionMgr:805 - Attr not supported : Dmpu
2024-11-19 19:37:24,379 [ERROR] ConditionMgr:805 - Attr not supported : Dmpu
2024-11-19 19:37:24,379 [ERROR] ConditionMgr:805 - Attr not supported : Dmpu
2024-11-19 19:37:24,379 [ERROR] ConditionMgr:805 - Attr not supported : Dmpu
2024-11-19 19:37:24,379 [ERROR] ConditionMgr:805 - Attr not supported : Dmpu
2024-11-19 19:37:24,379 [ERROR] ConditionMgr:805 - Attr not supported : Dmpu
2024-11-19 19:37:24,380 [ERROR] ConditionMgr:805 - Attr not supported : Dmpu
2024-11-19 19:37:24,380 [ERROR] ConditionMgr:805 - Attr not supported : Dmpu
2024-11-19 19:37:24,380 [ERROR] ConditionMgr:805 - Attr not supported : Dmpu
2024-11-19 19:37:24,380 [ERROR] ConditionMgr:805 - Attr not supported : Dmpu
2024-11-19 19:37:24,380 [ERROR] ConditionMgr:805 - Attr not supported : Dmpu
2024-11-19 19:37:24,380 [ERROR] ConditionMgr:805 - Attr not supported : Dmpu
2024-11-19 19:37:24,381 [ERROR] ConditionMgr:805 - Attr not supported : Dmpu
2024-11-19 19:37:24,381 [ERROR] ConditionMgr:805 - Attr not supported : Dmpu
2024-11-19 19:37:24,381 [ERROR] ConditionMgr:805 - Attr not supported : Dmpu
2024-11-19 19:37:24,381 [ERROR] ConditionMgr:805 - Attr not supported : Dmpu
2024-11-19 19:37:24,381 [ERROR] ConditionMgr:805 - Attr not supported : Dmpu
2024-11-19 19:37:24,381 [ERROR] ConditionMgr:805 - Attr not supported : Dmpu
2024-11-19 19:37:24,381 [ERROR] ConditionMgr:805 - Attr not supported : Dmpu
2024-11-19 19:37:24,381 [ERROR] ConditionMgr:805 - Attr not supported : Dmpu
2024-11-19 19:37:24,382 [ERROR] ConditionMgr:805 - Attr not supported : Dmpu
2024-11-19 19:37:24,382 [ERROR] ConditionMgr:805 - Attr not supported : Dmpu
2024-11-19 19:37:24,382 [ERROR] ConditionMgr:805 - Attr not supported : Dmpu
2024-11-19 19:37:24,382 [ERROR] ConditionMgr:805 - Attr not supported : Dmpu
2024-11-19 19:37:24,382 [ERROR] ConditionMgr:805 - Attr not supported : Dmpu
2024-11-19 19:37:24,382 [ERROR] ConditionMgr:805 - Attr not supported : Dmpu
2024-11-19 19:37:24,382 [ERROR] ConditionMgr:805 - Attr not supported : Dmpu
2024-11-19 19:37:24,382 [ERROR] ConditionMgr:805 - Attr not supported : Dmpu
2024-11-19 19:37:24,382 [ERROR] ConditionMgr:805 - Attr not supported : Dmpu
2024-11-19 19:37:24,383 [ERROR] ConditionMgr:805 - Attr not supported : Dmpu
2024-11-19 19:37:24,383 [ERROR] ConditionMgr:805 - Attr not supported : Dmpu
2024-11-19 19:37:24,383 [ERROR] ConditionMgr:805 - Attr not supported : Dmpu
2024-11-19 19:37:24,383 [ERROR] ConditionMgr:805 - Attr not supported : Dmpu
2024-11-19 19:37:24,413 [WARN] PackLoader:240 - Cannot read IP mode file for RealThread.X-CUBE-RT-Thread_Nano.4.1.1
2024-11-19 19:37:24,496 [WARN] PackLoader:240 - Cannot read IP mode file for STMicroelectronics.FP-ATR-SIGFOX1.3.2.0
2024-11-19 19:37:24,525 [WARN] PackLoader:240 - Cannot read IP mode file for wolfSSL.I-CUBE-wolfSSL.5.7.2
2024-11-19 19:37:24,550 [WARN] ConditionMgr:438 - getConditionDescription Invalid condition id : Cortex-A Device cause : null
2024-11-19 19:37:24,606 [WARN] ConditionMgr:1039 - genDependencies : Invalid condition id : Cortex-A Device cause : null
2024-11-19 19:37:24,606 [WARN] ConditionMgr:1039 - genDependencies : Invalid condition id : Cortex-A Device cause : null
2024-11-19 19:37:24,607 [WARN] ConditionMgr:1039 - genDependencies : Invalid condition id : Cortex-A Device cause : null
2024-11-19 19:37:24,637 [WARN] PackLoader:240 - Cannot read IP mode file for STMicroelectronics.X-CUBE-EEPRMA1.5.1.0
2024-11-19 19:37:24,683 [WARN] PackLoader:240 - Cannot read IP mode file for ITTIA_DB.I-CUBE-ITTIADB.8.9.0
2024-11-19 19:37:24,776 [WARN] PackLoader:240 - Cannot read IP mode file for SEGGER.I-CUBE-embOS.1.3.1
2024-11-19 19:37:24,909 [WARN] PackLoader:240 - Cannot read IP mode file for STMicroelectronics.X-CUBE-ALGOBUILD.1.4.0
2024-11-19 19:37:24,936 [WARN] PackLoader:240 - Cannot read IP mode file for STMicroelectronics.X-CUBE-GNSS1.6.0.0
2024-11-19 19:37:24,994 [WARN] PackLoader:240 - Cannot read IP mode file for STMicroelectronics.X-CUBE-AZRTOS-F4.1.1.0
2024-11-19 19:37:25,021 [WARN] PackLoader:240 - Cannot read IP mode file for STMicroelectronics.X-CUBE-ISPU.2.1.0
2024-11-19 19:37:25,044 [WARN] PackLoader:240 - Cannot read IP mode file for STMicroelectronics.X-CUBE-FREERTOS.1.2.0
2024-11-19 19:37:25,143 [WARN] PackLoader:240 - Cannot read IP mode file for STMicroelectronics.X-CUBE-AZRTOS-L5.2.0.0
2024-11-19 19:37:25,189 [WARN] PackLoader:240 - Cannot read IP mode file for STMicroelectronics.X-CUBE-NFC6.3.1.0
2024-11-19 19:37:25,217 [WARN] PackLoader:240 - Cannot read IP mode file for STMicroelectronics.X-CUBE-DPower.1.2.0
2024-11-19 19:37:25,249 [WARN] PackLoader:240 - Cannot read IP mode file for STMicroelectronics.X-CUBE-AI.9.0.0
2024-11-19 19:37:25,281 [WARN] PackLoader:240 - Cannot read IP mode file for STMicroelectronics.X-CUBE-NFC7.1.0.1
2024-11-19 19:37:25,312 [WARN] PackLoader:240 - Cannot read IP mode file for wolfSSL.I-CUBE-wolfTPM.3.2.0
2024-11-19 19:37:25,402 [WARN] ConditionMgr:438 - getConditionDescription Invalid condition id : LAN8742 Phy interface Condition cause : null
2024-11-19 19:37:25,405 [WARN] PackLoader:240 - Cannot read IP mode file for STMicroelectronics.X-CUBE-AZRTOS-L4.2.0.0
2024-11-19 19:37:25,407 [WARN] ConditionMgr:1039 - genDependencies : Invalid condition id : LAN8742 Phy interface Condition cause : null
2024-11-19 19:37:25,407 [WARN] ConditionMgr:1039 - genDependencies : Invalid condition id : LAN8742 Phy interface Condition cause : null
2024-11-19 19:37:25,408 [WARN] ConditionMgr:1039 - genDependencies : Invalid condition id : LAN8742 Phy interface Condition cause : null
2024-11-19 19:37:25,447 [WARN] PackLoader:240 - Cannot read IP mode file for STMicroelectronics.X-CUBE-SFXS2LP1.4.0.0
2024-11-19 19:37:25,521 [WARN] PackLoader:240 - Cannot read IP mode file for STMicroelectronics.X-CUBE-AZRTOS-H7.3.3.0
2024-11-19 19:37:25,560 [WARN] PackLoader:240 - Cannot read IP mode file for STMicroelectronics.X-CUBE-IPS.3.0.0
2024-11-19 19:37:25,631 [WARN] ConditionMgr:438 - getConditionDescription Invalid condition id : UX DEVICE CLASS RTOS Condition cause : null
2024-11-19 19:37:25,632 [WARN] ConditionMgr:438 - getConditionDescription Invalid condition id : UX DEVICE CLASS RTOS Condition cause : null
2024-11-19 19:37:25,635 [WARN] PackLoader:240 - Cannot read IP mode file for STMicroelectronics.X-CUBE-AZRTOS-WB.2.0.0
2024-11-19 19:37:25,636 [WARN] ConditionMgr:1039 - genDependencies : Invalid condition id : UX DEVICE CLASS RTOS Condition cause : null
2024-11-19 19:37:25,637 [WARN] ConditionMgr:1039 - genDependencies : Invalid condition id : UX DEVICE CLASS RTOS Condition cause : null
2024-11-19 19:37:25,638 [WARN] ConditionMgr:1039 - genDependencies : Invalid condition id : UX DEVICE CLASS RTOS Condition cause : null
2024-11-19 19:37:25,638 [WARN] ConditionMgr:1039 - genDependencies : Invalid condition id : UX DEVICE CLASS RTOS Condition cause : null
2024-11-19 19:37:25,638 [WARN] ConditionMgr:1039 - genDependencies : Invalid condition id : UX DEVICE CLASS RTOS Condition cause : null
2024-11-19 19:37:25,665 [WARN] PackLoader:240 - Cannot read IP mode file for STMicroelectronics.X-CUBE-GNSS1.7.0.0
2024-11-19 19:37:25,698 [WARN] PackLoader:240 - Cannot read IP mode file for STMicroelectronics.FP-SNS-STBOX1.2.0.0
2024-11-19 19:37:25,738 [WARN] PackLoader:240 - Cannot read IP mode file for STMicroelectronics.X-CUBE-SUBG2.5.0.0
2024-11-19 19:37:25,770 [WARN] PackLoader:240 - Cannot read IP mode file for Cesanta.I-CUBE-Mongoose.7.13.0
2024-11-19 19:37:25,838 [WARN] PackLoader:240 - Cannot read IP mode file for STMicroelectronics.X-CUBE-AZRTOS-G4.2.0.0
2024-11-19 19:37:25,870 [WARN] PackLoader:240 - Cannot read IP mode file for STMicroelectronics.X-CUBE-ISPU.2.0.0
2024-11-19 19:37:25,900 [WARN] PackLoader:240 - Cannot read IP mode file for STMicroelectronics.X-CUBE-ALS.1.0.2
2024-11-19 19:37:26,066 [WARN] PackLoader:240 - Cannot read IP mode file for STMicroelectronics.X-CUBE-MEMS1.10.0.0
2024-11-19 19:37:26,365 [WARN] PackLoader:240 - Cannot read IP mode file for STMicroelectronics.X-CUBE-TOUCHGFX.4.24.0
2024-11-19 19:37:26,385 [WARN] PackLoader:240 - Cannot read IP mode file for STMicroelectronics.X-CUBE-TOUCHGFX.4.24.1
2024-11-19 19:37:26,410 [WARN] PackLoader:240 - Cannot read IP mode file for portGmbH.I-Cube-SoM-uGOAL.1.1.0
2024-11-19 19:37:26,467 [WARN] PackLoader:240 - Cannot read IP mode file for STMicroelectronics.X-CUBE-AZRTOS-H7RS.1.0.0
2024-11-19 19:37:26,491 [WARN] PackLoader:240 - Cannot read IP mode file for STMicroelectronics.FP-ATR-ASTRA1.2.0.0
2024-11-19 19:37:26,534 [WARN] PackLoader:240 - Cannot read IP mode file for STMicroelectronics.X-CUBE-TOF1.3.4.2
2024-11-19 19:37:26,616 [WARN] PackLoader:240 - Cannot read IP mode file for STMicroelectronics.X-CUBE-TOF1.3.4.1
2024-11-19 19:37:26,693 [WARN] PackLoader:240 - Cannot read IP mode file for STMicroelectronics.X-CUBE-AZRTOS-H7.3.2.0
2024-11-19 19:37:26,768 [WARN] PackLoader:240 - Cannot read IP mode file for Infineon.AIROC-Wi-Fi-Bluetooth-STM32.1.6.0
2024-11-19 19:37:26,795 [WARN] PackLoader:240 - Cannot read IP mode file for wolfSSL.I-CUBE-wolfSSH.1.4.17
2024-11-19 19:37:26,796 [INFO] ThirdParty:978 - Integrity check success = true
2024-11-19 19:37:26,796 [INFO] IntegrityCheckThread:100 - exiting critical section [integrity check]
2024-11-19 19:37:26,796 [INFO] IntegrityCheckThread:103 - End integrity checks thread
2024-11-19 19:37:33,813 [INFO] WebApp:167 - Instantiating new browser for Auth
2024-11-19 19:37:36,916 [INFO] WebApp:448 - Apply proxy settings
2024-11-19 19:37:36,917 [INFO] WebApp:533 - Chromium requires no authentication
2024-11-19 19:37:36,925 [INFO] WebApp:476 - Direct internet connection detected
2024-11-19 19:37:36,967 [INFO] WebApp:869 - Register for checkConnection events
2024-11-19 19:37:36,968 [INFO] WebApp:448 - Apply proxy settings
2024-11-19 19:37:36,968 [INFO] WebApp:533 - Chromium requires no authentication
2024-11-19 19:37:36,968 [INFO] WebApp:476 - Direct internet connection detected
2024-11-19 19:37:37,272 [INFO] WebApp:220 - Starting web application
2024-11-19 19:37:37,272 [INFO] WebApp:578 - Web application path used C:\ST\STM32CubeIDE_1.16.0\STM32CubeIDE\plugins\com.st.stm32cube.common.mx_6.12.0.202406281431\db\plugins\mcufinder\reactClient1\index.html
2024-11-19 19:37:37,304 [INFO] WebApp:186 - Connection restablished
2024-11-19 19:37:37,705 [INFO] UserAuth:417 - Internet connection configuration mode: 1
