2024-12-03 12:00:57,620 [INFO] Activator:176 - 


2024-12-03 12:00:57,632 [INFO] Activator:177 - !SESSION log4j initialized
2024-12-03 12:01:08,459 [INFO] LogOutputStream:77 - [STDOUT_REDIRECT] 
2024-12-03 12:01:09,355 [ERROR] ConfigurationRetriever:142 - IOException on connection: sw-center.st.com
2024-12-03 12:01:09,357 [ERROR] ConfigurationRetriever:142 - IOException on connection: sw-center.st.com
2024-12-03 12:01:09,358 [ERROR] ConfigurationRetriever:142 - IOException on connection: sw-center.st.com
2024-12-03 12:01:16,952 [INFO] ApplicationProperties:184 - Using Application install path: C:\ST\STM32CubeIDE_1.16.0\STM32CubeIDE\plugins\com.st.stm32cube.common.mx_6.12.0.202406281431
2024-12-03 12:01:16,984 [INFO] DbMcusXml:78 - Set database path to: C:\ST\STM32CubeIDE_1.16.0\STM32CubeIDE\plugins\com.st.stm32cube.common.mx_6.12.0.202406281431\\db\/mcu/
2024-12-03 12:01:16,985 [INFO] ApiDb:274 - Set plugin database path to: C:\ST\STM32CubeIDE_1.16.0\STM32CubeIDE\plugins\com.st.stm32cube.common.mx_6.12.0.202406281431\\db\/plugins/boardmanager/
2024-12-03 12:01:16,985 [WARN] ApiDb:259 - Overriding images path with different value:  => C:\ST\STM32CubeIDE_1.16.0\STM32CubeIDE\plugins\com.st.stm32cube.common.mx_6.12.0.202406281431\\db\/plugins/mcufinder/images/
2024-12-03 12:01:17,003 [INFO] ApiDb:250 - Set database path to: C:\Users\user\.stmcufinder\plugins\mcufinder//mcu/
2024-12-03 12:01:17,005 [INFO] DbMcusAds:125 - Set database path to: C:\Users\user\.stmcufinder\plugins\mcufinder//mcu/
2024-12-03 12:01:17,010 [INFO] CrossReferenceDbSqlite:203 - Set database path to: C:\Users\user\.stmcufinder\plugins\mcufinder//mcu/cs/
2024-12-03 12:01:17,235 [INFO] RulesReader:64 - Compatibility file has been processed (297 Rules)
2024-12-03 12:01:17,392 [INFO] DbMcusXml:78 - Set database path to: C:\ST\STM32CubeIDE_1.16.0\STM32CubeIDE\plugins\com.st.stm32cube.common.mx_6.12.0.202406281431\\db\/mcu/
2024-12-03 12:01:17,393 [INFO] ApiDb:274 - Set plugin database path to: C:\ST\STM32CubeIDE_1.16.0\STM32CubeIDE\plugins\com.st.stm32cube.common.mx_6.12.0.202406281431\\db\/plugins/boardmanager/
2024-12-03 12:01:17,394 [INFO] ApiDb:261 - Set plugin images path to: C:\ST\STM32CubeIDE_1.16.0\STM32CubeIDE\plugins\com.st.stm32cube.common.mx_6.12.0.202406281431\\db\/plugins/mcufinder/images/
2024-12-03 12:01:17,394 [WARN] DbFile:41 - Overriding database path with different value: C:\Users\user\.stmcufinder\plugins\mcufinder/ => C:\Users\user\.stmcufinder\plugins\mcufinder
2024-12-03 12:01:17,394 [INFO] ApiDb:250 - Set database path to: C:\Users\user\.stmcufinder\plugins\mcufinder//mcu/
2024-12-03 12:01:17,394 [WARN] DbFile:41 - Overriding database path with different value: C:\Users\user\.stmcufinder\plugins\mcufinder/ => C:\Users\user\.stmcufinder\plugins\mcufinder
2024-12-03 12:01:17,395 [INFO] DbMcusAds:125 - Set database path to: C:\Users\user\.stmcufinder\plugins\mcufinder//mcu/
2024-12-03 12:01:17,395 [WARN] DbFile:41 - Overriding database path with different value: C:\Users\user\.stmcufinder\plugins\mcufinder/ => C:\Users\user\.stmcufinder\plugins\mcufinder
2024-12-03 12:01:17,395 [WARN] DbFile:41 - Overriding database path with different value: C:\Users\user\.stmcufinder\plugins\mcufinder/ => C:\Users\user\.stmcufinder\plugins\mcufinder
2024-12-03 12:01:17,395 [INFO] CrossReferenceDbSqlite:203 - Set database path to: C:\Users\user\.stmcufinder\plugins\mcufinder//mcu/cs/
2024-12-03 12:01:17,546 [INFO] MainPanel:268 - HeapMemory: 268435456
2024-12-03 12:01:17,733 [INFO] DbMcusXml:78 - Set database path to: C:\ST\STM32CubeIDE_1.16.0\STM32CubeIDE\plugins\com.st.stm32cube.common.mx_6.12.0.202406281431\\db\/mcu/
2024-12-03 12:01:17,733 [INFO] ApiDb:274 - Set plugin database path to: C:\ST\STM32CubeIDE_1.16.0\STM32CubeIDE\plugins\com.st.stm32cube.common.mx_6.12.0.202406281431\\db\/plugins/boardmanager/
2024-12-03 12:01:17,734 [INFO] ApiDb:261 - Set plugin images path to: C:\ST\STM32CubeIDE_1.16.0\STM32CubeIDE\plugins\com.st.stm32cube.common.mx_6.12.0.202406281431\\db\/plugins/mcufinder/images/
2024-12-03 12:01:17,734 [WARN] DbFile:41 - Overriding database path with different value: C:\Users\user\.stmcufinder\plugins\mcufinder/ => C:\Users\user\.stmcufinder\plugins\mcufinder
2024-12-03 12:01:17,735 [INFO] ApiDb:250 - Set database path to: C:\Users\user\.stmcufinder\plugins\mcufinder//mcu/
2024-12-03 12:01:17,735 [WARN] DbFile:41 - Overriding database path with different value: C:\Users\user\.stmcufinder\plugins\mcufinder/ => C:\Users\user\.stmcufinder\plugins\mcufinder
2024-12-03 12:01:17,735 [INFO] DbMcusAds:125 - Set database path to: C:\Users\user\.stmcufinder\plugins\mcufinder//mcu/
2024-12-03 12:01:17,735 [WARN] DbFile:41 - Overriding database path with different value: C:\Users\user\.stmcufinder\plugins\mcufinder/ => C:\Users\user\.stmcufinder\plugins\mcufinder
2024-12-03 12:01:17,735 [WARN] DbFile:41 - Overriding database path with different value: C:\Users\user\.stmcufinder\plugins\mcufinder/ => C:\Users\user\.stmcufinder\plugins\mcufinder
2024-12-03 12:01:17,735 [INFO] CrossReferenceDbSqlite:203 - Set database path to: C:\Users\user\.stmcufinder\plugins\mcufinder//mcu/cs/
2024-12-03 12:01:17,762 [INFO] ApplicationProperties:184 - Using Application install path: C:\ST\STM32CubeIDE_1.16.0\STM32CubeIDE\plugins\com.st.stm32cube.common.mx_6.12.0.202406281431
2024-12-03 12:01:17,764 [INFO] PluginManage:196 - Search for loadable plugins [exclusion list=, ]
2024-12-03 12:01:17,766 [INFO] PluginManage:310 - Check plugin analytics
2024-12-03 12:01:18,150 [INFO] AnalyticsPlugin:253 - Accepted Software Licenses: 
2024-12-03 12:01:18,151 [INFO] AnalyticsPlugin:255 - Accepted CMSIS Pack Licenses: 
2024-12-03 12:01:18,151 [INFO] AnalyticsPlugin:257 - Accepted Firmware Licenses: 
2024-12-03 12:01:18,156 [INFO] PluginManage:359 - Loaded plugin analytics (category:tool,tabindex:-1)
2024-12-03 12:01:18,157 [INFO] PluginManage:310 - Check plugin cadmodel
2024-12-03 12:01:18,163 [ERROR] ConfigurationRetriever:142 - IOException on connection: sw-center.st.com
2024-12-03 12:01:18,165 [ERROR] ConfigurationRetriever:142 - IOException on connection: sw-center.st.com
2024-12-03 12:01:18,167 [ERROR] ConfigurationRetriever:142 - IOException on connection: sw-center.st.com
2024-12-03 12:01:18,194 [INFO] CADModel:105 - Init CAD model plugin
2024-12-03 12:01:18,194 [INFO] PluginManage:359 - Loaded plugin cadmodel (category:power,tabindex:5)
2024-12-03 12:01:18,194 [INFO] PluginManage:310 - Check plugin clock
2024-12-03 12:01:18,231 [INFO] PluginManage:359 - Loaded plugin clock (category:base,tabindex:2)
2024-12-03 12:01:18,231 [INFO] PluginManage:310 - Check plugin ddr
2024-12-03 12:01:18,236 [INFO] PluginManage:359 - Loaded plugin ddr (category:tool,tabindex:6)
2024-12-03 12:01:18,237 [INFO] PluginManage:310 - Check plugin filemanager
2024-12-03 12:01:18,497 [INFO] PluginManage:359 - Loaded plugin filemanager (category:base,tabindex:10)
2024-12-03 12:01:18,497 [INFO] PluginManage:310 - Check plugin ipmanager
2024-12-03 12:01:18,510 [INFO] PluginManage:359 - Loaded plugin ipmanager (category:base,tabindex:5)
2024-12-03 12:01:18,511 [INFO] PluginManage:310 - Check plugin lpbam
2024-12-03 12:01:18,547 [INFO] PluginManage:359 - Loaded plugin lpbam (category:base,tabindex:0)
2024-12-03 12:01:18,547 [INFO] PluginManage:310 - Check plugin memorymap
2024-12-03 12:01:18,585 [INFO] PluginManage:359 - Loaded plugin memorymap (category:base,tabindex:4)
2024-12-03 12:01:18,585 [INFO] PluginManage:310 - Check plugin pinoutandconfiguration
2024-12-03 12:01:18,612 [INFO] PluginManage:359 - Loaded plugin pinoutandconfiguration (category:base,tabindex:1)
2024-12-03 12:01:18,612 [INFO] PluginManage:310 - Check plugin pinoutconfig
2024-12-03 12:01:18,782 [WARN] SupportedApi:132 - Cannot load RTOS API schema: s4s-elt-must-match.1: The content of 'definitions' must match (annotation?, (simpleType | complexType)?, (unique | key | keyref)*)). A problem was found starting at: attribute.
2024-12-03 12:01:19,071 [INFO] PluginManage:359 - Loaded plugin pinoutconfig (category:base,tabindex:0)
2024-12-03 12:01:19,071 [INFO] PluginManage:310 - Check plugin power
2024-12-03 12:01:19,114 [INFO] PluginManage:359 - Loaded plugin power (category:power,tabindex:4)
2024-12-03 12:01:19,115 [INFO] PluginManage:310 - Check plugin projectmanager
2024-12-03 12:01:19,143 [INFO] PluginManage:359 - Loaded plugin projectmanager (category:projectmanager,tabindex:4)
2024-12-03 12:01:19,144 [INFO] PluginManage:310 - Check plugin rif
2024-12-03 12:01:19,169 [INFO] PluginManage:359 - Loaded plugin rif (category:base,tabindex:3)
2024-12-03 12:01:19,169 [INFO] PluginManage:310 - Check plugin thirdparty
2024-12-03 12:01:19,665 [INFO] PluginManage:359 - Loaded plugin thirdparty (category:base,tabindex:-1)
2024-12-03 12:01:19,665 [INFO] PluginManage:310 - Check plugin tools
2024-12-03 12:01:19,665 [WARN] IntegrityCheckThread:84 - waiting for thirdparty lock release [integrity check]
2024-12-03 12:01:19,667 [INFO] IntegrityCheckThread:86 - entering critical section [integrity check]
2024-12-03 12:01:19,667 [INFO] ThirdPartyUpdaterWithRetryManager:70 - Updater plugin not ready yet. [1/15]
2024-12-03 12:01:19,734 [INFO] PluginManage:359 - Loaded plugin tools (category:base,tabindex:7)
2024-12-03 12:01:19,734 [INFO] PluginManage:310 - Check plugin tutovideos
2024-12-03 12:01:20,065 [INFO] PluginManage:359 - Loaded plugin tutovideos (category:base,tabindex:-1)
2024-12-03 12:01:20,066 [INFO] PluginManage:310 - Check plugin updater
2024-12-03 12:01:20,107 [INFO] PluginManage:359 - Loaded plugin updater (category:base,tabindex:12)
2024-12-03 12:01:20,108 [INFO] PluginManage:310 - Check plugin userauth
2024-12-03 12:01:20,120 [INFO] UserAuth:113 - Init User Auth plugin
2024-12-03 12:01:20,120 [INFO] PluginManage:359 - Loaded plugin userauth (category:base,tabindex:14)
2024-12-03 12:01:20,121 [INFO] PluginManage:283 - PluginManage : Loaded plugins [18]
2024-12-03 12:01:20,498 [INFO] PinOutPanel:1561 - setPackage(No Configuration,No Configuration)
2024-12-03 12:01:20,669 [INFO] CADModel:165 - CPN selected for project level
2024-12-03 12:01:20,669 [INFO] CADModel:114 - Register for checkConnection events
2024-12-03 12:01:20,718 [INFO] IPUIPlugin:80 - create IPUIPlugin
2024-12-03 12:01:20,718 [INFO] PluginManager:220 - loadIPPluginJar : add adc
2024-12-03 12:01:20,777 [INFO] IPUIPlugin:80 - create IPUIPlugin
2024-12-03 12:01:20,777 [INFO] PluginManager:220 - loadIPPluginJar : add aes
2024-12-03 12:01:20,845 [INFO] IPUIPlugin:80 - create IPUIPlugin
2024-12-03 12:01:20,845 [INFO] PluginManager:220 - loadIPPluginJar : add can
2024-12-03 12:01:20,905 [INFO] IPUIPlugin:80 - create IPUIPlugin
2024-12-03 12:01:20,905 [INFO] PluginManager:220 - loadIPPluginJar : add comp
2024-12-03 12:01:20,995 [INFO] IPUIPlugin:80 - create IPUIPlugin
2024-12-03 12:01:20,996 [INFO] PluginManager:220 - loadIPPluginJar : add cryp
2024-12-03 12:01:21,027 [INFO] IPUIPlugin:80 - create IPUIPlugin
2024-12-03 12:01:21,027 [INFO] PluginManager:220 - loadIPPluginJar : add ddr_ctrl_phy
2024-12-03 12:01:21,110 [INFO] IPUIPlugin:80 - create IPUIPlugin
2024-12-03 12:01:21,110 [INFO] PluginManager:220 - loadIPPluginJar : add dfsdm
2024-12-03 12:01:21,154 [INFO] IPUIPlugin:80 - create IPUIPlugin
2024-12-03 12:01:21,156 [INFO] PluginManager:220 - loadIPPluginJar : add dma
2024-12-03 12:01:21,284 [INFO] IPUIPlugin:80 - create IPUIPlugin
2024-12-03 12:01:21,284 [INFO] PluginManager:220 - loadIPPluginJar : add dma3
2024-12-03 12:01:21,367 [INFO] IPUIPlugin:80 - create IPUIPlugin
2024-12-03 12:01:21,368 [INFO] PluginManager:220 - loadIPPluginJar : add extmemmanager
2024-12-03 12:01:21,411 [INFO] IPUIPlugin:80 - create IPUIPlugin
2024-12-03 12:01:21,412 [INFO] PluginManager:220 - loadIPPluginJar : add fatfs
2024-12-03 12:01:21,511 [INFO] IPUIPlugin:80 - create IPUIPlugin
2024-12-03 12:01:21,511 [INFO] PluginManager:220 - loadIPPluginJar : add fmc
2024-12-03 12:01:21,537 [INFO] IPUIPlugin:80 - create IPUIPlugin
2024-12-03 12:01:21,537 [INFO] PluginManager:220 - loadIPPluginJar : add freertos
2024-12-03 12:01:21,578 [INFO] IPUIPlugin:80 - create IPUIPlugin
2024-12-03 12:01:21,579 [INFO] PluginManager:220 - loadIPPluginJar : add genericplugin
2024-12-03 12:01:21,758 [INFO] IPUIPlugin:80 - create IPUIPlugin
2024-12-03 12:01:21,758 [INFO] PluginManager:220 - loadIPPluginJar : add gfxmmu
2024-12-03 12:01:21,981 [INFO] IPUIPlugin:80 - create IPUIPlugin
2024-12-03 12:01:21,981 [INFO] PluginManager:220 - loadIPPluginJar : add gic
2024-12-03 12:01:22,011 [INFO] IPUIPlugin:80 - create IPUIPlugin
2024-12-03 12:01:22,012 [INFO] PluginManager:220 - loadIPPluginJar : add gpio
2024-12-03 12:01:22,178 [INFO] IPUIPlugin:80 - create IPUIPlugin
2024-12-03 12:01:22,179 [INFO] PluginManager:220 - loadIPPluginJar : add gtzc
2024-12-03 12:01:22,233 [INFO] IPUIPlugin:80 - create IPUIPlugin
2024-12-03 12:01:22,234 [INFO] PluginManager:220 - loadIPPluginJar : add hash
2024-12-03 12:01:22,351 [INFO] IPUIPlugin:80 - create IPUIPlugin
2024-12-03 12:01:22,351 [INFO] PluginManager:220 - loadIPPluginJar : add i2c
2024-12-03 12:01:22,455 [INFO] IPUIPlugin:80 - create IPUIPlugin
2024-12-03 12:01:22,455 [INFO] PluginManager:220 - loadIPPluginJar : add i2s
2024-12-03 12:01:22,533 [INFO] IPUIPlugin:80 - create IPUIPlugin
2024-12-03 12:01:22,533 [INFO] PluginManager:220 - loadIPPluginJar : add i3c
2024-12-03 12:01:22,668 [INFO] ThirdPartyUpdaterWithRetryManager:70 - Updater plugin not ready yet. [2/15]
2024-12-03 12:01:22,704 [INFO] IPUIPlugin:80 - create IPUIPlugin
2024-12-03 12:01:22,704 [INFO] PluginManager:220 - loadIPPluginJar : add ipddr
2024-12-03 12:01:22,890 [INFO] IPUIPlugin:80 - create IPUIPlugin
2024-12-03 12:01:22,890 [INFO] PluginManager:220 - loadIPPluginJar : add linkedlist
2024-12-03 12:01:22,972 [INFO] IPUIPlugin:80 - create IPUIPlugin
2024-12-03 12:01:22,972 [INFO] PluginManager:220 - loadIPPluginJar : add lorawan
2024-12-03 12:01:23,065 [INFO] IPUIPlugin:80 - create IPUIPlugin
2024-12-03 12:01:23,066 [INFO] PluginManager:220 - loadIPPluginJar : add ltdc
2024-12-03 12:01:23,101 [INFO] IPUIPlugin:80 - create IPUIPlugin
2024-12-03 12:01:23,102 [INFO] PluginManager:220 - loadIPPluginJar : add mdma
2024-12-03 12:01:23,132 [INFO] IPUIPlugin:80 - create IPUIPlugin
2024-12-03 12:01:23,133 [INFO] PluginManager:220 - loadIPPluginJar : add nvic
2024-12-03 12:01:23,213 [INFO] IPUIPlugin:80 - create IPUIPlugin
2024-12-03 12:01:23,213 [INFO] PluginManager:220 - loadIPPluginJar : add opamp
2024-12-03 12:01:23,316 [INFO] IPUIPlugin:80 - create IPUIPlugin
2024-12-03 12:01:23,317 [INFO] PluginManager:220 - loadIPPluginJar : add openamp
2024-12-03 12:01:23,395 [INFO] IPUIPlugin:80 - create IPUIPlugin
2024-12-03 12:01:23,395 [INFO] PluginManager:220 - loadIPPluginJar : add pdm2pcm
2024-12-03 12:01:23,418 [INFO] IPUIPlugin:80 - create IPUIPlugin
2024-12-03 12:01:23,423 [INFO] PluginManager:220 - loadIPPluginJar : add plateformsettings
2024-12-03 12:01:23,481 [INFO] IPUIPlugin:80 - create IPUIPlugin
2024-12-03 12:01:23,481 [INFO] PluginManager:220 - loadIPPluginJar : add quadspi
2024-12-03 12:01:23,553 [INFO] IPUIPlugin:80 - create IPUIPlugin
2024-12-03 12:01:23,555 [INFO] PluginManager:220 - loadIPPluginJar : add radio
2024-12-03 12:01:23,591 [INFO] IPUIPlugin:80 - create IPUIPlugin
2024-12-03 12:01:23,591 [INFO] PluginManager:220 - loadIPPluginJar : add resmgrutility
2024-12-03 12:01:23,709 [INFO] IPUIPlugin:80 - create IPUIPlugin
2024-12-03 12:01:23,709 [INFO] PluginManager:220 - loadIPPluginJar : add sai
2024-12-03 12:01:23,811 [INFO] IPUIPlugin:80 - create IPUIPlugin
2024-12-03 12:01:23,812 [INFO] PluginManager:220 - loadIPPluginJar : add spi
2024-12-03 12:01:24,008 [INFO] IPUIPlugin:80 - create IPUIPlugin
2024-12-03 12:01:24,009 [INFO] PluginManager:220 - loadIPPluginJar : add stm32_wpan
2024-12-03 12:01:24,074 [INFO] IPUIPlugin:80 - create IPUIPlugin
2024-12-03 12:01:24,075 [INFO] PluginManager:220 - loadIPPluginJar : add tim
2024-12-03 12:01:24,192 [INFO] IPUIPlugin:80 - create IPUIPlugin
2024-12-03 12:01:24,192 [INFO] PluginManager:220 - loadIPPluginJar : add touchsensing
2024-12-03 12:01:24,232 [INFO] IPUIPlugin:80 - create IPUIPlugin
2024-12-03 12:01:24,232 [INFO] PluginManager:220 - loadIPPluginJar : add tracer_emb
2024-12-03 12:01:24,271 [INFO] IPUIPlugin:80 - create IPUIPlugin
2024-12-03 12:01:24,271 [INFO] PluginManager:220 - loadIPPluginJar : add ts
2024-12-03 12:01:24,315 [INFO] IPUIPlugin:80 - create IPUIPlugin
2024-12-03 12:01:24,315 [INFO] PluginManager:220 - loadIPPluginJar : add tsc
2024-12-03 12:01:24,360 [INFO] IPUIPlugin:80 - create IPUIPlugin
2024-12-03 12:01:24,361 [INFO] PluginManager:220 - loadIPPluginJar : add ucpd
2024-12-03 12:01:24,459 [INFO] IPUIPlugin:80 - create IPUIPlugin
2024-12-03 12:01:24,459 [INFO] PluginManager:220 - loadIPPluginJar : add usart
2024-12-03 12:01:24,531 [INFO] IPUIPlugin:80 - create IPUIPlugin
2024-12-03 12:01:24,531 [INFO] PluginManager:220 - loadIPPluginJar : add usbx
2024-12-03 12:01:24,758 [INFO] CADModel:165 - CPN selected for project level
2024-12-03 12:01:24,758 [INFO] CADModel:114 - Register for checkConnection events
2024-12-03 12:01:24,760 [FATAL] Updater:334 - Updater called before beeing initialized
2024-12-03 12:01:24,760 [ERROR] CADModel:125 - Updater not yet initialized, retry later 
2024-12-03 12:01:25,236 [INFO] CADModel:165 - CPN selected for project level
2024-12-03 12:01:25,236 [INFO] CADModel:114 - Register for checkConnection events
2024-12-03 12:01:25,236 [FATAL] Updater:334 - Updater called before beeing initialized
2024-12-03 12:01:25,236 [ERROR] CADModel:125 - Updater not yet initialized, retry later 
2024-12-03 12:01:25,242 [FATAL] Updater:334 - Updater called before beeing initialized
2024-12-03 12:01:25,581 [FATAL] Updater:334 - Updater called before beeing initialized
2024-12-03 12:01:25,596 [INFO] DbMcusAds:53 - JSON generation date=Fri Sep 20 22:04:38 KST 2024 (1726837478367)
2024-12-03 12:01:25,596 [FATAL] Updater:334 - Updater called before beeing initialized
2024-12-03 12:01:25,669 [INFO] ThirdPartyUpdaterWithRetryManager:70 - Updater plugin not ready yet. [3/15]
2024-12-03 12:01:25,690 [WARN] DetailPanel:346 - Failed to get advertising image, set to default
2024-12-03 12:01:25,927 [FATAL] Updater:334 - Updater called before beeing initialized
2024-12-03 12:01:25,932 [FATAL] Updater:334 - Updater called before beeing initialized
2024-12-03 12:01:25,932 [FATAL] Updater:334 - Updater called before beeing initialized
2024-12-03 12:01:25,932 [WARN] DetailPanel:346 - Failed to get advertising image, set to default
2024-12-03 12:01:25,934 [FATAL] Updater:334 - Updater called before beeing initialized
2024-12-03 12:01:26,099 [ERROR] Updater:1164 - MainUpdater not yet initialized. External WinMGr cannot be set.
2024-12-03 12:01:26,114 [INFO] Updater:1100 - Updater Version found : 6.12.0
2024-12-03 12:01:26,134 [INFO] ApplicationProperties:184 - Using Application install path: C:\ST\STM32CubeIDE_1.16.0\STM32CubeIDE\plugins\com.st.stm32cube.common.mx_6.12.0.202406281431
2024-12-03 12:01:27,756 [ERROR] LogOutputStream:75 - [STDERR_REDIRECT] Dec 03, 2024 12:01:27 PM java.util.prefs.WindowsPreferences <init>
2024-12-03 12:01:27,765 [ERROR] LogOutputStream:75 - [STDERR_REDIRECT] WARNING: Could not open/create prefs root node Software\JavaSoft\Prefs at root 0xffffffff80000002. Windows RegCreateKeyEx(...) returned error code 5.
2024-12-03 12:01:27,766 [ERROR] LogOutputStream:75 - [STDERR_REDIRECT] 
2024-12-03 12:01:28,204 [INFO] MainUpdater:2873 - connection check result : 22
2024-12-03 12:01:28,205 [INFO] MainUpdater:290 - Updater Check For Update Now.
2024-12-03 12:01:28,206 [INFO] MicroXplorer:498 - Change Database Version : DB.6.0.120
2024-12-03 12:01:28,233 [INFO] McuFinderGlobals:63 - Set McuFinder mode to 2 (CubeIDE integrated)
2024-12-03 12:01:28,247 [INFO] UserAuth:417 - Internet connection configuration mode: 2
2024-12-03 12:01:28,259 [INFO] UserAuth:417 - Internet connection configuration mode: 2
2024-12-03 12:01:28,671 [WARN] MainUpdater:1194 - Updater busy. Cannot search thirdparties
2024-12-03 12:01:28,671 [INFO] ThirdPartyUpdaterWithRetryManager:96 - Updater plugin is busy. [1/15]
2024-12-03 12:01:28,771 [INFO] CheckServerUpdateThread:120 - End of CheckServer Thread
2024-12-03 12:01:32,258 [WARN] PackLoader:240 - Cannot read IP mode file for STMicroelectronics.FP-SNS-MOTENVWB1.1.4.0
2024-12-03 12:01:32,287 [WARN] PackLoader:240 - Cannot read IP mode file for STMicroelectronics.FP-ATR-ASTRA1.2.0.1
2024-12-03 12:01:32,313 [WARN] PackLoader:240 - Cannot read IP mode file for STMicroelectronics.X-CUBE-SMBUS.2.1.0
2024-12-03 12:01:32,344 [WARN] PackLoader:240 - Cannot read IP mode file for STMicroelectronics.X-CUBE-WB05N.1.1.0
2024-12-03 12:01:32,418 [WARN] PackLoader:240 - Cannot read IP mode file for STMicroelectronics.X-CUBE-AZRTOS-F7.1.1.0
2024-12-03 12:01:32,580 [WARN] PackLoader:240 - Cannot read IP mode file for STMicroelectronics.X-CUBE-MEMS1.11.0.0
2024-12-03 12:01:32,980 [WARN] PackLoader:240 - Cannot read IP mode file for STMicroelectronics.FP-SNS-FLIGHT1.5.0.2
2024-12-03 12:01:33,008 [WARN] PackLoader:240 - Cannot read IP mode file for STMicroelectronics.X-CUBE-DISPLAY.3.0.0
2024-12-03 12:01:33,036 [WARN] PackLoader:240 - Cannot read IP mode file for STMicroelectronics.X-CUBE-BLE1.7.0.0
2024-12-03 12:01:33,068 [WARN] PackLoader:240 - Cannot read IP mode file for STMicroelectronics.X-CUBE-NFC10.1.0.0
2024-12-03 12:01:33,098 [WARN] PackLoader:240 - Cannot read IP mode file for emotas.I-CUBE-CANOPEN.1.3.0
2024-12-03 12:01:33,133 [WARN] PackLoader:240 - Cannot read IP mode file for STMicroelectronics.X-CUBE-BLEMGR.3.1.0
2024-12-03 12:01:33,157 [WARN] PackLoader:240 - Cannot read IP mode file for STMicroelectronics.FP-SNS-SMARTAG2.1.2.0
2024-12-03 12:01:33,195 [INFO] LogOutputStream:77 - [STDOUT_REDIRECT] 1 : Invalid condition id : UX_CORESTACK_Condition cause : null
2024-12-03 12:01:33,196 [INFO] LogOutputStream:77 - [STDOUT_REDIRECT] 1 : Invalid condition id : UX_CORESTACK_Condition cause : null
2024-12-03 12:01:33,199 [INFO] LogOutputStream:77 - [STDOUT_REDIRECT] 1 : Invalid condition id : UX_CORESTACK_Condition cause : null
2024-12-03 12:01:33,201 [INFO] LogOutputStream:77 - [STDOUT_REDIRECT] 1 : Invalid condition id : UX_CORESTACK_Condition cause : null
2024-12-03 12:01:33,204 [INFO] LogOutputStream:77 - [STDOUT_REDIRECT] 1 : Invalid condition id : UX_CORESTACK_Condition cause : null
2024-12-03 12:01:33,210 [WARN] PackLoader:240 - Cannot read IP mode file for STMicroelectronics.X-CUBE-AZRTOS-WL.2.0.0
2024-12-03 12:01:33,239 [WARN] PackLoader:240 - Cannot read IP mode file for STMicroelectronics.FP-SNS-MOTENV1.5.0.0
2024-12-03 12:01:33,257 [WARN] PackLoader:240 - Cannot read IP mode file for wolfSSL.I-CUBE-wolfMQTT.1.19.0
2024-12-03 12:01:33,277 [WARN] PackLoader:240 - Cannot read IP mode file for WES.I-CUBE-Cesium.1.3.0
2024-12-03 12:01:33,296 [WARN] PackLoader:240 - Cannot read IP mode file for STMicroelectronics.X-CUBE-BLE2.3.3.0
2024-12-03 12:01:33,321 [WARN] PackLoader:240 - Cannot read IP mode file for STMicroelectronics.X-CUBE-NFC9.1.0.0
2024-12-03 12:01:33,346 [WARN] PackLoader:240 - Cannot read IP mode file for STMicroelectronics.X-CUBE-TCPP.4.1.0
2024-12-03 12:01:33,416 [WARN] PackLoader:240 - Cannot read IP mode file for STMicroelectronics.X-CUBE-AZRTOS-G0.1.1.0
2024-12-03 12:01:33,458 [WARN] PackLoader:240 - Cannot read IP mode file for STMicroelectronics.X-CUBE-SAFEA1.1.2.2
2024-12-03 12:01:33,486 [WARN] PackLoader:240 - Cannot read IP mode file for STMicroelectronics.X-CUBE-NFC4.3.0.0
2024-12-03 12:01:33,526 [WARN] PackLoader:240 - Cannot read IP mode file for EmbeddedOffice.I-CUBE-FS-RTOS.1.0.1
2024-12-03 12:01:33,527 [ERROR] ConditionMgr:805 - Attr not supported : Dmpu
2024-12-03 12:01:33,528 [ERROR] ConditionMgr:805 - Attr not supported : Dmpu
2024-12-03 12:01:33,529 [ERROR] ConditionMgr:805 - Attr not supported : Dmpu
2024-12-03 12:01:33,529 [ERROR] ConditionMgr:805 - Attr not supported : Dmpu
2024-12-03 12:01:33,529 [ERROR] ConditionMgr:805 - Attr not supported : Dmpu
2024-12-03 12:01:33,529 [ERROR] ConditionMgr:805 - Attr not supported : Dmpu
2024-12-03 12:01:33,529 [ERROR] ConditionMgr:805 - Attr not supported : Dmpu
2024-12-03 12:01:33,529 [ERROR] ConditionMgr:805 - Attr not supported : Dmpu
2024-12-03 12:01:33,529 [ERROR] ConditionMgr:805 - Attr not supported : Dmpu
2024-12-03 12:01:33,530 [ERROR] ConditionMgr:805 - Attr not supported : Dmpu
2024-12-03 12:01:33,531 [ERROR] ConditionMgr:805 - Attr not supported : Dmpu
2024-12-03 12:01:33,531 [ERROR] ConditionMgr:805 - Attr not supported : Dmpu
2024-12-03 12:01:33,532 [ERROR] ConditionMgr:805 - Attr not supported : Dmpu
2024-12-03 12:01:33,533 [ERROR] ConditionMgr:805 - Attr not supported : Dmpu
2024-12-03 12:01:33,533 [ERROR] ConditionMgr:805 - Attr not supported : Dmpu
2024-12-03 12:01:33,533 [ERROR] ConditionMgr:805 - Attr not supported : Dmpu
2024-12-03 12:01:33,533 [ERROR] ConditionMgr:805 - Attr not supported : Dmpu
2024-12-03 12:01:33,533 [ERROR] ConditionMgr:805 - Attr not supported : Dmpu
2024-12-03 12:01:33,533 [ERROR] ConditionMgr:805 - Attr not supported : Dmpu
2024-12-03 12:01:33,533 [ERROR] ConditionMgr:805 - Attr not supported : Dmpu
2024-12-03 12:01:33,534 [ERROR] ConditionMgr:805 - Attr not supported : Dmpu
2024-12-03 12:01:33,534 [ERROR] ConditionMgr:805 - Attr not supported : Dmpu
2024-12-03 12:01:33,538 [ERROR] ConditionMgr:805 - Attr not supported : Dmpu
2024-12-03 12:01:33,538 [ERROR] ConditionMgr:805 - Attr not supported : Dmpu
2024-12-03 12:01:33,538 [ERROR] ConditionMgr:805 - Attr not supported : Dmpu
2024-12-03 12:01:33,538 [ERROR] ConditionMgr:805 - Attr not supported : Dmpu
2024-12-03 12:01:33,538 [ERROR] ConditionMgr:805 - Attr not supported : Dmpu
2024-12-03 12:01:33,538 [ERROR] ConditionMgr:805 - Attr not supported : Dmpu
2024-12-03 12:01:33,539 [ERROR] ConditionMgr:805 - Attr not supported : Dmpu
2024-12-03 12:01:33,539 [ERROR] ConditionMgr:805 - Attr not supported : Dmpu
2024-12-03 12:01:33,539 [ERROR] ConditionMgr:805 - Attr not supported : Dmpu
2024-12-03 12:01:33,539 [ERROR] ConditionMgr:805 - Attr not supported : Dmpu
2024-12-03 12:01:33,539 [ERROR] ConditionMgr:805 - Attr not supported : Dmpu
2024-12-03 12:01:33,539 [ERROR] ConditionMgr:805 - Attr not supported : Dmpu
2024-12-03 12:01:33,539 [ERROR] ConditionMgr:805 - Attr not supported : Dmpu
2024-12-03 12:01:33,539 [ERROR] ConditionMgr:805 - Attr not supported : Dmpu
2024-12-03 12:01:33,539 [ERROR] ConditionMgr:805 - Attr not supported : Dmpu
2024-12-03 12:01:33,540 [ERROR] ConditionMgr:805 - Attr not supported : Dmpu
2024-12-03 12:01:33,540 [ERROR] ConditionMgr:805 - Attr not supported : Dmpu
2024-12-03 12:01:33,540 [ERROR] ConditionMgr:805 - Attr not supported : Dmpu
2024-12-03 12:01:33,540 [ERROR] ConditionMgr:805 - Attr not supported : Dmpu
2024-12-03 12:01:33,540 [ERROR] ConditionMgr:805 - Attr not supported : Dmpu
2024-12-03 12:01:33,540 [ERROR] ConditionMgr:805 - Attr not supported : Dmpu
2024-12-03 12:01:33,540 [ERROR] ConditionMgr:805 - Attr not supported : Dmpu
2024-12-03 12:01:33,540 [ERROR] ConditionMgr:805 - Attr not supported : Dmpu
2024-12-03 12:01:33,541 [ERROR] ConditionMgr:805 - Attr not supported : Dmpu
2024-12-03 12:01:33,541 [ERROR] ConditionMgr:805 - Attr not supported : Dmpu
2024-12-03 12:01:33,541 [ERROR] ConditionMgr:805 - Attr not supported : Dmpu
2024-12-03 12:01:33,541 [ERROR] ConditionMgr:805 - Attr not supported : Dmpu
2024-12-03 12:01:33,541 [ERROR] ConditionMgr:805 - Attr not supported : Dmpu
2024-12-03 12:01:33,541 [ERROR] ConditionMgr:805 - Attr not supported : Dmpu
2024-12-03 12:01:33,541 [ERROR] ConditionMgr:805 - Attr not supported : Dmpu
2024-12-03 12:01:33,542 [ERROR] ConditionMgr:805 - Attr not supported : Dmpu
2024-12-03 12:01:33,542 [ERROR] ConditionMgr:805 - Attr not supported : Dmpu
2024-12-03 12:01:33,542 [ERROR] ConditionMgr:805 - Attr not supported : Dmpu
2024-12-03 12:01:33,542 [ERROR] ConditionMgr:805 - Attr not supported : Dmpu
2024-12-03 12:01:33,542 [ERROR] ConditionMgr:805 - Attr not supported : Dmpu
2024-12-03 12:01:33,542 [ERROR] ConditionMgr:805 - Attr not supported : Dmpu
2024-12-03 12:01:33,542 [ERROR] ConditionMgr:805 - Attr not supported : Dmpu
2024-12-03 12:01:33,542 [ERROR] ConditionMgr:805 - Attr not supported : Dmpu
2024-12-03 12:01:33,543 [ERROR] ConditionMgr:805 - Attr not supported : Dmpu
2024-12-03 12:01:33,543 [ERROR] ConditionMgr:805 - Attr not supported : Dmpu
2024-12-03 12:01:33,543 [ERROR] ConditionMgr:805 - Attr not supported : Dmpu
2024-12-03 12:01:33,543 [ERROR] ConditionMgr:805 - Attr not supported : Dmpu
2024-12-03 12:01:33,582 [WARN] PackLoader:240 - Cannot read IP mode file for RealThread.X-CUBE-RT-Thread_Nano.4.1.1
2024-12-03 12:01:33,607 [WARN] PackLoader:240 - Cannot read IP mode file for STMicroelectronics.FP-ATR-SIGFOX1.3.2.0
2024-12-03 12:01:33,629 [WARN] PackLoader:240 - Cannot read IP mode file for wolfSSL.I-CUBE-wolfSSL.5.7.2
2024-12-03 12:01:33,652 [WARN] ConditionMgr:438 - getConditionDescription Invalid condition id : Cortex-A Device cause : null
2024-12-03 12:01:33,698 [WARN] ConditionMgr:1039 - genDependencies : Invalid condition id : Cortex-A Device cause : null
2024-12-03 12:01:33,698 [WARN] ConditionMgr:1039 - genDependencies : Invalid condition id : Cortex-A Device cause : null
2024-12-03 12:01:33,698 [WARN] ConditionMgr:1039 - genDependencies : Invalid condition id : Cortex-A Device cause : null
2024-12-03 12:01:33,731 [WARN] PackLoader:240 - Cannot read IP mode file for STMicroelectronics.X-CUBE-EEPRMA1.5.1.0
2024-12-03 12:01:33,802 [WARN] PackLoader:240 - Cannot read IP mode file for ITTIA_DB.I-CUBE-ITTIADB.8.9.0
2024-12-03 12:01:33,906 [WARN] PackLoader:240 - Cannot read IP mode file for SEGGER.I-CUBE-embOS.1.3.1
2024-12-03 12:01:33,988 [WARN] PackLoader:240 - Cannot read IP mode file for STMicroelectronics.X-CUBE-ALGOBUILD.1.4.0
2024-12-03 12:01:34,009 [WARN] PackLoader:240 - Cannot read IP mode file for STMicroelectronics.X-CUBE-GNSS1.6.0.0
2024-12-03 12:01:34,059 [WARN] PackLoader:240 - Cannot read IP mode file for STMicroelectronics.X-CUBE-AZRTOS-F4.1.1.0
2024-12-03 12:01:34,087 [WARN] PackLoader:240 - Cannot read IP mode file for STMicroelectronics.X-CUBE-ISPU.2.1.0
2024-12-03 12:01:34,113 [WARN] PackLoader:240 - Cannot read IP mode file for STMicroelectronics.X-CUBE-FREERTOS.1.2.0
2024-12-03 12:01:34,174 [WARN] PackLoader:240 - Cannot read IP mode file for STMicroelectronics.X-CUBE-AZRTOS-L5.2.0.0
2024-12-03 12:01:34,201 [WARN] PackLoader:240 - Cannot read IP mode file for STMicroelectronics.X-CUBE-NFC6.3.1.0
2024-12-03 12:01:34,227 [WARN] PackLoader:240 - Cannot read IP mode file for STMicroelectronics.X-CUBE-DPower.1.2.0
2024-12-03 12:01:34,254 [WARN] PackLoader:240 - Cannot read IP mode file for STMicroelectronics.X-CUBE-AI.9.0.0
2024-12-03 12:01:34,282 [WARN] PackLoader:240 - Cannot read IP mode file for STMicroelectronics.X-CUBE-NFC7.1.0.1
2024-12-03 12:01:34,301 [WARN] PackLoader:240 - Cannot read IP mode file for wolfSSL.I-CUBE-wolfTPM.3.2.0
2024-12-03 12:01:34,358 [WARN] ConditionMgr:438 - getConditionDescription Invalid condition id : LAN8742 Phy interface Condition cause : null
2024-12-03 12:01:34,359 [WARN] PackLoader:240 - Cannot read IP mode file for STMicroelectronics.X-CUBE-AZRTOS-L4.2.0.0
2024-12-03 12:01:34,361 [WARN] ConditionMgr:1039 - genDependencies : Invalid condition id : LAN8742 Phy interface Condition cause : null
2024-12-03 12:01:34,362 [WARN] ConditionMgr:1039 - genDependencies : Invalid condition id : LAN8742 Phy interface Condition cause : null
2024-12-03 12:01:34,363 [WARN] ConditionMgr:1039 - genDependencies : Invalid condition id : LAN8742 Phy interface Condition cause : null
2024-12-03 12:01:34,394 [WARN] PackLoader:240 - Cannot read IP mode file for STMicroelectronics.X-CUBE-SFXS2LP1.4.0.0
2024-12-03 12:01:34,456 [WARN] PackLoader:240 - Cannot read IP mode file for STMicroelectronics.X-CUBE-AZRTOS-H7.3.3.0
2024-12-03 12:01:34,497 [WARN] PackLoader:240 - Cannot read IP mode file for STMicroelectronics.X-CUBE-IPS.3.0.0
2024-12-03 12:01:34,551 [WARN] ConditionMgr:438 - getConditionDescription Invalid condition id : UX DEVICE CLASS RTOS Condition cause : null
2024-12-03 12:01:34,551 [WARN] ConditionMgr:438 - getConditionDescription Invalid condition id : UX DEVICE CLASS RTOS Condition cause : null
2024-12-03 12:01:34,555 [WARN] PackLoader:240 - Cannot read IP mode file for STMicroelectronics.X-CUBE-AZRTOS-WB.2.0.0
2024-12-03 12:01:34,556 [WARN] ConditionMgr:1039 - genDependencies : Invalid condition id : UX DEVICE CLASS RTOS Condition cause : null
2024-12-03 12:01:34,556 [WARN] ConditionMgr:1039 - genDependencies : Invalid condition id : UX DEVICE CLASS RTOS Condition cause : null
2024-12-03 12:01:34,557 [WARN] ConditionMgr:1039 - genDependencies : Invalid condition id : UX DEVICE CLASS RTOS Condition cause : null
2024-12-03 12:01:34,558 [WARN] ConditionMgr:1039 - genDependencies : Invalid condition id : UX DEVICE CLASS RTOS Condition cause : null
2024-12-03 12:01:34,558 [WARN] ConditionMgr:1039 - genDependencies : Invalid condition id : UX DEVICE CLASS RTOS Condition cause : null
2024-12-03 12:01:34,588 [WARN] PackLoader:240 - Cannot read IP mode file for STMicroelectronics.X-CUBE-GNSS1.7.0.0
2024-12-03 12:01:34,618 [WARN] PackLoader:240 - Cannot read IP mode file for STMicroelectronics.FP-SNS-STBOX1.2.0.0
2024-12-03 12:01:34,651 [WARN] PackLoader:240 - Cannot read IP mode file for STMicroelectronics.X-CUBE-SUBG2.5.0.0
2024-12-03 12:01:34,675 [WARN] PackLoader:240 - Cannot read IP mode file for Cesanta.I-CUBE-Mongoose.7.13.0
2024-12-03 12:01:34,709 [WARN] PackLoader:240 - Cannot read IP mode file for STMicroelectronics.X-CUBE-AZRTOS-G4.2.0.0
2024-12-03 12:01:34,732 [WARN] PackLoader:240 - Cannot read IP mode file for STMicroelectronics.X-CUBE-ISPU.2.0.0
2024-12-03 12:01:34,750 [WARN] PackLoader:240 - Cannot read IP mode file for STMicroelectronics.X-CUBE-ALS.1.0.2
2024-12-03 12:01:34,844 [WARN] PackLoader:240 - Cannot read IP mode file for STMicroelectronics.X-CUBE-MEMS1.10.0.0
2024-12-03 12:01:35,036 [WARN] PackLoader:240 - Cannot read IP mode file for STMicroelectronics.X-CUBE-TOUCHGFX.4.24.0
2024-12-03 12:01:35,053 [WARN] PackLoader:240 - Cannot read IP mode file for STMicroelectronics.X-CUBE-TOUCHGFX.4.24.1
2024-12-03 12:01:35,073 [WARN] PackLoader:240 - Cannot read IP mode file for portGmbH.I-Cube-SoM-uGOAL.1.1.0
2024-12-03 12:01:35,125 [WARN] PackLoader:240 - Cannot read IP mode file for STMicroelectronics.X-CUBE-AZRTOS-H7RS.1.0.0
2024-12-03 12:01:35,148 [WARN] PackLoader:240 - Cannot read IP mode file for STMicroelectronics.FP-ATR-ASTRA1.2.0.0
2024-12-03 12:01:35,183 [WARN] PackLoader:240 - Cannot read IP mode file for STMicroelectronics.X-CUBE-TOF1.3.4.2
2024-12-03 12:01:35,231 [WARN] PackLoader:240 - Cannot read IP mode file for STMicroelectronics.X-CUBE-TOF1.3.4.1
2024-12-03 12:01:35,306 [WARN] PackLoader:240 - Cannot read IP mode file for STMicroelectronics.X-CUBE-AZRTOS-H7.3.2.0
2024-12-03 12:01:35,365 [WARN] PackLoader:240 - Cannot read IP mode file for Infineon.AIROC-Wi-Fi-Bluetooth-STM32.1.6.0
2024-12-03 12:01:35,393 [WARN] PackLoader:240 - Cannot read IP mode file for wolfSSL.I-CUBE-wolfSSH.1.4.17
2024-12-03 12:01:35,394 [INFO] ThirdParty:978 - Integrity check success = true
2024-12-03 12:01:35,394 [INFO] IntegrityCheckThread:100 - exiting critical section [integrity check]
2024-12-03 12:01:35,394 [INFO] IntegrityCheckThread:103 - End integrity checks thread
2024-12-03 13:24:55,049 [INFO] Activator:176 - 


2024-12-03 13:24:55,052 [INFO] Activator:177 - !SESSION log4j initialized
2024-12-03 13:25:11,007 [INFO] LogOutputStream:77 - [STDOUT_REDIRECT] 
2024-12-03 13:25:20,611 [INFO] ApplicationProperties:184 - Using Application install path: C:\ST\STM32CubeIDE_1.16.0\STM32CubeIDE\plugins\com.st.stm32cube.common.mx_6.12.0.202406281431
2024-12-03 13:25:20,642 [INFO] DbMcusXml:78 - Set database path to: C:\ST\STM32CubeIDE_1.16.0\STM32CubeIDE\plugins\com.st.stm32cube.common.mx_6.12.0.202406281431\\db\/mcu/
2024-12-03 13:25:20,642 [INFO] ApiDb:274 - Set plugin database path to: C:\ST\STM32CubeIDE_1.16.0\STM32CubeIDE\plugins\com.st.stm32cube.common.mx_6.12.0.202406281431\\db\/plugins/boardmanager/
2024-12-03 13:25:20,643 [WARN] ApiDb:259 - Overriding images path with different value:  => C:\ST\STM32CubeIDE_1.16.0\STM32CubeIDE\plugins\com.st.stm32cube.common.mx_6.12.0.202406281431\\db\/plugins/mcufinder/images/
2024-12-03 13:25:20,661 [INFO] ApiDb:250 - Set database path to: C:\Users\user\.stmcufinder\plugins\mcufinder//mcu/
2024-12-03 13:25:20,662 [INFO] DbMcusAds:125 - Set database path to: C:\Users\user\.stmcufinder\plugins\mcufinder//mcu/
2024-12-03 13:25:20,667 [INFO] CrossReferenceDbSqlite:203 - Set database path to: C:\Users\user\.stmcufinder\plugins\mcufinder//mcu/cs/
2024-12-03 13:25:20,909 [INFO] RulesReader:64 - Compatibility file has been processed (297 Rules)
2024-12-03 13:25:21,089 [INFO] DbMcusXml:78 - Set database path to: C:\ST\STM32CubeIDE_1.16.0\STM32CubeIDE\plugins\com.st.stm32cube.common.mx_6.12.0.202406281431\\db\/mcu/
2024-12-03 13:25:21,089 [INFO] ApiDb:274 - Set plugin database path to: C:\ST\STM32CubeIDE_1.16.0\STM32CubeIDE\plugins\com.st.stm32cube.common.mx_6.12.0.202406281431\\db\/plugins/boardmanager/
2024-12-03 13:25:21,090 [INFO] ApiDb:261 - Set plugin images path to: C:\ST\STM32CubeIDE_1.16.0\STM32CubeIDE\plugins\com.st.stm32cube.common.mx_6.12.0.202406281431\\db\/plugins/mcufinder/images/
2024-12-03 13:25:21,090 [WARN] DbFile:41 - Overriding database path with different value: C:\Users\user\.stmcufinder\plugins\mcufinder/ => C:\Users\user\.stmcufinder\plugins\mcufinder
2024-12-03 13:25:21,090 [INFO] ApiDb:250 - Set database path to: C:\Users\user\.stmcufinder\plugins\mcufinder//mcu/
2024-12-03 13:25:21,090 [WARN] DbFile:41 - Overriding database path with different value: C:\Users\user\.stmcufinder\plugins\mcufinder/ => C:\Users\user\.stmcufinder\plugins\mcufinder
2024-12-03 13:25:21,091 [INFO] DbMcusAds:125 - Set database path to: C:\Users\user\.stmcufinder\plugins\mcufinder//mcu/
2024-12-03 13:25:21,091 [WARN] DbFile:41 - Overriding database path with different value: C:\Users\user\.stmcufinder\plugins\mcufinder/ => C:\Users\user\.stmcufinder\plugins\mcufinder
2024-12-03 13:25:21,091 [WARN] DbFile:41 - Overriding database path with different value: C:\Users\user\.stmcufinder\plugins\mcufinder/ => C:\Users\user\.stmcufinder\plugins\mcufinder
2024-12-03 13:25:21,091 [INFO] CrossReferenceDbSqlite:203 - Set database path to: C:\Users\user\.stmcufinder\plugins\mcufinder//mcu/cs/
2024-12-03 13:25:21,232 [INFO] MainPanel:268 - HeapMemory: 268435456
2024-12-03 13:25:21,467 [INFO] DbMcusXml:78 - Set database path to: C:\ST\STM32CubeIDE_1.16.0\STM32CubeIDE\plugins\com.st.stm32cube.common.mx_6.12.0.202406281431\\db\/mcu/
2024-12-03 13:25:21,467 [INFO] ApiDb:274 - Set plugin database path to: C:\ST\STM32CubeIDE_1.16.0\STM32CubeIDE\plugins\com.st.stm32cube.common.mx_6.12.0.202406281431\\db\/plugins/boardmanager/
2024-12-03 13:25:21,468 [INFO] ApiDb:261 - Set plugin images path to: C:\ST\STM32CubeIDE_1.16.0\STM32CubeIDE\plugins\com.st.stm32cube.common.mx_6.12.0.202406281431\\db\/plugins/mcufinder/images/
2024-12-03 13:25:21,469 [WARN] DbFile:41 - Overriding database path with different value: C:\Users\user\.stmcufinder\plugins\mcufinder/ => C:\Users\user\.stmcufinder\plugins\mcufinder
2024-12-03 13:25:21,469 [INFO] ApiDb:250 - Set database path to: C:\Users\user\.stmcufinder\plugins\mcufinder//mcu/
2024-12-03 13:25:21,469 [WARN] DbFile:41 - Overriding database path with different value: C:\Users\user\.stmcufinder\plugins\mcufinder/ => C:\Users\user\.stmcufinder\plugins\mcufinder
2024-12-03 13:25:21,469 [INFO] DbMcusAds:125 - Set database path to: C:\Users\user\.stmcufinder\plugins\mcufinder//mcu/
2024-12-03 13:25:21,469 [WARN] DbFile:41 - Overriding database path with different value: C:\Users\user\.stmcufinder\plugins\mcufinder/ => C:\Users\user\.stmcufinder\plugins\mcufinder
2024-12-03 13:25:21,470 [WARN] DbFile:41 - Overriding database path with different value: C:\Users\user\.stmcufinder\plugins\mcufinder/ => C:\Users\user\.stmcufinder\plugins\mcufinder
2024-12-03 13:25:21,470 [INFO] CrossReferenceDbSqlite:203 - Set database path to: C:\Users\user\.stmcufinder\plugins\mcufinder//mcu/cs/
2024-12-03 13:25:21,513 [INFO] ApplicationProperties:184 - Using Application install path: C:\ST\STM32CubeIDE_1.16.0\STM32CubeIDE\plugins\com.st.stm32cube.common.mx_6.12.0.202406281431
2024-12-03 13:25:21,516 [INFO] PluginManage:196 - Search for loadable plugins [exclusion list=, ]
2024-12-03 13:25:21,520 [INFO] PluginManage:310 - Check plugin analytics
2024-12-03 13:25:21,923 [INFO] AnalyticsPlugin:253 - Accepted Software Licenses: 
2024-12-03 13:25:21,924 [INFO] AnalyticsPlugin:255 - Accepted CMSIS Pack Licenses: 
2024-12-03 13:25:21,924 [INFO] AnalyticsPlugin:257 - Accepted Firmware Licenses: 
2024-12-03 13:25:21,929 [INFO] PluginManage:359 - Loaded plugin analytics (category:tool,tabindex:-1)
2024-12-03 13:25:21,930 [INFO] PluginManage:310 - Check plugin cadmodel
2024-12-03 13:25:21,959 [INFO] CADModel:105 - Init CAD model plugin
2024-12-03 13:25:21,959 [INFO] PluginManage:359 - Loaded plugin cadmodel (category:power,tabindex:5)
2024-12-03 13:25:21,959 [INFO] PluginManage:310 - Check plugin clock
2024-12-03 13:25:22,003 [INFO] PluginManage:359 - Loaded plugin clock (category:base,tabindex:2)
2024-12-03 13:25:22,004 [INFO] PluginManage:310 - Check plugin ddr
2024-12-03 13:25:22,009 [INFO] PluginManage:359 - Loaded plugin ddr (category:tool,tabindex:6)
2024-12-03 13:25:22,010 [INFO] PluginManage:310 - Check plugin filemanager
2024-12-03 13:25:22,280 [INFO] PluginManage:359 - Loaded plugin filemanager (category:base,tabindex:10)
2024-12-03 13:25:22,281 [INFO] PluginManage:310 - Check plugin ipmanager
2024-12-03 13:25:22,296 [INFO] PluginManage:359 - Loaded plugin ipmanager (category:base,tabindex:5)
2024-12-03 13:25:22,296 [INFO] PluginManage:310 - Check plugin lpbam
2024-12-03 13:25:22,330 [INFO] PluginManage:359 - Loaded plugin lpbam (category:base,tabindex:0)
2024-12-03 13:25:22,331 [INFO] PluginManage:310 - Check plugin memorymap
2024-12-03 13:25:22,372 [INFO] PluginManage:359 - Loaded plugin memorymap (category:base,tabindex:4)
2024-12-03 13:25:22,372 [INFO] PluginManage:310 - Check plugin pinoutandconfiguration
2024-12-03 13:25:22,399 [INFO] PluginManage:359 - Loaded plugin pinoutandconfiguration (category:base,tabindex:1)
2024-12-03 13:25:22,399 [INFO] PluginManage:310 - Check plugin pinoutconfig
2024-12-03 13:25:22,592 [WARN] SupportedApi:132 - Cannot load RTOS API schema: s4s-elt-must-match.1: The content of 'definitions' must match (annotation?, (simpleType | complexType)?, (unique | key | keyref)*)). A problem was found starting at: attribute.
2024-12-03 13:25:22,863 [INFO] PluginManage:359 - Loaded plugin pinoutconfig (category:base,tabindex:0)
2024-12-03 13:25:22,863 [INFO] PluginManage:310 - Check plugin power
2024-12-03 13:25:22,894 [INFO] PluginManage:359 - Loaded plugin power (category:power,tabindex:4)
2024-12-03 13:25:22,894 [INFO] PluginManage:310 - Check plugin projectmanager
2024-12-03 13:25:22,923 [INFO] PluginManage:359 - Loaded plugin projectmanager (category:projectmanager,tabindex:4)
2024-12-03 13:25:22,923 [INFO] PluginManage:310 - Check plugin rif
2024-12-03 13:25:22,957 [INFO] PluginManage:359 - Loaded plugin rif (category:base,tabindex:3)
2024-12-03 13:25:22,957 [INFO] PluginManage:310 - Check plugin thirdparty
2024-12-03 13:25:23,439 [INFO] PluginManage:359 - Loaded plugin thirdparty (category:base,tabindex:-1)
2024-12-03 13:25:23,440 [INFO] PluginManage:310 - Check plugin tools
2024-12-03 13:25:23,439 [WARN] IntegrityCheckThread:84 - waiting for thirdparty lock release [integrity check]
2024-12-03 13:25:23,441 [INFO] IntegrityCheckThread:86 - entering critical section [integrity check]
2024-12-03 13:25:23,441 [INFO] ThirdPartyUpdaterWithRetryManager:70 - Updater plugin not ready yet. [1/15]
2024-12-03 13:25:23,503 [INFO] PluginManage:359 - Loaded plugin tools (category:base,tabindex:7)
2024-12-03 13:25:23,503 [INFO] PluginManage:310 - Check plugin tutovideos
2024-12-03 13:25:23,858 [INFO] PluginManage:359 - Loaded plugin tutovideos (category:base,tabindex:-1)
2024-12-03 13:25:23,859 [INFO] PluginManage:310 - Check plugin updater
2024-12-03 13:25:23,886 [INFO] PluginManage:359 - Loaded plugin updater (category:base,tabindex:12)
2024-12-03 13:25:23,886 [INFO] PluginManage:310 - Check plugin userauth
2024-12-03 13:25:23,895 [INFO] UserAuth:113 - Init User Auth plugin
2024-12-03 13:25:23,895 [INFO] PluginManage:359 - Loaded plugin userauth (category:base,tabindex:14)
2024-12-03 13:25:23,896 [INFO] PluginManage:283 - PluginManage : Loaded plugins [18]
2024-12-03 13:25:24,303 [INFO] PinOutPanel:1561 - setPackage(No Configuration,No Configuration)
2024-12-03 13:25:24,524 [INFO] CADModel:165 - CPN selected for project level
2024-12-03 13:25:24,525 [INFO] CADModel:114 - Register for checkConnection events
2024-12-03 13:25:24,595 [INFO] IPUIPlugin:80 - create IPUIPlugin
2024-12-03 13:25:24,595 [INFO] PluginManager:220 - loadIPPluginJar : add adc
2024-12-03 13:25:24,685 [INFO] IPUIPlugin:80 - create IPUIPlugin
2024-12-03 13:25:24,686 [INFO] PluginManager:220 - loadIPPluginJar : add aes
2024-12-03 13:25:24,796 [INFO] IPUIPlugin:80 - create IPUIPlugin
2024-12-03 13:25:24,796 [INFO] PluginManager:220 - loadIPPluginJar : add can
2024-12-03 13:25:24,859 [INFO] IPUIPlugin:80 - create IPUIPlugin
2024-12-03 13:25:24,860 [INFO] PluginManager:220 - loadIPPluginJar : add comp
2024-12-03 13:25:24,946 [INFO] IPUIPlugin:80 - create IPUIPlugin
2024-12-03 13:25:24,947 [INFO] PluginManager:220 - loadIPPluginJar : add cryp
2024-12-03 13:25:24,973 [INFO] IPUIPlugin:80 - create IPUIPlugin
2024-12-03 13:25:24,974 [INFO] PluginManager:220 - loadIPPluginJar : add ddr_ctrl_phy
2024-12-03 13:25:25,054 [INFO] IPUIPlugin:80 - create IPUIPlugin
2024-12-03 13:25:25,054 [INFO] PluginManager:220 - loadIPPluginJar : add dfsdm
2024-12-03 13:25:25,089 [INFO] IPUIPlugin:80 - create IPUIPlugin
2024-12-03 13:25:25,090 [INFO] PluginManager:220 - loadIPPluginJar : add dma
2024-12-03 13:25:25,208 [INFO] IPUIPlugin:80 - create IPUIPlugin
2024-12-03 13:25:25,209 [INFO] PluginManager:220 - loadIPPluginJar : add dma3
2024-12-03 13:25:25,321 [INFO] IPUIPlugin:80 - create IPUIPlugin
2024-12-03 13:25:25,322 [INFO] PluginManager:220 - loadIPPluginJar : add extmemmanager
2024-12-03 13:25:25,376 [INFO] IPUIPlugin:80 - create IPUIPlugin
2024-12-03 13:25:25,377 [INFO] PluginManager:220 - loadIPPluginJar : add fatfs
2024-12-03 13:25:25,517 [INFO] IPUIPlugin:80 - create IPUIPlugin
2024-12-03 13:25:25,517 [INFO] PluginManager:220 - loadIPPluginJar : add fmc
2024-12-03 13:25:25,552 [INFO] IPUIPlugin:80 - create IPUIPlugin
2024-12-03 13:25:25,552 [INFO] PluginManager:220 - loadIPPluginJar : add freertos
2024-12-03 13:25:25,611 [INFO] IPUIPlugin:80 - create IPUIPlugin
2024-12-03 13:25:25,611 [INFO] PluginManager:220 - loadIPPluginJar : add genericplugin
2024-12-03 13:25:25,820 [INFO] IPUIPlugin:80 - create IPUIPlugin
2024-12-03 13:25:25,820 [INFO] PluginManager:220 - loadIPPluginJar : add gfxmmu
2024-12-03 13:25:26,159 [INFO] IPUIPlugin:80 - create IPUIPlugin
2024-12-03 13:25:26,159 [INFO] PluginManager:220 - loadIPPluginJar : add gic
2024-12-03 13:25:26,182 [INFO] IPUIPlugin:80 - create IPUIPlugin
2024-12-03 13:25:26,183 [INFO] PluginManager:220 - loadIPPluginJar : add gpio
2024-12-03 13:25:26,338 [INFO] IPUIPlugin:80 - create IPUIPlugin
2024-12-03 13:25:26,338 [INFO] PluginManager:220 - loadIPPluginJar : add gtzc
2024-12-03 13:25:26,407 [INFO] IPUIPlugin:80 - create IPUIPlugin
2024-12-03 13:25:26,407 [INFO] PluginManager:220 - loadIPPluginJar : add hash
2024-12-03 13:25:26,443 [INFO] ThirdPartyUpdaterWithRetryManager:70 - Updater plugin not ready yet. [2/15]
2024-12-03 13:25:26,504 [INFO] IPUIPlugin:80 - create IPUIPlugin
2024-12-03 13:25:26,504 [INFO] PluginManager:220 - loadIPPluginJar : add i2c
2024-12-03 13:25:26,571 [INFO] IPUIPlugin:80 - create IPUIPlugin
2024-12-03 13:25:26,571 [INFO] PluginManager:220 - loadIPPluginJar : add i2s
2024-12-03 13:25:26,642 [INFO] IPUIPlugin:80 - create IPUIPlugin
2024-12-03 13:25:26,643 [INFO] PluginManager:220 - loadIPPluginJar : add i3c
2024-12-03 13:25:26,860 [INFO] IPUIPlugin:80 - create IPUIPlugin
2024-12-03 13:25:26,861 [INFO] PluginManager:220 - loadIPPluginJar : add ipddr
2024-12-03 13:25:27,015 [INFO] IPUIPlugin:80 - create IPUIPlugin
2024-12-03 13:25:27,015 [INFO] PluginManager:220 - loadIPPluginJar : add linkedlist
2024-12-03 13:25:27,077 [INFO] IPUIPlugin:80 - create IPUIPlugin
2024-12-03 13:25:27,077 [INFO] PluginManager:220 - loadIPPluginJar : add lorawan
2024-12-03 13:25:27,144 [INFO] IPUIPlugin:80 - create IPUIPlugin
2024-12-03 13:25:27,144 [INFO] PluginManager:220 - loadIPPluginJar : add ltdc
2024-12-03 13:25:27,168 [INFO] IPUIPlugin:80 - create IPUIPlugin
2024-12-03 13:25:27,168 [INFO] PluginManager:220 - loadIPPluginJar : add mdma
2024-12-03 13:25:27,186 [INFO] IPUIPlugin:80 - create IPUIPlugin
2024-12-03 13:25:27,186 [INFO] PluginManager:220 - loadIPPluginJar : add nvic
2024-12-03 13:25:27,246 [INFO] IPUIPlugin:80 - create IPUIPlugin
2024-12-03 13:25:27,246 [INFO] PluginManager:220 - loadIPPluginJar : add opamp
2024-12-03 13:25:27,345 [INFO] IPUIPlugin:80 - create IPUIPlugin
2024-12-03 13:25:27,345 [INFO] PluginManager:220 - loadIPPluginJar : add openamp
2024-12-03 13:25:27,416 [INFO] IPUIPlugin:80 - create IPUIPlugin
2024-12-03 13:25:27,417 [INFO] PluginManager:220 - loadIPPluginJar : add pdm2pcm
2024-12-03 13:25:27,439 [INFO] IPUIPlugin:80 - create IPUIPlugin
2024-12-03 13:25:27,443 [INFO] PluginManager:220 - loadIPPluginJar : add plateformsettings
2024-12-03 13:25:27,482 [INFO] IPUIPlugin:80 - create IPUIPlugin
2024-12-03 13:25:27,482 [INFO] PluginManager:220 - loadIPPluginJar : add quadspi
2024-12-03 13:25:27,546 [INFO] IPUIPlugin:80 - create IPUIPlugin
2024-12-03 13:25:27,548 [INFO] PluginManager:220 - loadIPPluginJar : add radio
2024-12-03 13:25:27,584 [INFO] IPUIPlugin:80 - create IPUIPlugin
2024-12-03 13:25:27,584 [INFO] PluginManager:220 - loadIPPluginJar : add resmgrutility
2024-12-03 13:25:27,691 [INFO] IPUIPlugin:80 - create IPUIPlugin
2024-12-03 13:25:27,691 [INFO] PluginManager:220 - loadIPPluginJar : add sai
2024-12-03 13:25:27,750 [INFO] IPUIPlugin:80 - create IPUIPlugin
2024-12-03 13:25:27,750 [INFO] PluginManager:220 - loadIPPluginJar : add spi
2024-12-03 13:25:27,860 [INFO] IPUIPlugin:80 - create IPUIPlugin
2024-12-03 13:25:27,861 [INFO] PluginManager:220 - loadIPPluginJar : add stm32_wpan
2024-12-03 13:25:27,900 [INFO] IPUIPlugin:80 - create IPUIPlugin
2024-12-03 13:25:27,900 [INFO] PluginManager:220 - loadIPPluginJar : add tim
2024-12-03 13:25:28,025 [INFO] IPUIPlugin:80 - create IPUIPlugin
2024-12-03 13:25:28,025 [INFO] PluginManager:220 - loadIPPluginJar : add touchsensing
2024-12-03 13:25:28,064 [INFO] IPUIPlugin:80 - create IPUIPlugin
2024-12-03 13:25:28,064 [INFO] PluginManager:220 - loadIPPluginJar : add tracer_emb
2024-12-03 13:25:28,106 [INFO] IPUIPlugin:80 - create IPUIPlugin
2024-12-03 13:25:28,106 [INFO] PluginManager:220 - loadIPPluginJar : add ts
2024-12-03 13:25:28,164 [INFO] IPUIPlugin:80 - create IPUIPlugin
2024-12-03 13:25:28,165 [INFO] PluginManager:220 - loadIPPluginJar : add tsc
2024-12-03 13:25:28,221 [INFO] IPUIPlugin:80 - create IPUIPlugin
2024-12-03 13:25:28,222 [INFO] PluginManager:220 - loadIPPluginJar : add ucpd
2024-12-03 13:25:28,295 [INFO] IPUIPlugin:80 - create IPUIPlugin
2024-12-03 13:25:28,296 [INFO] PluginManager:220 - loadIPPluginJar : add usart
2024-12-03 13:25:28,365 [INFO] IPUIPlugin:80 - create IPUIPlugin
2024-12-03 13:25:28,365 [INFO] PluginManager:220 - loadIPPluginJar : add usbx
2024-12-03 13:25:28,535 [INFO] CADModel:165 - CPN selected for project level
2024-12-03 13:25:28,535 [INFO] CADModel:114 - Register for checkConnection events
2024-12-03 13:25:28,536 [FATAL] Updater:334 - Updater called before beeing initialized
2024-12-03 13:25:28,536 [ERROR] CADModel:125 - Updater not yet initialized, retry later 
2024-12-03 13:25:29,074 [INFO] CADModel:165 - CPN selected for project level
2024-12-03 13:25:29,074 [INFO] CADModel:114 - Register for checkConnection events
2024-12-03 13:25:29,074 [FATAL] Updater:334 - Updater called before beeing initialized
2024-12-03 13:25:29,074 [ERROR] CADModel:125 - Updater not yet initialized, retry later 
2024-12-03 13:25:29,079 [FATAL] Updater:334 - Updater called before beeing initialized
2024-12-03 13:25:29,274 [FATAL] Updater:334 - Updater called before beeing initialized
2024-12-03 13:25:29,287 [INFO] DbMcusAds:53 - JSON generation date=Fri Sep 20 22:04:38 KST 2024 (1726837478367)
2024-12-03 13:25:29,288 [FATAL] Updater:334 - Updater called before beeing initialized
2024-12-03 13:25:29,342 [WARN] DetailPanel:346 - Failed to get advertising image, set to default
2024-12-03 13:25:29,445 [INFO] ThirdPartyUpdaterWithRetryManager:70 - Updater plugin not ready yet. [3/15]
2024-12-03 13:25:29,553 [FATAL] Updater:334 - Updater called before beeing initialized
2024-12-03 13:25:29,557 [FATAL] Updater:334 - Updater called before beeing initialized
2024-12-03 13:25:29,558 [FATAL] Updater:334 - Updater called before beeing initialized
2024-12-03 13:25:29,558 [WARN] DetailPanel:346 - Failed to get advertising image, set to default
2024-12-03 13:25:29,560 [FATAL] Updater:334 - Updater called before beeing initialized
2024-12-03 13:25:29,750 [ERROR] Updater:1164 - MainUpdater not yet initialized. External WinMGr cannot be set.
2024-12-03 13:25:29,779 [INFO] Updater:1100 - Updater Version found : 6.12.0
2024-12-03 13:25:29,823 [INFO] ApplicationProperties:184 - Using Application install path: C:\ST\STM32CubeIDE_1.16.0\STM32CubeIDE\plugins\com.st.stm32cube.common.mx_6.12.0.202406281431
2024-12-03 13:25:31,451 [ERROR] LogOutputStream:75 - [STDERR_REDIRECT] Dec 03, 2024 1:25:31 PM java.util.prefs.WindowsPreferences <init>
2024-12-03 13:25:31,461 [ERROR] LogOutputStream:75 - [STDERR_REDIRECT] WARNING: Could not open/create prefs root node Software\JavaSoft\Prefs at root 0xffffffff80000002. Windows RegCreateKeyEx(...) returned error code 5.
2024-12-03 13:25:31,462 [ERROR] LogOutputStream:75 - [STDERR_REDIRECT] 
2024-12-03 13:25:32,445 [FATAL] Updater:334 - Updater called before beeing initialized
2024-12-03 13:25:32,447 [ERROR] IntegrityCheckThread:130 - Cannot retrieve database content from updater: error 21
2024-12-03 13:25:32,448 [INFO] ThirdParty:978 - Integrity check success = false
2024-12-03 13:25:32,449 [INFO] IntegrityCheckThread:100 - exiting critical section [integrity check]
2024-12-03 13:25:32,449 [INFO] IntegrityCheckThread:103 - End integrity checks thread
2024-12-03 13:25:32,530 [INFO] MainUpdater:2873 - connection check result : 10
2024-12-03 13:25:32,536 [INFO] MainUpdater:290 - Updater Check For Update Now.
2024-12-03 13:25:32,537 [INFO] MicroXplorer:498 - Change Database Version : DB.6.0.120
2024-12-03 13:25:32,618 [INFO] McuFinderGlobals:63 - Set McuFinder mode to 2 (CubeIDE integrated)
2024-12-03 13:25:32,634 [INFO] UserAuth:417 - Internet connection configuration mode: 1
2024-12-03 13:25:32,686 [INFO] JxBrowserEngine:152 - Initiate JxBrowser Engine with user profile folder
2024-12-03 13:25:33,124 [INFO] CheckServerUpdateThread:120 - End of CheckServer Thread
2024-12-03 13:25:47,827 [INFO] WebApp:167 - Instantiating new browser for Auth
2024-12-03 13:25:53,781 [INFO] WebApp:448 - Apply proxy settings
2024-12-03 13:25:53,782 [INFO] WebApp:533 - Chromium requires no authentication
2024-12-03 13:25:53,799 [INFO] WebApp:476 - Direct internet connection detected
2024-12-03 13:25:53,856 [INFO] WebApp:869 - Register for checkConnection events
2024-12-03 13:25:53,856 [INFO] WebApp:448 - Apply proxy settings
2024-12-03 13:25:53,856 [INFO] WebApp:533 - Chromium requires no authentication
2024-12-03 13:25:53,872 [INFO] WebApp:476 - Direct internet connection detected
2024-12-03 13:25:54,337 [INFO] WebApp:220 - Starting web application
2024-12-03 13:25:54,337 [INFO] WebApp:578 - Web application path used C:\ST\STM32CubeIDE_1.16.0\STM32CubeIDE\plugins\com.st.stm32cube.common.mx_6.12.0.202406281431\db\plugins\mcufinder\reactClient1\index.html
2024-12-03 13:25:54,397 [INFO] WebApp:186 - Connection restablished
2024-12-03 13:25:54,771 [INFO] UserAuth:417 - Internet connection configuration mode: 1
2024-12-03 13:32:13,482 [ERROR] LogOutputStream:75 - [STDERR_REDIRECT] 
