2024-11-23 15:16:59,625 [INFO] Activator:176 - 


2024-11-23 15:16:59,639 [INFO] Activator:177 - !SESSION log4j initialized
2024-11-23 15:17:10,858 [INFO] LogOutputStream:77 - [STDOUT_REDIRECT] 
2024-11-23 15:17:18,073 [INFO] ApplicationProperties:184 - Using Application install path: C:\ST\STM32CubeIDE_1.16.0\STM32CubeIDE\plugins\com.st.stm32cube.common.mx_6.12.0.202406281431
2024-11-23 15:17:18,119 [INFO] DbMcusXml:78 - Set database path to: C:\ST\STM32CubeIDE_1.16.0\STM32CubeIDE\plugins\com.st.stm32cube.common.mx_6.12.0.202406281431\\db\/mcu/
2024-11-23 15:17:18,120 [INFO] ApiDb:274 - Set plugin database path to: C:\ST\STM32CubeIDE_1.16.0\STM32CubeIDE\plugins\com.st.stm32cube.common.mx_6.12.0.202406281431\\db\/plugins/boardmanager/
2024-11-23 15:17:18,121 [WARN] ApiDb:259 - Overriding images path with different value:  => C:\ST\STM32CubeIDE_1.16.0\STM32CubeIDE\plugins\com.st.stm32cube.common.mx_6.12.0.202406281431\\db\/plugins/mcufinder/images/
2024-11-23 15:17:18,142 [INFO] ApiDb:250 - Set database path to: C:\Users\user\.stmcufinder\plugins\mcufinder//mcu/
2024-11-23 15:17:18,144 [INFO] DbMcusAds:125 - Set database path to: C:\Users\user\.stmcufinder\plugins\mcufinder//mcu/
2024-11-23 15:17:18,150 [INFO] CrossReferenceDbSqlite:203 - Set database path to: C:\Users\user\.stmcufinder\plugins\mcufinder//mcu/cs/
2024-11-23 15:17:18,422 [INFO] RulesReader:64 - Compatibility file has been processed (297 Rules)
2024-11-23 15:17:18,555 [INFO] DbMcusXml:78 - Set database path to: C:\ST\STM32CubeIDE_1.16.0\STM32CubeIDE\plugins\com.st.stm32cube.common.mx_6.12.0.202406281431\\db\/mcu/
2024-11-23 15:17:18,555 [INFO] ApiDb:274 - Set plugin database path to: C:\ST\STM32CubeIDE_1.16.0\STM32CubeIDE\plugins\com.st.stm32cube.common.mx_6.12.0.202406281431\\db\/plugins/boardmanager/
2024-11-23 15:17:18,556 [INFO] ApiDb:261 - Set plugin images path to: C:\ST\STM32CubeIDE_1.16.0\STM32CubeIDE\plugins\com.st.stm32cube.common.mx_6.12.0.202406281431\\db\/plugins/mcufinder/images/
2024-11-23 15:17:18,556 [WARN] DbFile:41 - Overriding database path with different value: C:\Users\user\.stmcufinder\plugins\mcufinder/ => C:\Users\user\.stmcufinder\plugins\mcufinder
2024-11-23 15:17:18,556 [INFO] ApiDb:250 - Set database path to: C:\Users\user\.stmcufinder\plugins\mcufinder//mcu/
2024-11-23 15:17:18,557 [WARN] DbFile:41 - Overriding database path with different value: C:\Users\user\.stmcufinder\plugins\mcufinder/ => C:\Users\user\.stmcufinder\plugins\mcufinder
2024-11-23 15:17:18,557 [INFO] DbMcusAds:125 - Set database path to: C:\Users\user\.stmcufinder\plugins\mcufinder//mcu/
2024-11-23 15:17:18,557 [WARN] DbFile:41 - Overriding database path with different value: C:\Users\user\.stmcufinder\plugins\mcufinder/ => C:\Users\user\.stmcufinder\plugins\mcufinder
2024-11-23 15:17:18,557 [WARN] DbFile:41 - Overriding database path with different value: C:\Users\user\.stmcufinder\plugins\mcufinder/ => C:\Users\user\.stmcufinder\plugins\mcufinder
2024-11-23 15:17:18,557 [INFO] CrossReferenceDbSqlite:203 - Set database path to: C:\Users\user\.stmcufinder\plugins\mcufinder//mcu/cs/
2024-11-23 15:17:18,703 [INFO] MainPanel:268 - HeapMemory: 268435456
2024-11-23 15:17:18,946 [INFO] DbMcusXml:78 - Set database path to: C:\ST\STM32CubeIDE_1.16.0\STM32CubeIDE\plugins\com.st.stm32cube.common.mx_6.12.0.202406281431\\db\/mcu/
2024-11-23 15:17:18,946 [INFO] ApiDb:274 - Set plugin database path to: C:\ST\STM32CubeIDE_1.16.0\STM32CubeIDE\plugins\com.st.stm32cube.common.mx_6.12.0.202406281431\\db\/plugins/boardmanager/
2024-11-23 15:17:18,947 [INFO] ApiDb:261 - Set plugin images path to: C:\ST\STM32CubeIDE_1.16.0\STM32CubeIDE\plugins\com.st.stm32cube.common.mx_6.12.0.202406281431\\db\/plugins/mcufinder/images/
2024-11-23 15:17:18,948 [WARN] DbFile:41 - Overriding database path with different value: C:\Users\user\.stmcufinder\plugins\mcufinder/ => C:\Users\user\.stmcufinder\plugins\mcufinder
2024-11-23 15:17:18,949 [INFO] ApiDb:250 - Set database path to: C:\Users\user\.stmcufinder\plugins\mcufinder//mcu/
2024-11-23 15:17:18,950 [WARN] DbFile:41 - Overriding database path with different value: C:\Users\user\.stmcufinder\plugins\mcufinder/ => C:\Users\user\.stmcufinder\plugins\mcufinder
2024-11-23 15:17:18,950 [INFO] DbMcusAds:125 - Set database path to: C:\Users\user\.stmcufinder\plugins\mcufinder//mcu/
2024-11-23 15:17:18,950 [WARN] DbFile:41 - Overriding database path with different value: C:\Users\user\.stmcufinder\plugins\mcufinder/ => C:\Users\user\.stmcufinder\plugins\mcufinder
2024-11-23 15:17:18,950 [WARN] DbFile:41 - Overriding database path with different value: C:\Users\user\.stmcufinder\plugins\mcufinder/ => C:\Users\user\.stmcufinder\plugins\mcufinder
2024-11-23 15:17:18,951 [INFO] CrossReferenceDbSqlite:203 - Set database path to: C:\Users\user\.stmcufinder\plugins\mcufinder//mcu/cs/
2024-11-23 15:17:19,002 [INFO] ApplicationProperties:184 - Using Application install path: C:\ST\STM32CubeIDE_1.16.0\STM32CubeIDE\plugins\com.st.stm32cube.common.mx_6.12.0.202406281431
2024-11-23 15:17:19,006 [INFO] PluginManage:196 - Search for loadable plugins [exclusion list=, ]
2024-11-23 15:17:19,011 [INFO] PluginManage:310 - Check plugin analytics
2024-11-23 15:17:19,395 [INFO] AnalyticsPlugin:253 - Accepted Software Licenses: 
2024-11-23 15:17:19,396 [INFO] AnalyticsPlugin:255 - Accepted CMSIS Pack Licenses: 
2024-11-23 15:17:19,396 [INFO] AnalyticsPlugin:257 - Accepted Firmware Licenses: 
2024-11-23 15:17:19,402 [INFO] PluginManage:359 - Loaded plugin analytics (category:tool,tabindex:-1)
2024-11-23 15:17:19,403 [INFO] PluginManage:310 - Check plugin cadmodel
2024-11-23 15:17:19,435 [INFO] CADModel:105 - Init CAD model plugin
2024-11-23 15:17:19,436 [INFO] PluginManage:359 - Loaded plugin cadmodel (category:power,tabindex:5)
2024-11-23 15:17:19,436 [INFO] PluginManage:310 - Check plugin clock
2024-11-23 15:17:19,477 [INFO] PluginManage:359 - Loaded plugin clock (category:base,tabindex:2)
2024-11-23 15:17:19,477 [INFO] PluginManage:310 - Check plugin ddr
2024-11-23 15:17:19,482 [INFO] PluginManage:359 - Loaded plugin ddr (category:tool,tabindex:6)
2024-11-23 15:17:19,483 [INFO] PluginManage:310 - Check plugin filemanager
2024-11-23 15:17:19,726 [INFO] PluginManage:359 - Loaded plugin filemanager (category:base,tabindex:10)
2024-11-23 15:17:19,726 [INFO] PluginManage:310 - Check plugin ipmanager
2024-11-23 15:17:19,740 [INFO] PluginManage:359 - Loaded plugin ipmanager (category:base,tabindex:5)
2024-11-23 15:17:19,741 [INFO] PluginManage:310 - Check plugin lpbam
2024-11-23 15:17:19,777 [INFO] PluginManage:359 - Loaded plugin lpbam (category:base,tabindex:0)
2024-11-23 15:17:19,778 [INFO] PluginManage:310 - Check plugin memorymap
2024-11-23 15:17:19,827 [INFO] PluginManage:359 - Loaded plugin memorymap (category:base,tabindex:4)
2024-11-23 15:17:19,828 [INFO] PluginManage:310 - Check plugin pinoutandconfiguration
2024-11-23 15:17:19,859 [INFO] PluginManage:359 - Loaded plugin pinoutandconfiguration (category:base,tabindex:1)
2024-11-23 15:17:19,860 [INFO] PluginManage:310 - Check plugin pinoutconfig
2024-11-23 15:17:20,014 [WARN] SupportedApi:132 - Cannot load RTOS API schema: s4s-elt-must-match.1: The content of 'definitions' must match (annotation?, (simpleType | complexType)?, (unique | key | keyref)*)). A problem was found starting at: attribute.
2024-11-23 15:17:20,246 [INFO] PluginManage:359 - Loaded plugin pinoutconfig (category:base,tabindex:0)
2024-11-23 15:17:20,246 [INFO] PluginManage:310 - Check plugin power
2024-11-23 15:17:20,291 [INFO] PluginManage:359 - Loaded plugin power (category:power,tabindex:4)
2024-11-23 15:17:20,291 [INFO] PluginManage:310 - Check plugin projectmanager
2024-11-23 15:17:20,320 [INFO] PluginManage:359 - Loaded plugin projectmanager (category:projectmanager,tabindex:4)
2024-11-23 15:17:20,320 [INFO] PluginManage:310 - Check plugin rif
2024-11-23 15:17:20,343 [INFO] PluginManage:359 - Loaded plugin rif (category:base,tabindex:3)
2024-11-23 15:17:20,344 [INFO] PluginManage:310 - Check plugin thirdparty
2024-11-23 15:17:20,844 [INFO] PluginManage:359 - Loaded plugin thirdparty (category:base,tabindex:-1)
2024-11-23 15:17:20,845 [INFO] PluginManage:310 - Check plugin tools
2024-11-23 15:17:20,844 [WARN] IntegrityCheckThread:84 - waiting for thirdparty lock release [integrity check]
2024-11-23 15:17:20,847 [INFO] IntegrityCheckThread:86 - entering critical section [integrity check]
2024-11-23 15:17:20,848 [INFO] ThirdPartyUpdaterWithRetryManager:70 - Updater plugin not ready yet. [1/15]
2024-11-23 15:17:20,931 [INFO] PluginManage:359 - Loaded plugin tools (category:base,tabindex:7)
2024-11-23 15:17:20,931 [INFO] PluginManage:310 - Check plugin tutovideos
2024-11-23 15:17:21,294 [INFO] PluginManage:359 - Loaded plugin tutovideos (category:base,tabindex:-1)
2024-11-23 15:17:21,294 [INFO] PluginManage:310 - Check plugin updater
2024-11-23 15:17:21,327 [INFO] PluginManage:359 - Loaded plugin updater (category:base,tabindex:12)
2024-11-23 15:17:21,327 [INFO] PluginManage:310 - Check plugin userauth
2024-11-23 15:17:21,338 [INFO] UserAuth:113 - Init User Auth plugin
2024-11-23 15:17:21,338 [INFO] PluginManage:359 - Loaded plugin userauth (category:base,tabindex:14)
2024-11-23 15:17:21,339 [INFO] PluginManage:283 - PluginManage : Loaded plugins [18]
2024-11-23 15:17:21,708 [INFO] PinOutPanel:1561 - setPackage(No Configuration,No Configuration)
2024-11-23 15:17:21,902 [INFO] CADModel:165 - CPN selected for project level
2024-11-23 15:17:21,902 [INFO] CADModel:114 - Register for checkConnection events
2024-11-23 15:17:21,939 [INFO] IPUIPlugin:80 - create IPUIPlugin
2024-11-23 15:17:21,939 [INFO] PluginManager:220 - loadIPPluginJar : add adc
2024-11-23 15:17:21,993 [INFO] IPUIPlugin:80 - create IPUIPlugin
2024-11-23 15:17:21,993 [INFO] PluginManager:220 - loadIPPluginJar : add aes
2024-11-23 15:17:22,053 [INFO] IPUIPlugin:80 - create IPUIPlugin
2024-11-23 15:17:22,053 [INFO] PluginManager:220 - loadIPPluginJar : add can
2024-11-23 15:17:22,088 [INFO] IPUIPlugin:80 - create IPUIPlugin
2024-11-23 15:17:22,088 [INFO] PluginManager:220 - loadIPPluginJar : add comp
2024-11-23 15:17:22,138 [INFO] IPUIPlugin:80 - create IPUIPlugin
2024-11-23 15:17:22,138 [INFO] PluginManager:220 - loadIPPluginJar : add cryp
2024-11-23 15:17:22,156 [INFO] IPUIPlugin:80 - create IPUIPlugin
2024-11-23 15:17:22,156 [INFO] PluginManager:220 - loadIPPluginJar : add ddr_ctrl_phy
2024-11-23 15:17:22,200 [INFO] IPUIPlugin:80 - create IPUIPlugin
2024-11-23 15:17:22,200 [INFO] PluginManager:220 - loadIPPluginJar : add dfsdm
2024-11-23 15:17:22,222 [INFO] IPUIPlugin:80 - create IPUIPlugin
2024-11-23 15:17:22,223 [INFO] PluginManager:220 - loadIPPluginJar : add dma
2024-11-23 15:17:22,291 [INFO] IPUIPlugin:80 - create IPUIPlugin
2024-11-23 15:17:22,291 [INFO] PluginManager:220 - loadIPPluginJar : add dma3
2024-11-23 15:17:22,359 [INFO] IPUIPlugin:80 - create IPUIPlugin
2024-11-23 15:17:22,359 [INFO] PluginManager:220 - loadIPPluginJar : add extmemmanager
2024-11-23 15:17:22,403 [INFO] IPUIPlugin:80 - create IPUIPlugin
2024-11-23 15:17:22,403 [INFO] PluginManager:220 - loadIPPluginJar : add fatfs
2024-11-23 15:17:22,479 [INFO] IPUIPlugin:80 - create IPUIPlugin
2024-11-23 15:17:22,479 [INFO] PluginManager:220 - loadIPPluginJar : add fmc
2024-11-23 15:17:22,505 [INFO] IPUIPlugin:80 - create IPUIPlugin
2024-11-23 15:17:22,506 [INFO] PluginManager:220 - loadIPPluginJar : add freertos
2024-11-23 15:17:22,536 [INFO] IPUIPlugin:80 - create IPUIPlugin
2024-11-23 15:17:22,537 [INFO] PluginManager:220 - loadIPPluginJar : add genericplugin
2024-11-23 15:17:22,693 [INFO] IPUIPlugin:80 - create IPUIPlugin
2024-11-23 15:17:22,694 [INFO] PluginManager:220 - loadIPPluginJar : add gfxmmu
2024-11-23 15:17:22,932 [INFO] IPUIPlugin:80 - create IPUIPlugin
2024-11-23 15:17:22,933 [INFO] PluginManager:220 - loadIPPluginJar : add gic
2024-11-23 15:17:22,955 [INFO] IPUIPlugin:80 - create IPUIPlugin
2024-11-23 15:17:22,955 [INFO] PluginManager:220 - loadIPPluginJar : add gpio
2024-11-23 15:17:23,099 [INFO] IPUIPlugin:80 - create IPUIPlugin
2024-11-23 15:17:23,099 [INFO] PluginManager:220 - loadIPPluginJar : add gtzc
2024-11-23 15:17:23,157 [INFO] IPUIPlugin:80 - create IPUIPlugin
2024-11-23 15:17:23,157 [INFO] PluginManager:220 - loadIPPluginJar : add hash
2024-11-23 15:17:23,264 [INFO] IPUIPlugin:80 - create IPUIPlugin
2024-11-23 15:17:23,265 [INFO] PluginManager:220 - loadIPPluginJar : add i2c
2024-11-23 15:17:23,361 [INFO] IPUIPlugin:80 - create IPUIPlugin
2024-11-23 15:17:23,361 [INFO] PluginManager:220 - loadIPPluginJar : add i2s
2024-11-23 15:17:23,459 [INFO] IPUIPlugin:80 - create IPUIPlugin
2024-11-23 15:17:23,459 [INFO] PluginManager:220 - loadIPPluginJar : add i3c
2024-11-23 15:17:23,684 [INFO] IPUIPlugin:80 - create IPUIPlugin
2024-11-23 15:17:23,684 [INFO] PluginManager:220 - loadIPPluginJar : add ipddr
2024-11-23 15:17:23,851 [INFO] ThirdPartyUpdaterWithRetryManager:70 - Updater plugin not ready yet. [2/15]
2024-11-23 15:17:23,886 [INFO] IPUIPlugin:80 - create IPUIPlugin
2024-11-23 15:17:23,886 [INFO] PluginManager:220 - loadIPPluginJar : add linkedlist
2024-11-23 15:17:23,975 [INFO] IPUIPlugin:80 - create IPUIPlugin
2024-11-23 15:17:23,975 [INFO] PluginManager:220 - loadIPPluginJar : add lorawan
2024-11-23 15:17:24,043 [INFO] IPUIPlugin:80 - create IPUIPlugin
2024-11-23 15:17:24,043 [INFO] PluginManager:220 - loadIPPluginJar : add ltdc
2024-11-23 15:17:24,066 [INFO] IPUIPlugin:80 - create IPUIPlugin
2024-11-23 15:17:24,066 [INFO] PluginManager:220 - loadIPPluginJar : add mdma
2024-11-23 15:17:24,083 [INFO] IPUIPlugin:80 - create IPUIPlugin
2024-11-23 15:17:24,083 [INFO] PluginManager:220 - loadIPPluginJar : add nvic
2024-11-23 15:17:24,141 [INFO] IPUIPlugin:80 - create IPUIPlugin
2024-11-23 15:17:24,141 [INFO] PluginManager:220 - loadIPPluginJar : add opamp
2024-11-23 15:17:24,239 [INFO] IPUIPlugin:80 - create IPUIPlugin
2024-11-23 15:17:24,240 [INFO] PluginManager:220 - loadIPPluginJar : add openamp
2024-11-23 15:17:24,305 [INFO] IPUIPlugin:80 - create IPUIPlugin
2024-11-23 15:17:24,305 [INFO] PluginManager:220 - loadIPPluginJar : add pdm2pcm
2024-11-23 15:17:24,332 [INFO] IPUIPlugin:80 - create IPUIPlugin
2024-11-23 15:17:24,336 [INFO] PluginManager:220 - loadIPPluginJar : add plateformsettings
2024-11-23 15:17:24,392 [INFO] IPUIPlugin:80 - create IPUIPlugin
2024-11-23 15:17:24,392 [INFO] PluginManager:220 - loadIPPluginJar : add quadspi
2024-11-23 15:17:24,454 [INFO] IPUIPlugin:80 - create IPUIPlugin
2024-11-23 15:17:24,455 [INFO] PluginManager:220 - loadIPPluginJar : add radio
2024-11-23 15:17:24,478 [INFO] IPUIPlugin:80 - create IPUIPlugin
2024-11-23 15:17:24,478 [INFO] PluginManager:220 - loadIPPluginJar : add resmgrutility
2024-11-23 15:17:24,557 [INFO] IPUIPlugin:80 - create IPUIPlugin
2024-11-23 15:17:24,558 [INFO] PluginManager:220 - loadIPPluginJar : add sai
2024-11-23 15:17:24,617 [INFO] IPUIPlugin:80 - create IPUIPlugin
2024-11-23 15:17:24,617 [INFO] PluginManager:220 - loadIPPluginJar : add spi
2024-11-23 15:17:24,810 [INFO] IPUIPlugin:80 - create IPUIPlugin
2024-11-23 15:17:24,810 [INFO] PluginManager:220 - loadIPPluginJar : add stm32_wpan
2024-11-23 15:17:24,870 [INFO] IPUIPlugin:80 - create IPUIPlugin
2024-11-23 15:17:24,871 [INFO] PluginManager:220 - loadIPPluginJar : add tim
2024-11-23 15:17:24,976 [INFO] IPUIPlugin:80 - create IPUIPlugin
2024-11-23 15:17:24,977 [INFO] PluginManager:220 - loadIPPluginJar : add touchsensing
2024-11-23 15:17:25,011 [INFO] IPUIPlugin:80 - create IPUIPlugin
2024-11-23 15:17:25,011 [INFO] PluginManager:220 - loadIPPluginJar : add tracer_emb
2024-11-23 15:17:25,063 [INFO] IPUIPlugin:80 - create IPUIPlugin
2024-11-23 15:17:25,063 [INFO] PluginManager:220 - loadIPPluginJar : add ts
2024-11-23 15:17:25,119 [INFO] IPUIPlugin:80 - create IPUIPlugin
2024-11-23 15:17:25,120 [INFO] PluginManager:220 - loadIPPluginJar : add tsc
2024-11-23 15:17:25,175 [INFO] IPUIPlugin:80 - create IPUIPlugin
2024-11-23 15:17:25,175 [INFO] PluginManager:220 - loadIPPluginJar : add ucpd
2024-11-23 15:17:25,264 [INFO] IPUIPlugin:80 - create IPUIPlugin
2024-11-23 15:17:25,264 [INFO] PluginManager:220 - loadIPPluginJar : add usart
2024-11-23 15:17:25,330 [INFO] IPUIPlugin:80 - create IPUIPlugin
2024-11-23 15:17:25,330 [INFO] PluginManager:220 - loadIPPluginJar : add usbx
2024-11-23 15:17:25,587 [INFO] CADModel:165 - CPN selected for project level
2024-11-23 15:17:25,587 [INFO] CADModel:114 - Register for checkConnection events
2024-11-23 15:17:25,588 [FATAL] Updater:334 - Updater called before beeing initialized
2024-11-23 15:17:25,588 [ERROR] CADModel:125 - Updater not yet initialized, retry later 
2024-11-23 15:17:26,146 [INFO] CADModel:165 - CPN selected for project level
2024-11-23 15:17:26,146 [INFO] CADModel:114 - Register for checkConnection events
2024-11-23 15:17:26,146 [FATAL] Updater:334 - Updater called before beeing initialized
2024-11-23 15:17:26,147 [ERROR] CADModel:125 - Updater not yet initialized, retry later 
2024-11-23 15:17:26,157 [FATAL] Updater:334 - Updater called before beeing initialized
2024-11-23 15:17:26,352 [FATAL] Updater:334 - Updater called before beeing initialized
2024-11-23 15:17:26,366 [INFO] DbMcusAds:53 - JSON generation date=Fri Sep 20 22:04:38 KST 2024 (1726837478367)
2024-11-23 15:17:26,366 [FATAL] Updater:334 - Updater called before beeing initialized
2024-11-23 15:17:26,429 [WARN] DetailPanel:346 - Failed to get advertising image, set to default
2024-11-23 15:17:26,604 [FATAL] Updater:334 - Updater called before beeing initialized
2024-11-23 15:17:26,608 [FATAL] Updater:334 - Updater called before beeing initialized
2024-11-23 15:17:26,608 [FATAL] Updater:334 - Updater called before beeing initialized
2024-11-23 15:17:26,609 [WARN] DetailPanel:346 - Failed to get advertising image, set to default
2024-11-23 15:17:26,610 [FATAL] Updater:334 - Updater called before beeing initialized
2024-11-23 15:17:26,774 [ERROR] Updater:1164 - MainUpdater not yet initialized. External WinMGr cannot be set.
2024-11-23 15:17:26,793 [INFO] Updater:1100 - Updater Version found : 6.12.0
2024-11-23 15:17:26,826 [INFO] ApplicationProperties:184 - Using Application install path: C:\ST\STM32CubeIDE_1.16.0\STM32CubeIDE\plugins\com.st.stm32cube.common.mx_6.12.0.202406281431
2024-11-23 15:17:26,852 [INFO] ThirdPartyUpdaterWithRetryManager:70 - Updater plugin not ready yet. [3/15]
2024-11-23 15:17:28,438 [ERROR] LogOutputStream:75 - [STDERR_REDIRECT] Nov 23, 2024 3:17:28 PM java.util.prefs.WindowsPreferences <init>
2024-11-23 15:17:28,449 [ERROR] LogOutputStream:75 - [STDERR_REDIRECT] WARNING: Could not open/create prefs root node Software\JavaSoft\Prefs at root 0xffffffff80000002. Windows RegCreateKeyEx(...) returned error code 5.
2024-11-23 15:17:28,450 [ERROR] LogOutputStream:75 - [STDERR_REDIRECT] 
2024-11-23 15:17:29,287 [INFO] MainUpdater:2873 - connection check result : 10
2024-11-23 15:17:29,290 [INFO] MainUpdater:290 - Updater Check For Update Now.
2024-11-23 15:17:29,291 [INFO] MicroXplorer:498 - Change Database Version : DB.6.0.120
2024-11-23 15:17:29,373 [INFO] McuFinderGlobals:63 - Set McuFinder mode to 2 (CubeIDE integrated)
2024-11-23 15:17:29,410 [INFO] UserAuth:417 - Internet connection configuration mode: 1
2024-11-23 15:17:29,474 [INFO] JxBrowserEngine:152 - Initiate JxBrowser Engine with user profile folder
2024-11-23 15:17:29,845 [INFO] CheckServerUpdateThread:120 - End of CheckServer Thread
2024-11-23 15:17:30,369 [WARN] PackLoader:240 - Cannot read IP mode file for STMicroelectronics.FP-SNS-MOTENVWB1.1.4.0
2024-11-23 15:17:30,418 [WARN] PackLoader:240 - Cannot read IP mode file for STMicroelectronics.FP-ATR-ASTRA1.2.0.1
2024-11-23 15:17:30,447 [WARN] PackLoader:240 - Cannot read IP mode file for STMicroelectronics.X-CUBE-SMBUS.2.1.0
2024-11-23 15:17:30,500 [WARN] PackLoader:240 - Cannot read IP mode file for STMicroelectronics.X-CUBE-WB05N.1.1.0
2024-11-23 15:17:30,593 [WARN] PackLoader:240 - Cannot read IP mode file for STMicroelectronics.X-CUBE-AZRTOS-F7.1.1.0
2024-11-23 15:17:30,822 [WARN] PackLoader:240 - Cannot read IP mode file for STMicroelectronics.X-CUBE-MEMS1.11.0.0
2024-11-23 15:17:31,242 [WARN] PackLoader:240 - Cannot read IP mode file for STMicroelectronics.FP-SNS-FLIGHT1.5.0.2
2024-11-23 15:17:31,269 [WARN] PackLoader:240 - Cannot read IP mode file for STMicroelectronics.X-CUBE-DISPLAY.3.0.0
2024-11-23 15:17:31,298 [WARN] PackLoader:240 - Cannot read IP mode file for STMicroelectronics.X-CUBE-BLE1.7.0.0
2024-11-23 15:17:31,324 [WARN] PackLoader:240 - Cannot read IP mode file for STMicroelectronics.X-CUBE-NFC10.1.0.0
2024-11-23 15:17:31,352 [WARN] PackLoader:240 - Cannot read IP mode file for emotas.I-CUBE-CANOPEN.1.3.0
2024-11-23 15:17:31,382 [WARN] PackLoader:240 - Cannot read IP mode file for STMicroelectronics.X-CUBE-BLEMGR.3.1.0
2024-11-23 15:17:31,410 [WARN] PackLoader:240 - Cannot read IP mode file for STMicroelectronics.FP-SNS-SMARTAG2.1.2.0
2024-11-23 15:17:31,455 [INFO] LogOutputStream:77 - [STDOUT_REDIRECT] 1 : Invalid condition id : UX_CORESTACK_Condition cause : null
2024-11-23 15:17:31,456 [INFO] LogOutputStream:77 - [STDOUT_REDIRECT] 1 : Invalid condition id : UX_CORESTACK_Condition cause : null
2024-11-23 15:17:31,459 [INFO] LogOutputStream:77 - [STDOUT_REDIRECT] 1 : Invalid condition id : UX_CORESTACK_Condition cause : null
2024-11-23 15:17:31,461 [INFO] LogOutputStream:77 - [STDOUT_REDIRECT] 1 : Invalid condition id : UX_CORESTACK_Condition cause : null
2024-11-23 15:17:31,463 [INFO] LogOutputStream:77 - [STDOUT_REDIRECT] 1 : Invalid condition id : UX_CORESTACK_Condition cause : null
2024-11-23 15:17:31,468 [WARN] PackLoader:240 - Cannot read IP mode file for STMicroelectronics.X-CUBE-AZRTOS-WL.2.0.0
2024-11-23 15:17:31,494 [WARN] PackLoader:240 - Cannot read IP mode file for STMicroelectronics.FP-SNS-MOTENV1.5.0.0
2024-11-23 15:17:31,516 [WARN] PackLoader:240 - Cannot read IP mode file for wolfSSL.I-CUBE-wolfMQTT.1.19.0
2024-11-23 15:17:31,544 [WARN] PackLoader:240 - Cannot read IP mode file for WES.I-CUBE-Cesium.1.3.0
2024-11-23 15:17:31,570 [WARN] PackLoader:240 - Cannot read IP mode file for STMicroelectronics.X-CUBE-BLE2.3.3.0
2024-11-23 15:17:31,606 [WARN] PackLoader:240 - Cannot read IP mode file for STMicroelectronics.X-CUBE-NFC9.1.0.0
2024-11-23 15:17:31,632 [WARN] PackLoader:240 - Cannot read IP mode file for STMicroelectronics.X-CUBE-TCPP.4.1.0
2024-11-23 15:17:31,697 [WARN] PackLoader:240 - Cannot read IP mode file for STMicroelectronics.X-CUBE-AZRTOS-G0.1.1.0
2024-11-23 15:17:31,780 [WARN] PackLoader:240 - Cannot read IP mode file for STMicroelectronics.X-CUBE-SAFEA1.1.2.2
2024-11-23 15:17:31,853 [WARN] PackLoader:240 - Cannot read IP mode file for STMicroelectronics.X-CUBE-NFC4.3.0.0
2024-11-23 15:17:31,891 [WARN] PackLoader:240 - Cannot read IP mode file for EmbeddedOffice.I-CUBE-FS-RTOS.1.0.1
2024-11-23 15:17:31,892 [ERROR] ConditionMgr:805 - Attr not supported : Dmpu
2024-11-23 15:17:31,892 [ERROR] ConditionMgr:805 - Attr not supported : Dmpu
2024-11-23 15:17:31,892 [ERROR] ConditionMgr:805 - Attr not supported : Dmpu
2024-11-23 15:17:31,892 [ERROR] ConditionMgr:805 - Attr not supported : Dmpu
2024-11-23 15:17:31,892 [ERROR] ConditionMgr:805 - Attr not supported : Dmpu
2024-11-23 15:17:31,892 [ERROR] ConditionMgr:805 - Attr not supported : Dmpu
2024-11-23 15:17:31,892 [ERROR] ConditionMgr:805 - Attr not supported : Dmpu
2024-11-23 15:17:31,893 [ERROR] ConditionMgr:805 - Attr not supported : Dmpu
2024-11-23 15:17:31,894 [ERROR] ConditionMgr:805 - Attr not supported : Dmpu
2024-11-23 15:17:31,895 [ERROR] ConditionMgr:805 - Attr not supported : Dmpu
2024-11-23 15:17:31,895 [ERROR] ConditionMgr:805 - Attr not supported : Dmpu
2024-11-23 15:17:31,895 [ERROR] ConditionMgr:805 - Attr not supported : Dmpu
2024-11-23 15:17:31,895 [ERROR] ConditionMgr:805 - Attr not supported : Dmpu
2024-11-23 15:17:31,895 [ERROR] ConditionMgr:805 - Attr not supported : Dmpu
2024-11-23 15:17:31,895 [ERROR] ConditionMgr:805 - Attr not supported : Dmpu
2024-11-23 15:17:31,896 [ERROR] ConditionMgr:805 - Attr not supported : Dmpu
2024-11-23 15:17:31,896 [ERROR] ConditionMgr:805 - Attr not supported : Dmpu
2024-11-23 15:17:31,897 [ERROR] ConditionMgr:805 - Attr not supported : Dmpu
2024-11-23 15:17:31,898 [ERROR] ConditionMgr:805 - Attr not supported : Dmpu
2024-11-23 15:17:31,898 [ERROR] ConditionMgr:805 - Attr not supported : Dmpu
2024-11-23 15:17:31,899 [ERROR] ConditionMgr:805 - Attr not supported : Dmpu
2024-11-23 15:17:31,899 [ERROR] ConditionMgr:805 - Attr not supported : Dmpu
2024-11-23 15:17:31,899 [ERROR] ConditionMgr:805 - Attr not supported : Dmpu
2024-11-23 15:17:31,899 [ERROR] ConditionMgr:805 - Attr not supported : Dmpu
2024-11-23 15:17:31,899 [ERROR] ConditionMgr:805 - Attr not supported : Dmpu
2024-11-23 15:17:31,900 [ERROR] ConditionMgr:805 - Attr not supported : Dmpu
2024-11-23 15:17:31,906 [ERROR] ConditionMgr:805 - Attr not supported : Dmpu
2024-11-23 15:17:31,906 [ERROR] ConditionMgr:805 - Attr not supported : Dmpu
2024-11-23 15:17:31,940 [ERROR] ConditionMgr:805 - Attr not supported : Dmpu
2024-11-23 15:17:31,953 [ERROR] ConditionMgr:805 - Attr not supported : Dmpu
2024-11-23 15:17:31,953 [ERROR] ConditionMgr:805 - Attr not supported : Dmpu
2024-11-23 15:17:31,953 [ERROR] ConditionMgr:805 - Attr not supported : Dmpu
2024-11-23 15:17:31,953 [ERROR] ConditionMgr:805 - Attr not supported : Dmpu
2024-11-23 15:17:31,953 [ERROR] ConditionMgr:805 - Attr not supported : Dmpu
2024-11-23 15:17:31,953 [ERROR] ConditionMgr:805 - Attr not supported : Dmpu
2024-11-23 15:17:31,954 [ERROR] ConditionMgr:805 - Attr not supported : Dmpu
2024-11-23 15:17:31,954 [ERROR] ConditionMgr:805 - Attr not supported : Dmpu
2024-11-23 15:17:31,954 [ERROR] ConditionMgr:805 - Attr not supported : Dmpu
2024-11-23 15:17:31,954 [ERROR] ConditionMgr:805 - Attr not supported : Dmpu
2024-11-23 15:17:31,954 [ERROR] ConditionMgr:805 - Attr not supported : Dmpu
2024-11-23 15:17:31,955 [ERROR] ConditionMgr:805 - Attr not supported : Dmpu
2024-11-23 15:17:31,955 [ERROR] ConditionMgr:805 - Attr not supported : Dmpu
2024-11-23 15:17:31,955 [ERROR] ConditionMgr:805 - Attr not supported : Dmpu
2024-11-23 15:17:31,955 [ERROR] ConditionMgr:805 - Attr not supported : Dmpu
2024-11-23 15:17:31,955 [ERROR] ConditionMgr:805 - Attr not supported : Dmpu
2024-11-23 15:17:31,955 [ERROR] ConditionMgr:805 - Attr not supported : Dmpu
2024-11-23 15:17:31,955 [ERROR] ConditionMgr:805 - Attr not supported : Dmpu
2024-11-23 15:17:31,956 [ERROR] ConditionMgr:805 - Attr not supported : Dmpu
2024-11-23 15:17:31,956 [ERROR] ConditionMgr:805 - Attr not supported : Dmpu
2024-11-23 15:17:31,956 [ERROR] ConditionMgr:805 - Attr not supported : Dmpu
2024-11-23 15:17:31,956 [ERROR] ConditionMgr:805 - Attr not supported : Dmpu
2024-11-23 15:17:31,956 [ERROR] ConditionMgr:805 - Attr not supported : Dmpu
2024-11-23 15:17:31,956 [ERROR] ConditionMgr:805 - Attr not supported : Dmpu
2024-11-23 15:17:31,956 [ERROR] ConditionMgr:805 - Attr not supported : Dmpu
2024-11-23 15:17:31,957 [ERROR] ConditionMgr:805 - Attr not supported : Dmpu
2024-11-23 15:17:31,957 [ERROR] ConditionMgr:805 - Attr not supported : Dmpu
2024-11-23 15:17:31,957 [ERROR] ConditionMgr:805 - Attr not supported : Dmpu
2024-11-23 15:17:31,957 [ERROR] ConditionMgr:805 - Attr not supported : Dmpu
2024-11-23 15:17:31,957 [ERROR] ConditionMgr:805 - Attr not supported : Dmpu
2024-11-23 15:17:31,957 [ERROR] ConditionMgr:805 - Attr not supported : Dmpu
2024-11-23 15:17:31,957 [ERROR] ConditionMgr:805 - Attr not supported : Dmpu
2024-11-23 15:17:31,957 [ERROR] ConditionMgr:805 - Attr not supported : Dmpu
2024-11-23 15:17:31,958 [ERROR] ConditionMgr:805 - Attr not supported : Dmpu
2024-11-23 15:17:31,958 [ERROR] ConditionMgr:805 - Attr not supported : Dmpu
2024-11-23 15:17:31,988 [WARN] PackLoader:240 - Cannot read IP mode file for RealThread.X-CUBE-RT-Thread_Nano.4.1.1
2024-11-23 15:17:32,010 [WARN] PackLoader:240 - Cannot read IP mode file for STMicroelectronics.FP-ATR-SIGFOX1.3.2.0
2024-11-23 15:17:32,057 [WARN] PackLoader:240 - Cannot read IP mode file for wolfSSL.I-CUBE-wolfSSL.5.7.2
2024-11-23 15:17:32,093 [WARN] ConditionMgr:438 - getConditionDescription Invalid condition id : Cortex-A Device cause : null
2024-11-23 15:17:32,284 [WARN] ConditionMgr:1039 - genDependencies : Invalid condition id : Cortex-A Device cause : null
2024-11-23 15:17:32,284 [WARN] ConditionMgr:1039 - genDependencies : Invalid condition id : Cortex-A Device cause : null
2024-11-23 15:17:32,285 [WARN] ConditionMgr:1039 - genDependencies : Invalid condition id : Cortex-A Device cause : null
2024-11-23 15:17:32,325 [WARN] PackLoader:240 - Cannot read IP mode file for STMicroelectronics.X-CUBE-EEPRMA1.5.1.0
2024-11-23 15:17:32,357 [WARN] PackLoader:240 - Cannot read IP mode file for ITTIA_DB.I-CUBE-ITTIADB.8.9.0
2024-11-23 15:17:32,452 [WARN] PackLoader:240 - Cannot read IP mode file for SEGGER.I-CUBE-embOS.1.3.1
2024-11-23 15:17:32,620 [WARN] PackLoader:240 - Cannot read IP mode file for STMicroelectronics.X-CUBE-ALGOBUILD.1.4.0
2024-11-23 15:17:32,654 [WARN] PackLoader:240 - Cannot read IP mode file for STMicroelectronics.X-CUBE-GNSS1.6.0.0
2024-11-23 15:17:32,738 [WARN] PackLoader:240 - Cannot read IP mode file for STMicroelectronics.X-CUBE-AZRTOS-F4.1.1.0
2024-11-23 15:17:32,765 [WARN] PackLoader:240 - Cannot read IP mode file for STMicroelectronics.X-CUBE-ISPU.2.1.0
2024-11-23 15:17:32,793 [WARN] PackLoader:240 - Cannot read IP mode file for STMicroelectronics.X-CUBE-FREERTOS.1.2.0
2024-11-23 15:17:32,888 [WARN] PackLoader:240 - Cannot read IP mode file for STMicroelectronics.X-CUBE-AZRTOS-L5.2.0.0
2024-11-23 15:17:32,927 [WARN] PackLoader:240 - Cannot read IP mode file for STMicroelectronics.X-CUBE-NFC6.3.1.0
2024-11-23 15:17:32,957 [WARN] PackLoader:240 - Cannot read IP mode file for STMicroelectronics.X-CUBE-DPower.1.2.0
2024-11-23 15:17:32,990 [WARN] PackLoader:240 - Cannot read IP mode file for STMicroelectronics.X-CUBE-AI.9.0.0
2024-11-23 15:17:33,015 [WARN] PackLoader:240 - Cannot read IP mode file for STMicroelectronics.X-CUBE-NFC7.1.0.1
2024-11-23 15:17:33,041 [WARN] PackLoader:240 - Cannot read IP mode file for wolfSSL.I-CUBE-wolfTPM.3.2.0
2024-11-23 15:17:33,097 [WARN] ConditionMgr:438 - getConditionDescription Invalid condition id : LAN8742 Phy interface Condition cause : null
2024-11-23 15:17:33,098 [WARN] PackLoader:240 - Cannot read IP mode file for STMicroelectronics.X-CUBE-AZRTOS-L4.2.0.0
2024-11-23 15:17:33,110 [WARN] ConditionMgr:1039 - genDependencies : Invalid condition id : LAN8742 Phy interface Condition cause : null
2024-11-23 15:17:33,111 [WARN] ConditionMgr:1039 - genDependencies : Invalid condition id : LAN8742 Phy interface Condition cause : null
2024-11-23 15:17:33,111 [WARN] ConditionMgr:1039 - genDependencies : Invalid condition id : LAN8742 Phy interface Condition cause : null
2024-11-23 15:17:33,169 [WARN] PackLoader:240 - Cannot read IP mode file for STMicroelectronics.X-CUBE-SFXS2LP1.4.0.0
2024-11-23 15:17:33,260 [WARN] PackLoader:240 - Cannot read IP mode file for STMicroelectronics.X-CUBE-AZRTOS-H7.3.3.0
2024-11-23 15:17:33,302 [WARN] PackLoader:240 - Cannot read IP mode file for STMicroelectronics.X-CUBE-IPS.3.0.0
2024-11-23 15:17:33,377 [WARN] ConditionMgr:438 - getConditionDescription Invalid condition id : UX DEVICE CLASS RTOS Condition cause : null
2024-11-23 15:17:33,377 [WARN] ConditionMgr:438 - getConditionDescription Invalid condition id : UX DEVICE CLASS RTOS Condition cause : null
2024-11-23 15:17:33,381 [WARN] PackLoader:240 - Cannot read IP mode file for STMicroelectronics.X-CUBE-AZRTOS-WB.2.0.0
2024-11-23 15:17:33,382 [WARN] ConditionMgr:1039 - genDependencies : Invalid condition id : UX DEVICE CLASS RTOS Condition cause : null
2024-11-23 15:17:33,382 [WARN] ConditionMgr:1039 - genDependencies : Invalid condition id : UX DEVICE CLASS RTOS Condition cause : null
2024-11-23 15:17:33,383 [WARN] ConditionMgr:1039 - genDependencies : Invalid condition id : UX DEVICE CLASS RTOS Condition cause : null
2024-11-23 15:17:33,383 [WARN] ConditionMgr:1039 - genDependencies : Invalid condition id : UX DEVICE CLASS RTOS Condition cause : null
2024-11-23 15:17:33,384 [WARN] ConditionMgr:1039 - genDependencies : Invalid condition id : UX DEVICE CLASS RTOS Condition cause : null
2024-11-23 15:17:33,413 [WARN] PackLoader:240 - Cannot read IP mode file for STMicroelectronics.X-CUBE-GNSS1.7.0.0
2024-11-23 15:17:33,441 [WARN] PackLoader:240 - Cannot read IP mode file for STMicroelectronics.FP-SNS-STBOX1.2.0.0
2024-11-23 15:17:33,478 [WARN] PackLoader:240 - Cannot read IP mode file for STMicroelectronics.X-CUBE-SUBG2.5.0.0
2024-11-23 15:17:33,508 [WARN] PackLoader:240 - Cannot read IP mode file for Cesanta.I-CUBE-Mongoose.7.13.0
2024-11-23 15:17:33,557 [WARN] PackLoader:240 - Cannot read IP mode file for STMicroelectronics.X-CUBE-AZRTOS-G4.2.0.0
2024-11-23 15:17:33,580 [WARN] PackLoader:240 - Cannot read IP mode file for STMicroelectronics.X-CUBE-ISPU.2.0.0
2024-11-23 15:17:33,602 [WARN] PackLoader:240 - Cannot read IP mode file for STMicroelectronics.X-CUBE-ALS.1.0.2
2024-11-23 15:17:33,720 [WARN] PackLoader:240 - Cannot read IP mode file for STMicroelectronics.X-CUBE-MEMS1.10.0.0
2024-11-23 15:17:34,310 [WARN] PackLoader:240 - Cannot read IP mode file for STMicroelectronics.X-CUBE-TOUCHGFX.4.24.0
2024-11-23 15:17:34,331 [WARN] PackLoader:240 - Cannot read IP mode file for STMicroelectronics.X-CUBE-TOUCHGFX.4.24.1
2024-11-23 15:17:34,356 [WARN] PackLoader:240 - Cannot read IP mode file for portGmbH.I-Cube-SoM-uGOAL.1.1.0
2024-11-23 15:17:34,434 [WARN] PackLoader:240 - Cannot read IP mode file for STMicroelectronics.X-CUBE-AZRTOS-H7RS.1.0.0
2024-11-23 15:17:34,457 [WARN] PackLoader:240 - Cannot read IP mode file for STMicroelectronics.FP-ATR-ASTRA1.2.0.0
2024-11-23 15:17:34,495 [WARN] PackLoader:240 - Cannot read IP mode file for STMicroelectronics.X-CUBE-TOF1.3.4.2
2024-11-23 15:17:34,545 [WARN] PackLoader:240 - Cannot read IP mode file for STMicroelectronics.X-CUBE-TOF1.3.4.1
2024-11-23 15:17:34,642 [WARN] PackLoader:240 - Cannot read IP mode file for STMicroelectronics.X-CUBE-AZRTOS-H7.3.2.0
2024-11-23 15:17:34,713 [WARN] PackLoader:240 - Cannot read IP mode file for Infineon.AIROC-Wi-Fi-Bluetooth-STM32.1.6.0
2024-11-23 15:17:34,737 [WARN] PackLoader:240 - Cannot read IP mode file for wolfSSL.I-CUBE-wolfSSH.1.4.17
2024-11-23 15:17:34,738 [INFO] ThirdParty:978 - Integrity check success = true
2024-11-23 15:17:34,738 [INFO] IntegrityCheckThread:100 - exiting critical section [integrity check]
2024-11-23 15:17:34,738 [INFO] IntegrityCheckThread:103 - End integrity checks thread
2024-11-23 15:17:43,321 [INFO] WebApp:167 - Instantiating new browser for Auth
2024-11-23 15:17:46,418 [INFO] WebApp:448 - Apply proxy settings
2024-11-23 15:17:46,418 [INFO] WebApp:533 - Chromium requires no authentication
2024-11-23 15:17:46,434 [INFO] WebApp:476 - Direct internet connection detected
2024-11-23 15:17:46,488 [INFO] WebApp:869 - Register for checkConnection events
2024-11-23 15:17:46,489 [INFO] WebApp:448 - Apply proxy settings
2024-11-23 15:17:46,489 [INFO] WebApp:533 - Chromium requires no authentication
2024-11-23 15:17:46,490 [INFO] WebApp:476 - Direct internet connection detected
2024-11-23 15:17:46,829 [INFO] WebApp:186 - Connection restablished
2024-11-23 15:17:46,881 [INFO] WebApp:220 - Starting web application
2024-11-23 15:17:46,881 [INFO] WebApp:578 - Web application path used C:\ST\STM32CubeIDE_1.16.0\STM32CubeIDE\plugins\com.st.stm32cube.common.mx_6.12.0.202406281431\db\plugins\mcufinder\reactClient1\index.html
2024-11-23 15:17:47,241 [INFO] UserAuth:417 - Internet connection configuration mode: 1
2024-11-23 15:19:38,292 [INFO] WebApp:189 - Connection lost
2024-11-23 15:19:38,527 [INFO] WebApp:186 - Connection restablished
2024-11-23 15:38:20,432 [INFO] WebApp:189 - Connection lost
2024-11-23 15:38:23,038 [INFO] WebApp:186 - Connection restablished
2024-11-23 15:38:24,857 [INFO] WebApp:189 - Connection lost
2024-11-23 15:38:25,065 [INFO] WebApp:186 - Connection restablished
2024-11-23 16:00:47,387 [INFO] WebApp:189 - Connection lost
2024-11-23 16:00:49,637 [INFO] WebApp:186 - Connection restablished
2024-11-23 16:00:49,957 [INFO] WebApp:189 - Connection lost
2024-11-23 16:00:50,308 [INFO] WebApp:186 - Connection restablished
2024-11-23 16:00:52,284 [INFO] WebApp:189 - Connection lost
2024-11-23 16:00:52,456 [INFO] WebApp:186 - Connection restablished
2024-11-23 18:05:42,950 [ERROR] LogOutputStream:75 - [STDERR_REDIRECT] 
2024-11-23 18:05:42,951 [ERROR] LogOutputStream:75 - [STDERR_REDIRECT] 
