2024-12-04 14:01:29,270 [INFO] Activator:176 - 


2024-12-04 14:01:29,282 [INFO] Activator:177 - !SESSION log4j initialized
2024-12-04 14:01:42,220 [INFO] LogOutputStream:77 - [STDOUT_REDIRECT] 
2024-12-04 14:01:49,673 [INFO] ApplicationProperties:184 - Using Application install path: C:\ST\STM32CubeIDE_1.16.0\STM32CubeIDE\plugins\com.st.stm32cube.common.mx_6.12.0.202406281431
2024-12-04 14:01:49,702 [INFO] DbMcusXml:78 - Set database path to: C:\ST\STM32CubeIDE_1.16.0\STM32CubeIDE\plugins\com.st.stm32cube.common.mx_6.12.0.202406281431\\db\/mcu/
2024-12-04 14:01:49,703 [INFO] ApiDb:274 - Set plugin database path to: C:\ST\STM32CubeIDE_1.16.0\STM32CubeIDE\plugins\com.st.stm32cube.common.mx_6.12.0.202406281431\\db\/plugins/boardmanager/
2024-12-04 14:01:49,704 [WARN] ApiDb:259 - Overriding images path with different value:  => C:\ST\STM32CubeIDE_1.16.0\STM32CubeIDE\plugins\com.st.stm32cube.common.mx_6.12.0.202406281431\\db\/plugins/mcufinder/images/
2024-12-04 14:01:49,719 [INFO] ApiDb:250 - Set database path to: C:\Users\user\.stmcufinder\plugins\mcufinder//mcu/
2024-12-04 14:01:49,720 [INFO] DbMcusAds:125 - Set database path to: C:\Users\user\.stmcufinder\plugins\mcufinder//mcu/
2024-12-04 14:01:49,724 [INFO] CrossReferenceDbSqlite:203 - Set database path to: C:\Users\user\.stmcufinder\plugins\mcufinder//mcu/cs/
2024-12-04 14:01:49,927 [INFO] RulesReader:64 - Compatibility file has been processed (297 Rules)
2024-12-04 14:01:50,092 [INFO] DbMcusXml:78 - Set database path to: C:\ST\STM32CubeIDE_1.16.0\STM32CubeIDE\plugins\com.st.stm32cube.common.mx_6.12.0.202406281431\\db\/mcu/
2024-12-04 14:01:50,092 [INFO] ApiDb:274 - Set plugin database path to: C:\ST\STM32CubeIDE_1.16.0\STM32CubeIDE\plugins\com.st.stm32cube.common.mx_6.12.0.202406281431\\db\/plugins/boardmanager/
2024-12-04 14:01:50,093 [INFO] ApiDb:261 - Set plugin images path to: C:\ST\STM32CubeIDE_1.16.0\STM32CubeIDE\plugins\com.st.stm32cube.common.mx_6.12.0.202406281431\\db\/plugins/mcufinder/images/
2024-12-04 14:01:50,093 [WARN] DbFile:41 - Overriding database path with different value: C:\Users\user\.stmcufinder\plugins\mcufinder/ => C:\Users\user\.stmcufinder\plugins\mcufinder
2024-12-04 14:01:50,094 [INFO] ApiDb:250 - Set database path to: C:\Users\user\.stmcufinder\plugins\mcufinder//mcu/
2024-12-04 14:01:50,094 [WARN] DbFile:41 - Overriding database path with different value: C:\Users\user\.stmcufinder\plugins\mcufinder/ => C:\Users\user\.stmcufinder\plugins\mcufinder
2024-12-04 14:01:50,094 [INFO] DbMcusAds:125 - Set database path to: C:\Users\user\.stmcufinder\plugins\mcufinder//mcu/
2024-12-04 14:01:50,094 [WARN] DbFile:41 - Overriding database path with different value: C:\Users\user\.stmcufinder\plugins\mcufinder/ => C:\Users\user\.stmcufinder\plugins\mcufinder
2024-12-04 14:01:50,095 [WARN] DbFile:41 - Overriding database path with different value: C:\Users\user\.stmcufinder\plugins\mcufinder/ => C:\Users\user\.stmcufinder\plugins\mcufinder
2024-12-04 14:01:50,095 [INFO] CrossReferenceDbSqlite:203 - Set database path to: C:\Users\user\.stmcufinder\plugins\mcufinder//mcu/cs/
2024-12-04 14:01:50,253 [INFO] MainPanel:268 - HeapMemory: 268435456
2024-12-04 14:01:50,478 [INFO] DbMcusXml:78 - Set database path to: C:\ST\STM32CubeIDE_1.16.0\STM32CubeIDE\plugins\com.st.stm32cube.common.mx_6.12.0.202406281431\\db\/mcu/
2024-12-04 14:01:50,479 [INFO] ApiDb:274 - Set plugin database path to: C:\ST\STM32CubeIDE_1.16.0\STM32CubeIDE\plugins\com.st.stm32cube.common.mx_6.12.0.202406281431\\db\/plugins/boardmanager/
2024-12-04 14:01:50,479 [INFO] ApiDb:261 - Set plugin images path to: C:\ST\STM32CubeIDE_1.16.0\STM32CubeIDE\plugins\com.st.stm32cube.common.mx_6.12.0.202406281431\\db\/plugins/mcufinder/images/
2024-12-04 14:01:50,480 [WARN] DbFile:41 - Overriding database path with different value: C:\Users\user\.stmcufinder\plugins\mcufinder/ => C:\Users\user\.stmcufinder\plugins\mcufinder
2024-12-04 14:01:50,480 [INFO] ApiDb:250 - Set database path to: C:\Users\user\.stmcufinder\plugins\mcufinder//mcu/
2024-12-04 14:01:50,480 [WARN] DbFile:41 - Overriding database path with different value: C:\Users\user\.stmcufinder\plugins\mcufinder/ => C:\Users\user\.stmcufinder\plugins\mcufinder
2024-12-04 14:01:50,481 [INFO] DbMcusAds:125 - Set database path to: C:\Users\user\.stmcufinder\plugins\mcufinder//mcu/
2024-12-04 14:01:50,481 [WARN] DbFile:41 - Overriding database path with different value: C:\Users\user\.stmcufinder\plugins\mcufinder/ => C:\Users\user\.stmcufinder\plugins\mcufinder
2024-12-04 14:01:50,481 [WARN] DbFile:41 - Overriding database path with different value: C:\Users\user\.stmcufinder\plugins\mcufinder/ => C:\Users\user\.stmcufinder\plugins\mcufinder
2024-12-04 14:01:50,481 [INFO] CrossReferenceDbSqlite:203 - Set database path to: C:\Users\user\.stmcufinder\plugins\mcufinder//mcu/cs/
2024-12-04 14:01:50,524 [INFO] ApplicationProperties:184 - Using Application install path: C:\ST\STM32CubeIDE_1.16.0\STM32CubeIDE\plugins\com.st.stm32cube.common.mx_6.12.0.202406281431
2024-12-04 14:01:50,527 [INFO] PluginManage:196 - Search for loadable plugins [exclusion list=, ]
2024-12-04 14:01:50,530 [INFO] PluginManage:310 - Check plugin analytics
2024-12-04 14:01:50,924 [INFO] AnalyticsPlugin:253 - Accepted Software Licenses: 
2024-12-04 14:01:50,924 [INFO] AnalyticsPlugin:255 - Accepted CMSIS Pack Licenses: 
2024-12-04 14:01:50,925 [INFO] AnalyticsPlugin:257 - Accepted Firmware Licenses: 
2024-12-04 14:01:50,931 [INFO] PluginManage:359 - Loaded plugin analytics (category:tool,tabindex:-1)
2024-12-04 14:01:50,932 [INFO] PluginManage:310 - Check plugin cadmodel
2024-12-04 14:01:50,966 [INFO] CADModel:105 - Init CAD model plugin
2024-12-04 14:01:50,967 [INFO] PluginManage:359 - Loaded plugin cadmodel (category:power,tabindex:5)
2024-12-04 14:01:50,967 [INFO] PluginManage:310 - Check plugin clock
2024-12-04 14:01:51,013 [INFO] PluginManage:359 - Loaded plugin clock (category:base,tabindex:2)
2024-12-04 14:01:51,014 [INFO] PluginManage:310 - Check plugin ddr
2024-12-04 14:01:51,020 [INFO] PluginManage:359 - Loaded plugin ddr (category:tool,tabindex:6)
2024-12-04 14:01:51,021 [INFO] PluginManage:310 - Check plugin filemanager
2024-12-04 14:01:51,323 [INFO] PluginManage:359 - Loaded plugin filemanager (category:base,tabindex:10)
2024-12-04 14:01:51,324 [INFO] PluginManage:310 - Check plugin ipmanager
2024-12-04 14:01:51,363 [INFO] PluginManage:359 - Loaded plugin ipmanager (category:base,tabindex:5)
2024-12-04 14:01:51,365 [INFO] PluginManage:310 - Check plugin lpbam
2024-12-04 14:01:51,406 [INFO] PluginManage:359 - Loaded plugin lpbam (category:base,tabindex:0)
2024-12-04 14:01:51,406 [INFO] PluginManage:310 - Check plugin memorymap
2024-12-04 14:01:51,458 [INFO] PluginManage:359 - Loaded plugin memorymap (category:base,tabindex:4)
2024-12-04 14:01:51,458 [INFO] PluginManage:310 - Check plugin pinoutandconfiguration
2024-12-04 14:01:51,500 [INFO] PluginManage:359 - Loaded plugin pinoutandconfiguration (category:base,tabindex:1)
2024-12-04 14:01:51,500 [INFO] PluginManage:310 - Check plugin pinoutconfig
2024-12-04 14:01:51,715 [WARN] SupportedApi:132 - Cannot load RTOS API schema: s4s-elt-must-match.1: The content of 'definitions' must match (annotation?, (simpleType | complexType)?, (unique | key | keyref)*)). A problem was found starting at: attribute.
2024-12-04 14:01:52,002 [INFO] PluginManage:359 - Loaded plugin pinoutconfig (category:base,tabindex:0)
2024-12-04 14:01:52,002 [INFO] PluginManage:310 - Check plugin power
2024-12-04 14:01:52,047 [INFO] PluginManage:359 - Loaded plugin power (category:power,tabindex:4)
2024-12-04 14:01:52,047 [INFO] PluginManage:310 - Check plugin projectmanager
2024-12-04 14:01:52,081 [INFO] PluginManage:359 - Loaded plugin projectmanager (category:projectmanager,tabindex:4)
2024-12-04 14:01:52,081 [INFO] PluginManage:310 - Check plugin rif
2024-12-04 14:01:52,115 [INFO] PluginManage:359 - Loaded plugin rif (category:base,tabindex:3)
2024-12-04 14:01:52,115 [INFO] PluginManage:310 - Check plugin thirdparty
2024-12-04 14:01:52,629 [INFO] PluginManage:359 - Loaded plugin thirdparty (category:base,tabindex:-1)
2024-12-04 14:01:52,630 [INFO] PluginManage:310 - Check plugin tools
2024-12-04 14:01:52,629 [WARN] IntegrityCheckThread:84 - waiting for thirdparty lock release [integrity check]
2024-12-04 14:01:52,631 [INFO] IntegrityCheckThread:86 - entering critical section [integrity check]
2024-12-04 14:01:52,632 [INFO] ThirdPartyUpdaterWithRetryManager:70 - Updater plugin not ready yet. [1/15]
2024-12-04 14:01:52,708 [INFO] PluginManage:359 - Loaded plugin tools (category:base,tabindex:7)
2024-12-04 14:01:52,708 [INFO] PluginManage:310 - Check plugin tutovideos
2024-12-04 14:01:53,167 [INFO] PluginManage:359 - Loaded plugin tutovideos (category:base,tabindex:-1)
2024-12-04 14:01:53,168 [INFO] PluginManage:310 - Check plugin updater
2024-12-04 14:01:53,209 [INFO] PluginManage:359 - Loaded plugin updater (category:base,tabindex:12)
2024-12-04 14:01:53,210 [INFO] PluginManage:310 - Check plugin userauth
2024-12-04 14:01:53,219 [INFO] UserAuth:113 - Init User Auth plugin
2024-12-04 14:01:53,220 [INFO] PluginManage:359 - Loaded plugin userauth (category:base,tabindex:14)
2024-12-04 14:01:53,220 [INFO] PluginManage:283 - PluginManage : Loaded plugins [18]
2024-12-04 14:01:53,653 [INFO] PinOutPanel:1561 - setPackage(No Configuration,No Configuration)
2024-12-04 14:01:53,832 [INFO] CADModel:165 - CPN selected for project level
2024-12-04 14:01:53,833 [INFO] CADModel:114 - Register for checkConnection events
2024-12-04 14:01:53,895 [INFO] IPUIPlugin:80 - create IPUIPlugin
2024-12-04 14:01:53,895 [INFO] PluginManager:220 - loadIPPluginJar : add adc
2024-12-04 14:01:53,977 [INFO] IPUIPlugin:80 - create IPUIPlugin
2024-12-04 14:01:53,977 [INFO] PluginManager:220 - loadIPPluginJar : add aes
2024-12-04 14:01:54,056 [INFO] IPUIPlugin:80 - create IPUIPlugin
2024-12-04 14:01:54,056 [INFO] PluginManager:220 - loadIPPluginJar : add can
2024-12-04 14:01:54,100 [INFO] IPUIPlugin:80 - create IPUIPlugin
2024-12-04 14:01:54,100 [INFO] PluginManager:220 - loadIPPluginJar : add comp
2024-12-04 14:01:54,161 [INFO] IPUIPlugin:80 - create IPUIPlugin
2024-12-04 14:01:54,162 [INFO] PluginManager:220 - loadIPPluginJar : add cryp
2024-12-04 14:01:54,181 [INFO] IPUIPlugin:80 - create IPUIPlugin
2024-12-04 14:01:54,182 [INFO] PluginManager:220 - loadIPPluginJar : add ddr_ctrl_phy
2024-12-04 14:01:54,235 [INFO] IPUIPlugin:80 - create IPUIPlugin
2024-12-04 14:01:54,235 [INFO] PluginManager:220 - loadIPPluginJar : add dfsdm
2024-12-04 14:01:54,262 [INFO] IPUIPlugin:80 - create IPUIPlugin
2024-12-04 14:01:54,262 [INFO] PluginManager:220 - loadIPPluginJar : add dma
2024-12-04 14:01:54,345 [INFO] IPUIPlugin:80 - create IPUIPlugin
2024-12-04 14:01:54,345 [INFO] PluginManager:220 - loadIPPluginJar : add dma3
2024-12-04 14:01:54,429 [INFO] IPUIPlugin:80 - create IPUIPlugin
2024-12-04 14:01:54,429 [INFO] PluginManager:220 - loadIPPluginJar : add extmemmanager
2024-12-04 14:01:54,484 [INFO] IPUIPlugin:80 - create IPUIPlugin
2024-12-04 14:01:54,484 [INFO] PluginManager:220 - loadIPPluginJar : add fatfs
2024-12-04 14:01:54,606 [INFO] IPUIPlugin:80 - create IPUIPlugin
2024-12-04 14:01:54,606 [INFO] PluginManager:220 - loadIPPluginJar : add fmc
2024-12-04 14:01:54,642 [INFO] IPUIPlugin:80 - create IPUIPlugin
2024-12-04 14:01:54,642 [INFO] PluginManager:220 - loadIPPluginJar : add freertos
2024-12-04 14:01:54,695 [INFO] IPUIPlugin:80 - create IPUIPlugin
2024-12-04 14:01:54,696 [INFO] PluginManager:220 - loadIPPluginJar : add genericplugin
2024-12-04 14:01:54,884 [INFO] IPUIPlugin:80 - create IPUIPlugin
2024-12-04 14:01:54,885 [INFO] PluginManager:220 - loadIPPluginJar : add gfxmmu
2024-12-04 14:01:55,138 [INFO] IPUIPlugin:80 - create IPUIPlugin
2024-12-04 14:01:55,139 [INFO] PluginManager:220 - loadIPPluginJar : add gic
2024-12-04 14:01:55,163 [INFO] IPUIPlugin:80 - create IPUIPlugin
2024-12-04 14:01:55,163 [INFO] PluginManager:220 - loadIPPluginJar : add gpio
2024-12-04 14:01:55,326 [INFO] IPUIPlugin:80 - create IPUIPlugin
2024-12-04 14:01:55,327 [INFO] PluginManager:220 - loadIPPluginJar : add gtzc
2024-12-04 14:01:55,385 [INFO] IPUIPlugin:80 - create IPUIPlugin
2024-12-04 14:01:55,385 [INFO] PluginManager:220 - loadIPPluginJar : add hash
2024-12-04 14:01:55,504 [INFO] IPUIPlugin:80 - create IPUIPlugin
2024-12-04 14:01:55,504 [INFO] PluginManager:220 - loadIPPluginJar : add i2c
2024-12-04 14:01:55,578 [INFO] IPUIPlugin:80 - create IPUIPlugin
2024-12-04 14:01:55,579 [INFO] PluginManager:220 - loadIPPluginJar : add i2s
2024-12-04 14:01:55,633 [INFO] ThirdPartyUpdaterWithRetryManager:70 - Updater plugin not ready yet. [2/15]
2024-12-04 14:01:55,655 [INFO] IPUIPlugin:80 - create IPUIPlugin
2024-12-04 14:01:55,655 [INFO] PluginManager:220 - loadIPPluginJar : add i3c
2024-12-04 14:01:55,844 [INFO] IPUIPlugin:80 - create IPUIPlugin
2024-12-04 14:01:55,844 [INFO] PluginManager:220 - loadIPPluginJar : add ipddr
2024-12-04 14:01:56,018 [INFO] IPUIPlugin:80 - create IPUIPlugin
2024-12-04 14:01:56,018 [INFO] PluginManager:220 - loadIPPluginJar : add linkedlist
2024-12-04 14:01:56,083 [INFO] IPUIPlugin:80 - create IPUIPlugin
2024-12-04 14:01:56,083 [INFO] PluginManager:220 - loadIPPluginJar : add lorawan
2024-12-04 14:01:56,150 [INFO] IPUIPlugin:80 - create IPUIPlugin
2024-12-04 14:01:56,150 [INFO] PluginManager:220 - loadIPPluginJar : add ltdc
2024-12-04 14:01:56,173 [INFO] IPUIPlugin:80 - create IPUIPlugin
2024-12-04 14:01:56,174 [INFO] PluginManager:220 - loadIPPluginJar : add mdma
2024-12-04 14:01:56,193 [INFO] IPUIPlugin:80 - create IPUIPlugin
2024-12-04 14:01:56,193 [INFO] PluginManager:220 - loadIPPluginJar : add nvic
2024-12-04 14:01:56,260 [INFO] IPUIPlugin:80 - create IPUIPlugin
2024-12-04 14:01:56,261 [INFO] PluginManager:220 - loadIPPluginJar : add opamp
2024-12-04 14:01:56,381 [INFO] IPUIPlugin:80 - create IPUIPlugin
2024-12-04 14:01:56,382 [INFO] PluginManager:220 - loadIPPluginJar : add openamp
2024-12-04 14:01:56,463 [INFO] IPUIPlugin:80 - create IPUIPlugin
2024-12-04 14:01:56,463 [INFO] PluginManager:220 - loadIPPluginJar : add pdm2pcm
2024-12-04 14:01:56,487 [INFO] IPUIPlugin:80 - create IPUIPlugin
2024-12-04 14:01:56,491 [INFO] PluginManager:220 - loadIPPluginJar : add plateformsettings
2024-12-04 14:01:56,532 [INFO] IPUIPlugin:80 - create IPUIPlugin
2024-12-04 14:01:56,532 [INFO] PluginManager:220 - loadIPPluginJar : add quadspi
2024-12-04 14:01:56,578 [INFO] IPUIPlugin:80 - create IPUIPlugin
2024-12-04 14:01:56,580 [INFO] PluginManager:220 - loadIPPluginJar : add radio
2024-12-04 14:01:56,600 [INFO] IPUIPlugin:80 - create IPUIPlugin
2024-12-04 14:01:56,600 [INFO] PluginManager:220 - loadIPPluginJar : add resmgrutility
2024-12-04 14:01:56,685 [INFO] IPUIPlugin:80 - create IPUIPlugin
2024-12-04 14:01:56,685 [INFO] PluginManager:220 - loadIPPluginJar : add sai
2024-12-04 14:01:56,752 [INFO] IPUIPlugin:80 - create IPUIPlugin
2024-12-04 14:01:56,753 [INFO] PluginManager:220 - loadIPPluginJar : add spi
2024-12-04 14:01:56,878 [INFO] IPUIPlugin:80 - create IPUIPlugin
2024-12-04 14:01:56,879 [INFO] PluginManager:220 - loadIPPluginJar : add stm32_wpan
2024-12-04 14:01:56,930 [INFO] IPUIPlugin:80 - create IPUIPlugin
2024-12-04 14:01:56,930 [INFO] PluginManager:220 - loadIPPluginJar : add tim
2024-12-04 14:01:57,036 [INFO] IPUIPlugin:80 - create IPUIPlugin
2024-12-04 14:01:57,037 [INFO] PluginManager:220 - loadIPPluginJar : add touchsensing
2024-12-04 14:01:57,080 [INFO] IPUIPlugin:80 - create IPUIPlugin
2024-12-04 14:01:57,080 [INFO] PluginManager:220 - loadIPPluginJar : add tracer_emb
2024-12-04 14:01:57,120 [INFO] IPUIPlugin:80 - create IPUIPlugin
2024-12-04 14:01:57,121 [INFO] PluginManager:220 - loadIPPluginJar : add ts
2024-12-04 14:01:57,161 [INFO] IPUIPlugin:80 - create IPUIPlugin
2024-12-04 14:01:57,162 [INFO] PluginManager:220 - loadIPPluginJar : add tsc
2024-12-04 14:01:57,201 [INFO] IPUIPlugin:80 - create IPUIPlugin
2024-12-04 14:01:57,201 [INFO] PluginManager:220 - loadIPPluginJar : add ucpd
2024-12-04 14:01:57,299 [INFO] IPUIPlugin:80 - create IPUIPlugin
2024-12-04 14:01:57,299 [INFO] PluginManager:220 - loadIPPluginJar : add usart
2024-12-04 14:01:57,382 [INFO] IPUIPlugin:80 - create IPUIPlugin
2024-12-04 14:01:57,382 [INFO] PluginManager:220 - loadIPPluginJar : add usbx
2024-12-04 14:01:57,561 [INFO] CADModel:165 - CPN selected for project level
2024-12-04 14:01:57,561 [INFO] CADModel:114 - Register for checkConnection events
2024-12-04 14:01:57,563 [FATAL] Updater:334 - Updater called before beeing initialized
2024-12-04 14:01:57,563 [ERROR] CADModel:125 - Updater not yet initialized, retry later 
2024-12-04 14:01:57,872 [INFO] CADModel:165 - CPN selected for project level
2024-12-04 14:01:57,872 [INFO] CADModel:114 - Register for checkConnection events
2024-12-04 14:01:57,872 [FATAL] Updater:334 - Updater called before beeing initialized
2024-12-04 14:01:57,873 [ERROR] CADModel:125 - Updater not yet initialized, retry later 
2024-12-04 14:01:57,881 [FATAL] Updater:334 - Updater called before beeing initialized
2024-12-04 14:01:58,080 [FATAL] Updater:334 - Updater called before beeing initialized
2024-12-04 14:01:58,096 [INFO] DbMcusAds:53 - JSON generation date=Fri Sep 20 22:04:38 KST 2024 (1726837478367)
2024-12-04 14:01:58,097 [FATAL] Updater:334 - Updater called before beeing initialized
2024-12-04 14:01:58,160 [WARN] DetailPanel:346 - Failed to get advertising image, set to default
2024-12-04 14:01:58,318 [FATAL] Updater:334 - Updater called before beeing initialized
2024-12-04 14:01:58,321 [FATAL] Updater:334 - Updater called before beeing initialized
2024-12-04 14:01:58,322 [FATAL] Updater:334 - Updater called before beeing initialized
2024-12-04 14:01:58,322 [WARN] DetailPanel:346 - Failed to get advertising image, set to default
2024-12-04 14:01:58,323 [FATAL] Updater:334 - Updater called before beeing initialized
2024-12-04 14:01:58,457 [ERROR] Updater:1164 - MainUpdater not yet initialized. External WinMGr cannot be set.
2024-12-04 14:01:58,480 [INFO] Updater:1100 - Updater Version found : 6.12.0
2024-12-04 14:01:58,508 [INFO] ApplicationProperties:184 - Using Application install path: C:\ST\STM32CubeIDE_1.16.0\STM32CubeIDE\plugins\com.st.stm32cube.common.mx_6.12.0.202406281431
2024-12-04 14:01:58,634 [INFO] ThirdPartyUpdaterWithRetryManager:70 - Updater plugin not ready yet. [3/15]
2024-12-04 14:02:00,116 [ERROR] LogOutputStream:75 - [STDERR_REDIRECT] Dec 04, 2024 2:02:00 PM java.util.prefs.WindowsPreferences <init>
2024-12-04 14:02:00,122 [ERROR] LogOutputStream:75 - [STDERR_REDIRECT] WARNING: Could not open/create prefs root node Software\JavaSoft\Prefs at root 0xffffffff80000002. Windows RegCreateKeyEx(...) returned error code 5.
2024-12-04 14:02:00,122 [ERROR] LogOutputStream:75 - [STDERR_REDIRECT] 
2024-12-04 14:02:00,781 [INFO] MainUpdater:2873 - connection check result : 10
2024-12-04 14:02:00,782 [INFO] MainUpdater:290 - Updater Check For Update Now.
2024-12-04 14:02:00,782 [INFO] MicroXplorer:498 - Change Database Version : DB.6.0.120
2024-12-04 14:02:00,821 [INFO] McuFinderGlobals:63 - Set McuFinder mode to 2 (CubeIDE integrated)
2024-12-04 14:02:00,837 [INFO] UserAuth:417 - Internet connection configuration mode: 1
2024-12-04 14:02:00,888 [INFO] JxBrowserEngine:152 - Initiate JxBrowser Engine with user profile folder
2024-12-04 14:02:01,253 [INFO] CheckServerUpdateThread:120 - End of CheckServer Thread
2024-12-04 14:02:02,224 [WARN] PackLoader:240 - Cannot read IP mode file for STMicroelectronics.FP-SNS-MOTENVWB1.1.4.0
2024-12-04 14:02:02,255 [WARN] PackLoader:240 - Cannot read IP mode file for STMicroelectronics.FP-ATR-ASTRA1.2.0.1
2024-12-04 14:02:02,285 [WARN] PackLoader:240 - Cannot read IP mode file for STMicroelectronics.X-CUBE-SMBUS.2.1.0
2024-12-04 14:02:02,325 [WARN] PackLoader:240 - Cannot read IP mode file for STMicroelectronics.X-CUBE-WB05N.1.1.0
2024-12-04 14:02:02,427 [WARN] PackLoader:240 - Cannot read IP mode file for STMicroelectronics.X-CUBE-AZRTOS-F7.1.1.0
2024-12-04 14:02:02,740 [WARN] PackLoader:240 - Cannot read IP mode file for STMicroelectronics.X-CUBE-MEMS1.11.0.0
2024-12-04 14:02:03,143 [WARN] PackLoader:240 - Cannot read IP mode file for STMicroelectronics.FP-SNS-FLIGHT1.5.0.2
2024-12-04 14:02:03,172 [WARN] PackLoader:240 - Cannot read IP mode file for STMicroelectronics.X-CUBE-DISPLAY.3.0.0
2024-12-04 14:02:03,207 [WARN] PackLoader:240 - Cannot read IP mode file for STMicroelectronics.X-CUBE-BLE1.7.0.0
2024-12-04 14:02:03,238 [WARN] PackLoader:240 - Cannot read IP mode file for STMicroelectronics.X-CUBE-NFC10.1.0.0
2024-12-04 14:02:03,270 [WARN] PackLoader:240 - Cannot read IP mode file for emotas.I-CUBE-CANOPEN.1.3.0
2024-12-04 14:02:03,311 [WARN] PackLoader:240 - Cannot read IP mode file for STMicroelectronics.X-CUBE-BLEMGR.3.1.0
2024-12-04 14:02:03,361 [WARN] PackLoader:240 - Cannot read IP mode file for STMicroelectronics.FP-SNS-SMARTAG2.1.2.0
2024-12-04 14:02:03,407 [INFO] LogOutputStream:77 - [STDOUT_REDIRECT] 1 : Invalid condition id : UX_CORESTACK_Condition cause : null
2024-12-04 14:02:03,408 [INFO] LogOutputStream:77 - [STDOUT_REDIRECT] 1 : Invalid condition id : UX_CORESTACK_Condition cause : null
2024-12-04 14:02:03,413 [INFO] LogOutputStream:77 - [STDOUT_REDIRECT] 1 : Invalid condition id : UX_CORESTACK_Condition cause : null
2024-12-04 14:02:03,415 [INFO] LogOutputStream:77 - [STDOUT_REDIRECT] 1 : Invalid condition id : UX_CORESTACK_Condition cause : null
2024-12-04 14:02:03,417 [INFO] LogOutputStream:77 - [STDOUT_REDIRECT] 1 : Invalid condition id : UX_CORESTACK_Condition cause : null
2024-12-04 14:02:03,423 [WARN] PackLoader:240 - Cannot read IP mode file for STMicroelectronics.X-CUBE-AZRTOS-WL.2.0.0
2024-12-04 14:02:03,453 [WARN] PackLoader:240 - Cannot read IP mode file for STMicroelectronics.FP-SNS-MOTENV1.5.0.0
2024-12-04 14:02:03,479 [WARN] PackLoader:240 - Cannot read IP mode file for wolfSSL.I-CUBE-wolfMQTT.1.19.0
2024-12-04 14:02:03,509 [WARN] PackLoader:240 - Cannot read IP mode file for WES.I-CUBE-Cesium.1.3.0
2024-12-04 14:02:03,536 [WARN] PackLoader:240 - Cannot read IP mode file for STMicroelectronics.X-CUBE-BLE2.3.3.0
2024-12-04 14:02:03,600 [WARN] PackLoader:240 - Cannot read IP mode file for STMicroelectronics.X-CUBE-NFC9.1.0.0
2024-12-04 14:02:03,668 [WARN] PackLoader:240 - Cannot read IP mode file for STMicroelectronics.X-CUBE-TCPP.4.1.0
2024-12-04 14:02:03,742 [WARN] PackLoader:240 - Cannot read IP mode file for STMicroelectronics.X-CUBE-AZRTOS-G0.1.1.0
2024-12-04 14:02:03,778 [WARN] PackLoader:240 - Cannot read IP mode file for STMicroelectronics.X-CUBE-SAFEA1.1.2.2
2024-12-04 14:02:03,810 [WARN] PackLoader:240 - Cannot read IP mode file for STMicroelectronics.X-CUBE-NFC4.3.0.0
2024-12-04 14:02:03,847 [WARN] PackLoader:240 - Cannot read IP mode file for EmbeddedOffice.I-CUBE-FS-RTOS.1.0.1
2024-12-04 14:02:03,848 [ERROR] ConditionMgr:805 - Attr not supported : Dmpu
2024-12-04 14:02:03,848 [ERROR] ConditionMgr:805 - Attr not supported : Dmpu
2024-12-04 14:02:03,848 [ERROR] ConditionMgr:805 - Attr not supported : Dmpu
2024-12-04 14:02:03,848 [ERROR] ConditionMgr:805 - Attr not supported : Dmpu
2024-12-04 14:02:03,848 [ERROR] ConditionMgr:805 - Attr not supported : Dmpu
2024-12-04 14:02:03,849 [ERROR] ConditionMgr:805 - Attr not supported : Dmpu
2024-12-04 14:02:03,849 [ERROR] ConditionMgr:805 - Attr not supported : Dmpu
2024-12-04 14:02:03,849 [ERROR] ConditionMgr:805 - Attr not supported : Dmpu
2024-12-04 14:02:03,849 [ERROR] ConditionMgr:805 - Attr not supported : Dmpu
2024-12-04 14:02:03,849 [ERROR] ConditionMgr:805 - Attr not supported : Dmpu
2024-12-04 14:02:03,849 [ERROR] ConditionMgr:805 - Attr not supported : Dmpu
2024-12-04 14:02:03,850 [ERROR] ConditionMgr:805 - Attr not supported : Dmpu
2024-12-04 14:02:03,850 [ERROR] ConditionMgr:805 - Attr not supported : Dmpu
2024-12-04 14:02:03,850 [ERROR] ConditionMgr:805 - Attr not supported : Dmpu
2024-12-04 14:02:03,850 [ERROR] ConditionMgr:805 - Attr not supported : Dmpu
2024-12-04 14:02:03,850 [ERROR] ConditionMgr:805 - Attr not supported : Dmpu
2024-12-04 14:02:03,850 [ERROR] ConditionMgr:805 - Attr not supported : Dmpu
2024-12-04 14:02:03,851 [ERROR] ConditionMgr:805 - Attr not supported : Dmpu
2024-12-04 14:02:03,851 [ERROR] ConditionMgr:805 - Attr not supported : Dmpu
2024-12-04 14:02:03,851 [ERROR] ConditionMgr:805 - Attr not supported : Dmpu
2024-12-04 14:02:03,851 [ERROR] ConditionMgr:805 - Attr not supported : Dmpu
2024-12-04 14:02:03,851 [ERROR] ConditionMgr:805 - Attr not supported : Dmpu
2024-12-04 14:02:03,851 [ERROR] ConditionMgr:805 - Attr not supported : Dmpu
2024-12-04 14:02:03,851 [ERROR] ConditionMgr:805 - Attr not supported : Dmpu
2024-12-04 14:02:03,852 [ERROR] ConditionMgr:805 - Attr not supported : Dmpu
2024-12-04 14:02:03,852 [ERROR] ConditionMgr:805 - Attr not supported : Dmpu
2024-12-04 14:02:03,852 [ERROR] ConditionMgr:805 - Attr not supported : Dmpu
2024-12-04 14:02:03,852 [ERROR] ConditionMgr:805 - Attr not supported : Dmpu
2024-12-04 14:02:03,852 [ERROR] ConditionMgr:805 - Attr not supported : Dmpu
2024-12-04 14:02:03,852 [ERROR] ConditionMgr:805 - Attr not supported : Dmpu
2024-12-04 14:02:03,852 [ERROR] ConditionMgr:805 - Attr not supported : Dmpu
2024-12-04 14:02:03,853 [ERROR] ConditionMgr:805 - Attr not supported : Dmpu
2024-12-04 14:02:03,853 [ERROR] ConditionMgr:805 - Attr not supported : Dmpu
2024-12-04 14:02:03,853 [ERROR] ConditionMgr:805 - Attr not supported : Dmpu
2024-12-04 14:02:03,853 [ERROR] ConditionMgr:805 - Attr not supported : Dmpu
2024-12-04 14:02:03,853 [ERROR] ConditionMgr:805 - Attr not supported : Dmpu
2024-12-04 14:02:03,853 [ERROR] ConditionMgr:805 - Attr not supported : Dmpu
2024-12-04 14:02:03,853 [ERROR] ConditionMgr:805 - Attr not supported : Dmpu
2024-12-04 14:02:03,854 [ERROR] ConditionMgr:805 - Attr not supported : Dmpu
2024-12-04 14:02:03,854 [ERROR] ConditionMgr:805 - Attr not supported : Dmpu
2024-12-04 14:02:03,854 [ERROR] ConditionMgr:805 - Attr not supported : Dmpu
2024-12-04 14:02:03,854 [ERROR] ConditionMgr:805 - Attr not supported : Dmpu
2024-12-04 14:02:03,854 [ERROR] ConditionMgr:805 - Attr not supported : Dmpu
2024-12-04 14:02:03,854 [ERROR] ConditionMgr:805 - Attr not supported : Dmpu
2024-12-04 14:02:03,854 [ERROR] ConditionMgr:805 - Attr not supported : Dmpu
2024-12-04 14:02:03,855 [ERROR] ConditionMgr:805 - Attr not supported : Dmpu
2024-12-04 14:02:03,855 [ERROR] ConditionMgr:805 - Attr not supported : Dmpu
2024-12-04 14:02:03,855 [ERROR] ConditionMgr:805 - Attr not supported : Dmpu
2024-12-04 14:02:03,855 [ERROR] ConditionMgr:805 - Attr not supported : Dmpu
2024-12-04 14:02:03,855 [ERROR] ConditionMgr:805 - Attr not supported : Dmpu
2024-12-04 14:02:03,855 [ERROR] ConditionMgr:805 - Attr not supported : Dmpu
2024-12-04 14:02:03,855 [ERROR] ConditionMgr:805 - Attr not supported : Dmpu
2024-12-04 14:02:03,855 [ERROR] ConditionMgr:805 - Attr not supported : Dmpu
2024-12-04 14:02:03,856 [ERROR] ConditionMgr:805 - Attr not supported : Dmpu
2024-12-04 14:02:03,856 [ERROR] ConditionMgr:805 - Attr not supported : Dmpu
2024-12-04 14:02:03,856 [ERROR] ConditionMgr:805 - Attr not supported : Dmpu
2024-12-04 14:02:03,856 [ERROR] ConditionMgr:805 - Attr not supported : Dmpu
2024-12-04 14:02:03,856 [ERROR] ConditionMgr:805 - Attr not supported : Dmpu
2024-12-04 14:02:03,856 [ERROR] ConditionMgr:805 - Attr not supported : Dmpu
2024-12-04 14:02:03,856 [ERROR] ConditionMgr:805 - Attr not supported : Dmpu
2024-12-04 14:02:03,856 [ERROR] ConditionMgr:805 - Attr not supported : Dmpu
2024-12-04 14:02:03,856 [ERROR] ConditionMgr:805 - Attr not supported : Dmpu
2024-12-04 14:02:03,857 [ERROR] ConditionMgr:805 - Attr not supported : Dmpu
2024-12-04 14:02:03,857 [ERROR] ConditionMgr:805 - Attr not supported : Dmpu
2024-12-04 14:02:03,883 [WARN] PackLoader:240 - Cannot read IP mode file for RealThread.X-CUBE-RT-Thread_Nano.4.1.1
2024-12-04 14:02:03,907 [WARN] PackLoader:240 - Cannot read IP mode file for STMicroelectronics.FP-ATR-SIGFOX1.3.2.0
2024-12-04 14:02:03,956 [WARN] PackLoader:240 - Cannot read IP mode file for wolfSSL.I-CUBE-wolfSSL.5.7.2
2024-12-04 14:02:03,982 [WARN] ConditionMgr:438 - getConditionDescription Invalid condition id : Cortex-A Device cause : null
2024-12-04 14:02:04,026 [WARN] ConditionMgr:1039 - genDependencies : Invalid condition id : Cortex-A Device cause : null
2024-12-04 14:02:04,026 [WARN] ConditionMgr:1039 - genDependencies : Invalid condition id : Cortex-A Device cause : null
2024-12-04 14:02:04,027 [WARN] ConditionMgr:1039 - genDependencies : Invalid condition id : Cortex-A Device cause : null
2024-12-04 14:02:04,058 [WARN] PackLoader:240 - Cannot read IP mode file for STMicroelectronics.X-CUBE-EEPRMA1.5.1.0
2024-12-04 14:02:04,093 [WARN] PackLoader:240 - Cannot read IP mode file for ITTIA_DB.I-CUBE-ITTIADB.8.9.0
2024-12-04 14:02:04,205 [WARN] PackLoader:240 - Cannot read IP mode file for SEGGER.I-CUBE-embOS.1.3.1
2024-12-04 14:02:04,301 [WARN] PackLoader:240 - Cannot read IP mode file for STMicroelectronics.X-CUBE-ALGOBUILD.1.4.0
2024-12-04 14:02:04,368 [WARN] PackLoader:240 - Cannot read IP mode file for STMicroelectronics.X-CUBE-GNSS1.6.0.0
2024-12-04 14:02:04,427 [WARN] PackLoader:240 - Cannot read IP mode file for STMicroelectronics.X-CUBE-AZRTOS-F4.1.1.0
2024-12-04 14:02:04,458 [WARN] PackLoader:240 - Cannot read IP mode file for STMicroelectronics.X-CUBE-ISPU.2.1.0
2024-12-04 14:02:04,488 [WARN] PackLoader:240 - Cannot read IP mode file for STMicroelectronics.X-CUBE-FREERTOS.1.2.0
2024-12-04 14:02:04,566 [WARN] PackLoader:240 - Cannot read IP mode file for STMicroelectronics.X-CUBE-AZRTOS-L5.2.0.0
2024-12-04 14:02:04,653 [WARN] PackLoader:240 - Cannot read IP mode file for STMicroelectronics.X-CUBE-NFC6.3.1.0
2024-12-04 14:02:04,717 [WARN] PackLoader:240 - Cannot read IP mode file for STMicroelectronics.X-CUBE-DPower.1.2.0
2024-12-04 14:02:04,748 [WARN] PackLoader:240 - Cannot read IP mode file for STMicroelectronics.X-CUBE-AI.9.0.0
2024-12-04 14:02:04,786 [WARN] PackLoader:240 - Cannot read IP mode file for STMicroelectronics.X-CUBE-NFC7.1.0.1
2024-12-04 14:02:04,831 [WARN] PackLoader:240 - Cannot read IP mode file for wolfSSL.I-CUBE-wolfTPM.3.2.0
2024-12-04 14:02:04,948 [WARN] ConditionMgr:438 - getConditionDescription Invalid condition id : LAN8742 Phy interface Condition cause : null
2024-12-04 14:02:04,949 [WARN] PackLoader:240 - Cannot read IP mode file for STMicroelectronics.X-CUBE-AZRTOS-L4.2.0.0
2024-12-04 14:02:04,951 [WARN] ConditionMgr:1039 - genDependencies : Invalid condition id : LAN8742 Phy interface Condition cause : null
2024-12-04 14:02:04,952 [WARN] ConditionMgr:1039 - genDependencies : Invalid condition id : LAN8742 Phy interface Condition cause : null
2024-12-04 14:02:04,953 [WARN] ConditionMgr:1039 - genDependencies : Invalid condition id : LAN8742 Phy interface Condition cause : null
2024-12-04 14:02:05,018 [WARN] PackLoader:240 - Cannot read IP mode file for STMicroelectronics.X-CUBE-SFXS2LP1.4.0.0
2024-12-04 14:02:05,197 [WARN] PackLoader:240 - Cannot read IP mode file for STMicroelectronics.X-CUBE-AZRTOS-H7.3.3.0
2024-12-04 14:02:05,241 [WARN] PackLoader:240 - Cannot read IP mode file for STMicroelectronics.X-CUBE-IPS.3.0.0
2024-12-04 14:02:05,297 [WARN] ConditionMgr:438 - getConditionDescription Invalid condition id : UX DEVICE CLASS RTOS Condition cause : null
2024-12-04 14:02:05,297 [WARN] ConditionMgr:438 - getConditionDescription Invalid condition id : UX DEVICE CLASS RTOS Condition cause : null
2024-12-04 14:02:05,301 [WARN] PackLoader:240 - Cannot read IP mode file for STMicroelectronics.X-CUBE-AZRTOS-WB.2.0.0
2024-12-04 14:02:05,302 [WARN] ConditionMgr:1039 - genDependencies : Invalid condition id : UX DEVICE CLASS RTOS Condition cause : null
2024-12-04 14:02:05,302 [WARN] ConditionMgr:1039 - genDependencies : Invalid condition id : UX DEVICE CLASS RTOS Condition cause : null
2024-12-04 14:02:05,303 [WARN] ConditionMgr:1039 - genDependencies : Invalid condition id : UX DEVICE CLASS RTOS Condition cause : null
2024-12-04 14:02:05,304 [WARN] ConditionMgr:1039 - genDependencies : Invalid condition id : UX DEVICE CLASS RTOS Condition cause : null
2024-12-04 14:02:05,304 [WARN] ConditionMgr:1039 - genDependencies : Invalid condition id : UX DEVICE CLASS RTOS Condition cause : null
2024-12-04 14:02:05,336 [WARN] PackLoader:240 - Cannot read IP mode file for STMicroelectronics.X-CUBE-GNSS1.7.0.0
2024-12-04 14:02:05,382 [WARN] PackLoader:240 - Cannot read IP mode file for STMicroelectronics.FP-SNS-STBOX1.2.0.0
2024-12-04 14:02:05,421 [WARN] PackLoader:240 - Cannot read IP mode file for STMicroelectronics.X-CUBE-SUBG2.5.0.0
2024-12-04 14:02:05,452 [WARN] PackLoader:240 - Cannot read IP mode file for Cesanta.I-CUBE-Mongoose.7.13.0
2024-12-04 14:02:05,502 [WARN] PackLoader:240 - Cannot read IP mode file for STMicroelectronics.X-CUBE-AZRTOS-G4.2.0.0
2024-12-04 14:02:05,528 [WARN] PackLoader:240 - Cannot read IP mode file for STMicroelectronics.X-CUBE-ISPU.2.0.0
2024-12-04 14:02:05,553 [WARN] PackLoader:240 - Cannot read IP mode file for STMicroelectronics.X-CUBE-ALS.1.0.2
2024-12-04 14:02:05,718 [WARN] PackLoader:240 - Cannot read IP mode file for STMicroelectronics.X-CUBE-MEMS1.10.0.0
2024-12-04 14:02:06,003 [WARN] PackLoader:240 - Cannot read IP mode file for STMicroelectronics.X-CUBE-TOUCHGFX.4.24.0
2024-12-04 14:02:06,028 [WARN] PackLoader:240 - Cannot read IP mode file for STMicroelectronics.X-CUBE-TOUCHGFX.4.24.1
2024-12-04 14:02:06,055 [WARN] PackLoader:240 - Cannot read IP mode file for portGmbH.I-Cube-SoM-uGOAL.1.1.0
2024-12-04 14:02:06,129 [WARN] PackLoader:240 - Cannot read IP mode file for STMicroelectronics.X-CUBE-AZRTOS-H7RS.1.0.0
2024-12-04 14:02:06,154 [WARN] PackLoader:240 - Cannot read IP mode file for STMicroelectronics.FP-ATR-ASTRA1.2.0.0
2024-12-04 14:02:06,194 [WARN] PackLoader:240 - Cannot read IP mode file for STMicroelectronics.X-CUBE-TOF1.3.4.2
2024-12-04 14:02:06,246 [WARN] PackLoader:240 - Cannot read IP mode file for STMicroelectronics.X-CUBE-TOF1.3.4.1
2024-12-04 14:02:06,442 [WARN] PackLoader:240 - Cannot read IP mode file for STMicroelectronics.X-CUBE-AZRTOS-H7.3.2.0
2024-12-04 14:02:06,621 [WARN] PackLoader:240 - Cannot read IP mode file for Infineon.AIROC-Wi-Fi-Bluetooth-STM32.1.6.0
2024-12-04 14:02:06,675 [WARN] PackLoader:240 - Cannot read IP mode file for wolfSSL.I-CUBE-wolfSSH.1.4.17
2024-12-04 14:02:06,676 [INFO] ThirdParty:978 - Integrity check success = true
2024-12-04 14:02:06,676 [INFO] IntegrityCheckThread:100 - exiting critical section [integrity check]
2024-12-04 14:02:06,676 [INFO] IntegrityCheckThread:103 - End integrity checks thread
2024-12-04 14:02:14,754 [INFO] WebApp:167 - Instantiating new browser for Auth
2024-12-04 14:02:17,901 [INFO] WebApp:448 - Apply proxy settings
2024-12-04 14:02:17,901 [INFO] WebApp:533 - Chromium requires no authentication
2024-12-04 14:02:17,916 [INFO] WebApp:476 - Direct internet connection detected
2024-12-04 14:02:17,969 [INFO] WebApp:869 - Register for checkConnection events
2024-12-04 14:02:17,969 [INFO] WebApp:448 - Apply proxy settings
2024-12-04 14:02:17,969 [INFO] WebApp:533 - Chromium requires no authentication
2024-12-04 14:02:17,969 [INFO] WebApp:476 - Direct internet connection detected
2024-12-04 14:02:18,401 [INFO] WebApp:220 - Starting web application
2024-12-04 14:02:18,401 [INFO] WebApp:578 - Web application path used C:\ST\STM32CubeIDE_1.16.0\STM32CubeIDE\plugins\com.st.stm32cube.common.mx_6.12.0.202406281431\db\plugins\mcufinder\reactClient1\index.html
2024-12-04 14:02:18,858 [INFO] WebApp:186 - Connection restablished
2024-12-04 14:02:18,866 [INFO] UserAuth:417 - Internet connection configuration mode: 1
2024-12-04 15:09:38,250 [INFO] Activator:176 - 


2024-12-04 15:09:38,258 [INFO] Activator:177 - !SESSION log4j initialized
2024-12-04 15:10:00,217 [INFO] LogOutputStream:77 - [STDOUT_REDIRECT] 
2024-12-04 15:10:09,498 [INFO] ApplicationProperties:184 - Using Application install path: C:\ST\STM32CubeIDE_1.16.0\STM32CubeIDE\plugins\com.st.stm32cube.common.mx_6.12.0.202406281431
2024-12-04 15:10:09,568 [INFO] DbMcusXml:78 - Set database path to: C:\ST\STM32CubeIDE_1.16.0\STM32CubeIDE\plugins\com.st.stm32cube.common.mx_6.12.0.202406281431\\db\/mcu/
2024-12-04 15:10:09,570 [INFO] ApiDb:274 - Set plugin database path to: C:\ST\STM32CubeIDE_1.16.0\STM32CubeIDE\plugins\com.st.stm32cube.common.mx_6.12.0.202406281431\\db\/plugins/boardmanager/
2024-12-04 15:10:09,571 [WARN] ApiDb:259 - Overriding images path with different value:  => C:\ST\STM32CubeIDE_1.16.0\STM32CubeIDE\plugins\com.st.stm32cube.common.mx_6.12.0.202406281431\\db\/plugins/mcufinder/images/
2024-12-04 15:10:09,586 [INFO] ApiDb:250 - Set database path to: C:\Users\user\.stmcufinder\plugins\mcufinder//mcu/
2024-12-04 15:10:09,591 [INFO] DbMcusAds:125 - Set database path to: C:\Users\user\.stmcufinder\plugins\mcufinder//mcu/
2024-12-04 15:10:09,598 [INFO] CrossReferenceDbSqlite:203 - Set database path to: C:\Users\user\.stmcufinder\plugins\mcufinder//mcu/cs/
2024-12-04 15:10:10,555 [INFO] RulesReader:64 - Compatibility file has been processed (297 Rules)
2024-12-04 15:10:10,827 [INFO] DbMcusXml:78 - Set database path to: C:\ST\STM32CubeIDE_1.16.0\STM32CubeIDE\plugins\com.st.stm32cube.common.mx_6.12.0.202406281431\\db\/mcu/
2024-12-04 15:10:10,827 [INFO] ApiDb:274 - Set plugin database path to: C:\ST\STM32CubeIDE_1.16.0\STM32CubeIDE\plugins\com.st.stm32cube.common.mx_6.12.0.202406281431\\db\/plugins/boardmanager/
2024-12-04 15:10:10,828 [INFO] ApiDb:261 - Set plugin images path to: C:\ST\STM32CubeIDE_1.16.0\STM32CubeIDE\plugins\com.st.stm32cube.common.mx_6.12.0.202406281431\\db\/plugins/mcufinder/images/
2024-12-04 15:10:10,831 [WARN] DbFile:41 - Overriding database path with different value: C:\Users\user\.stmcufinder\plugins\mcufinder/ => C:\Users\user\.stmcufinder\plugins\mcufinder
2024-12-04 15:10:10,832 [INFO] ApiDb:250 - Set database path to: C:\Users\user\.stmcufinder\plugins\mcufinder//mcu/
2024-12-04 15:10:10,833 [WARN] DbFile:41 - Overriding database path with different value: C:\Users\user\.stmcufinder\plugins\mcufinder/ => C:\Users\user\.stmcufinder\plugins\mcufinder
2024-12-04 15:10:10,833 [INFO] DbMcusAds:125 - Set database path to: C:\Users\user\.stmcufinder\plugins\mcufinder//mcu/
2024-12-04 15:10:10,835 [WARN] DbFile:41 - Overriding database path with different value: C:\Users\user\.stmcufinder\plugins\mcufinder/ => C:\Users\user\.stmcufinder\plugins\mcufinder
2024-12-04 15:10:10,837 [WARN] DbFile:41 - Overriding database path with different value: C:\Users\user\.stmcufinder\plugins\mcufinder/ => C:\Users\user\.stmcufinder\plugins\mcufinder
2024-12-04 15:10:10,837 [INFO] CrossReferenceDbSqlite:203 - Set database path to: C:\Users\user\.stmcufinder\plugins\mcufinder//mcu/cs/
2024-12-04 15:10:11,049 [INFO] MainPanel:268 - HeapMemory: 268435456
2024-12-04 15:10:11,292 [INFO] DbMcusXml:78 - Set database path to: C:\ST\STM32CubeIDE_1.16.0\STM32CubeIDE\plugins\com.st.stm32cube.common.mx_6.12.0.202406281431\\db\/mcu/
2024-12-04 15:10:11,292 [INFO] ApiDb:274 - Set plugin database path to: C:\ST\STM32CubeIDE_1.16.0\STM32CubeIDE\plugins\com.st.stm32cube.common.mx_6.12.0.202406281431\\db\/plugins/boardmanager/
2024-12-04 15:10:11,293 [INFO] ApiDb:261 - Set plugin images path to: C:\ST\STM32CubeIDE_1.16.0\STM32CubeIDE\plugins\com.st.stm32cube.common.mx_6.12.0.202406281431\\db\/plugins/mcufinder/images/
2024-12-04 15:10:11,293 [WARN] DbFile:41 - Overriding database path with different value: C:\Users\user\.stmcufinder\plugins\mcufinder/ => C:\Users\user\.stmcufinder\plugins\mcufinder
2024-12-04 15:10:11,293 [INFO] ApiDb:250 - Set database path to: C:\Users\user\.stmcufinder\plugins\mcufinder//mcu/
2024-12-04 15:10:11,294 [WARN] DbFile:41 - Overriding database path with different value: C:\Users\user\.stmcufinder\plugins\mcufinder/ => C:\Users\user\.stmcufinder\plugins\mcufinder
2024-12-04 15:10:11,294 [INFO] DbMcusAds:125 - Set database path to: C:\Users\user\.stmcufinder\plugins\mcufinder//mcu/
2024-12-04 15:10:11,294 [WARN] DbFile:41 - Overriding database path with different value: C:\Users\user\.stmcufinder\plugins\mcufinder/ => C:\Users\user\.stmcufinder\plugins\mcufinder
2024-12-04 15:10:11,294 [WARN] DbFile:41 - Overriding database path with different value: C:\Users\user\.stmcufinder\plugins\mcufinder/ => C:\Users\user\.stmcufinder\plugins\mcufinder
2024-12-04 15:10:11,344 [INFO] CrossReferenceDbSqlite:203 - Set database path to: C:\Users\user\.stmcufinder\plugins\mcufinder//mcu/cs/
2024-12-04 15:10:11,394 [INFO] ApplicationProperties:184 - Using Application install path: C:\ST\STM32CubeIDE_1.16.0\STM32CubeIDE\plugins\com.st.stm32cube.common.mx_6.12.0.202406281431
2024-12-04 15:10:11,401 [INFO] PluginManage:196 - Search for loadable plugins [exclusion list=, ]
2024-12-04 15:10:11,403 [INFO] PluginManage:310 - Check plugin analytics
2024-12-04 15:10:11,907 [INFO] AnalyticsPlugin:253 - Accepted Software Licenses: 
2024-12-04 15:10:11,908 [INFO] AnalyticsPlugin:255 - Accepted CMSIS Pack Licenses: 
2024-12-04 15:10:11,909 [INFO] AnalyticsPlugin:257 - Accepted Firmware Licenses: 
2024-12-04 15:10:11,925 [INFO] PluginManage:359 - Loaded plugin analytics (category:tool,tabindex:-1)
2024-12-04 15:10:11,926 [INFO] PluginManage:310 - Check plugin cadmodel
2024-12-04 15:10:11,981 [INFO] CADModel:105 - Init CAD model plugin
2024-12-04 15:10:11,982 [INFO] PluginManage:359 - Loaded plugin cadmodel (category:power,tabindex:5)
2024-12-04 15:10:11,982 [INFO] PluginManage:310 - Check plugin clock
2024-12-04 15:10:12,074 [INFO] PluginManage:359 - Loaded plugin clock (category:base,tabindex:2)
2024-12-04 15:10:12,075 [INFO] PluginManage:310 - Check plugin ddr
2024-12-04 15:10:12,080 [INFO] PluginManage:359 - Loaded plugin ddr (category:tool,tabindex:6)
2024-12-04 15:10:12,082 [INFO] PluginManage:310 - Check plugin filemanager
2024-12-04 15:10:12,451 [INFO] PluginManage:359 - Loaded plugin filemanager (category:base,tabindex:10)
2024-12-04 15:10:12,452 [INFO] PluginManage:310 - Check plugin ipmanager
2024-12-04 15:10:12,480 [INFO] PluginManage:359 - Loaded plugin ipmanager (category:base,tabindex:5)
2024-12-04 15:10:12,480 [INFO] PluginManage:310 - Check plugin lpbam
2024-12-04 15:10:12,523 [INFO] PluginManage:359 - Loaded plugin lpbam (category:base,tabindex:0)
2024-12-04 15:10:12,523 [INFO] PluginManage:310 - Check plugin memorymap
2024-12-04 15:10:12,567 [INFO] PluginManage:359 - Loaded plugin memorymap (category:base,tabindex:4)
2024-12-04 15:10:12,567 [INFO] PluginManage:310 - Check plugin pinoutandconfiguration
2024-12-04 15:10:12,606 [INFO] PluginManage:359 - Loaded plugin pinoutandconfiguration (category:base,tabindex:1)
2024-12-04 15:10:12,607 [INFO] PluginManage:310 - Check plugin pinoutconfig
2024-12-04 15:10:12,868 [WARN] SupportedApi:132 - Cannot load RTOS API schema: s4s-elt-must-match.1: The content of 'definitions' must match (annotation?, (simpleType | complexType)?, (unique | key | keyref)*)). A problem was found starting at: attribute.
2024-12-04 15:10:13,294 [INFO] PluginManage:359 - Loaded plugin pinoutconfig (category:base,tabindex:0)
2024-12-04 15:10:13,294 [INFO] PluginManage:310 - Check plugin power
2024-12-04 15:10:13,343 [INFO] PluginManage:359 - Loaded plugin power (category:power,tabindex:4)
2024-12-04 15:10:13,343 [INFO] PluginManage:310 - Check plugin projectmanager
2024-12-04 15:10:13,382 [INFO] PluginManage:359 - Loaded plugin projectmanager (category:projectmanager,tabindex:4)
2024-12-04 15:10:13,382 [INFO] PluginManage:310 - Check plugin rif
2024-12-04 15:10:13,416 [INFO] PluginManage:359 - Loaded plugin rif (category:base,tabindex:3)
2024-12-04 15:10:13,417 [INFO] PluginManage:310 - Check plugin thirdparty
2024-12-04 15:10:14,121 [WARN] IntegrityCheckThread:84 - waiting for thirdparty lock release [integrity check]
2024-12-04 15:10:14,122 [INFO] IntegrityCheckThread:86 - entering critical section [integrity check]
2024-12-04 15:10:14,123 [INFO] ThirdPartyUpdaterWithRetryManager:70 - Updater plugin not ready yet. [1/15]
2024-12-04 15:10:14,123 [INFO] PluginManage:359 - Loaded plugin thirdparty (category:base,tabindex:-1)
2024-12-04 15:10:14,124 [INFO] PluginManage:310 - Check plugin tools
2024-12-04 15:10:14,259 [INFO] PluginManage:359 - Loaded plugin tools (category:base,tabindex:7)
2024-12-04 15:10:14,261 [INFO] PluginManage:310 - Check plugin tutovideos
2024-12-04 15:10:14,977 [INFO] PluginManage:359 - Loaded plugin tutovideos (category:base,tabindex:-1)
2024-12-04 15:10:14,978 [INFO] PluginManage:310 - Check plugin updater
2024-12-04 15:10:15,069 [INFO] PluginManage:359 - Loaded plugin updater (category:base,tabindex:12)
2024-12-04 15:10:15,069 [INFO] PluginManage:310 - Check plugin userauth
2024-12-04 15:10:15,086 [INFO] UserAuth:113 - Init User Auth plugin
2024-12-04 15:10:15,087 [INFO] PluginManage:359 - Loaded plugin userauth (category:base,tabindex:14)
2024-12-04 15:10:15,088 [INFO] PluginManage:283 - PluginManage : Loaded plugins [18]
2024-12-04 15:10:15,710 [INFO] PinOutPanel:1561 - setPackage(No Configuration,No Configuration)
2024-12-04 15:10:15,935 [INFO] CADModel:165 - CPN selected for project level
2024-12-04 15:10:15,936 [INFO] CADModel:114 - Register for checkConnection events
2024-12-04 15:10:16,011 [INFO] IPUIPlugin:80 - create IPUIPlugin
2024-12-04 15:10:16,012 [INFO] PluginManager:220 - loadIPPluginJar : add adc
2024-12-04 15:10:16,119 [INFO] IPUIPlugin:80 - create IPUIPlugin
2024-12-04 15:10:16,119 [INFO] PluginManager:220 - loadIPPluginJar : add aes
2024-12-04 15:10:16,297 [INFO] IPUIPlugin:80 - create IPUIPlugin
2024-12-04 15:10:16,299 [INFO] PluginManager:220 - loadIPPluginJar : add can
2024-12-04 15:10:16,365 [INFO] IPUIPlugin:80 - create IPUIPlugin
2024-12-04 15:10:16,366 [INFO] PluginManager:220 - loadIPPluginJar : add comp
2024-12-04 15:10:16,495 [INFO] IPUIPlugin:80 - create IPUIPlugin
2024-12-04 15:10:16,496 [INFO] PluginManager:220 - loadIPPluginJar : add cryp
2024-12-04 15:10:16,539 [INFO] IPUIPlugin:80 - create IPUIPlugin
2024-12-04 15:10:16,540 [INFO] PluginManager:220 - loadIPPluginJar : add ddr_ctrl_phy
2024-12-04 15:10:16,635 [INFO] IPUIPlugin:80 - create IPUIPlugin
2024-12-04 15:10:16,636 [INFO] PluginManager:220 - loadIPPluginJar : add dfsdm
2024-12-04 15:10:16,671 [INFO] IPUIPlugin:80 - create IPUIPlugin
2024-12-04 15:10:16,673 [INFO] PluginManager:220 - loadIPPluginJar : add dma
2024-12-04 15:10:16,844 [INFO] IPUIPlugin:80 - create IPUIPlugin
2024-12-04 15:10:16,844 [INFO] PluginManager:220 - loadIPPluginJar : add dma3
2024-12-04 15:10:17,048 [INFO] IPUIPlugin:80 - create IPUIPlugin
2024-12-04 15:10:17,048 [INFO] PluginManager:220 - loadIPPluginJar : add extmemmanager
2024-12-04 15:10:17,119 [INFO] IPUIPlugin:80 - create IPUIPlugin
2024-12-04 15:10:17,120 [INFO] PluginManager:220 - loadIPPluginJar : add fatfs
2024-12-04 15:10:17,125 [INFO] ThirdPartyUpdaterWithRetryManager:70 - Updater plugin not ready yet. [2/15]
2024-12-04 15:10:17,295 [INFO] IPUIPlugin:80 - create IPUIPlugin
2024-12-04 15:10:17,296 [INFO] PluginManager:220 - loadIPPluginJar : add fmc
2024-12-04 15:10:17,342 [INFO] IPUIPlugin:80 - create IPUIPlugin
2024-12-04 15:10:17,343 [INFO] PluginManager:220 - loadIPPluginJar : add freertos
2024-12-04 15:10:17,405 [INFO] IPUIPlugin:80 - create IPUIPlugin
2024-12-04 15:10:17,405 [INFO] PluginManager:220 - loadIPPluginJar : add genericplugin
2024-12-04 15:10:17,772 [INFO] IPUIPlugin:80 - create IPUIPlugin
2024-12-04 15:10:17,773 [INFO] PluginManager:220 - loadIPPluginJar : add gfxmmu
2024-12-04 15:10:18,265 [INFO] IPUIPlugin:80 - create IPUIPlugin
2024-12-04 15:10:18,265 [INFO] PluginManager:220 - loadIPPluginJar : add gic
2024-12-04 15:10:18,312 [INFO] IPUIPlugin:80 - create IPUIPlugin
2024-12-04 15:10:18,313 [INFO] PluginManager:220 - loadIPPluginJar : add gpio
2024-12-04 15:10:18,688 [INFO] IPUIPlugin:80 - create IPUIPlugin
2024-12-04 15:10:18,688 [INFO] PluginManager:220 - loadIPPluginJar : add gtzc
2024-12-04 15:10:18,803 [INFO] IPUIPlugin:80 - create IPUIPlugin
2024-12-04 15:10:18,803 [INFO] PluginManager:220 - loadIPPluginJar : add hash
2024-12-04 15:10:18,989 [INFO] IPUIPlugin:80 - create IPUIPlugin
2024-12-04 15:10:18,991 [INFO] PluginManager:220 - loadIPPluginJar : add i2c
2024-12-04 15:10:19,159 [INFO] IPUIPlugin:80 - create IPUIPlugin
2024-12-04 15:10:19,159 [INFO] PluginManager:220 - loadIPPluginJar : add i2s
2024-12-04 15:10:19,368 [INFO] IPUIPlugin:80 - create IPUIPlugin
2024-12-04 15:10:19,370 [INFO] PluginManager:220 - loadIPPluginJar : add i3c
2024-12-04 15:10:19,905 [INFO] IPUIPlugin:80 - create IPUIPlugin
2024-12-04 15:10:19,905 [INFO] PluginManager:220 - loadIPPluginJar : add ipddr
2024-12-04 15:10:20,129 [INFO] ThirdPartyUpdaterWithRetryManager:70 - Updater plugin not ready yet. [3/15]
2024-12-04 15:10:20,281 [INFO] IPUIPlugin:80 - create IPUIPlugin
2024-12-04 15:10:20,281 [INFO] PluginManager:220 - loadIPPluginJar : add linkedlist
2024-12-04 15:10:20,418 [INFO] IPUIPlugin:80 - create IPUIPlugin
2024-12-04 15:10:20,419 [INFO] PluginManager:220 - loadIPPluginJar : add lorawan
2024-12-04 15:10:20,559 [INFO] IPUIPlugin:80 - create IPUIPlugin
2024-12-04 15:10:20,559 [INFO] PluginManager:220 - loadIPPluginJar : add ltdc
2024-12-04 15:10:20,600 [INFO] IPUIPlugin:80 - create IPUIPlugin
2024-12-04 15:10:20,601 [INFO] PluginManager:220 - loadIPPluginJar : add mdma
2024-12-04 15:10:20,647 [INFO] IPUIPlugin:80 - create IPUIPlugin
2024-12-04 15:10:20,647 [INFO] PluginManager:220 - loadIPPluginJar : add nvic
2024-12-04 15:10:20,790 [INFO] IPUIPlugin:80 - create IPUIPlugin
2024-12-04 15:10:20,790 [INFO] PluginManager:220 - loadIPPluginJar : add opamp
2024-12-04 15:10:21,036 [INFO] IPUIPlugin:80 - create IPUIPlugin
2024-12-04 15:10:21,036 [INFO] PluginManager:220 - loadIPPluginJar : add openamp
2024-12-04 15:10:21,200 [INFO] IPUIPlugin:80 - create IPUIPlugin
2024-12-04 15:10:21,201 [INFO] PluginManager:220 - loadIPPluginJar : add pdm2pcm
2024-12-04 15:10:21,250 [INFO] IPUIPlugin:80 - create IPUIPlugin
2024-12-04 15:10:21,256 [INFO] PluginManager:220 - loadIPPluginJar : add plateformsettings
2024-12-04 15:10:21,343 [INFO] IPUIPlugin:80 - create IPUIPlugin
2024-12-04 15:10:21,343 [INFO] PluginManager:220 - loadIPPluginJar : add quadspi
2024-12-04 15:10:21,448 [INFO] IPUIPlugin:80 - create IPUIPlugin
2024-12-04 15:10:21,450 [INFO] PluginManager:220 - loadIPPluginJar : add radio
2024-12-04 15:10:21,501 [INFO] IPUIPlugin:80 - create IPUIPlugin
2024-12-04 15:10:21,501 [INFO] PluginManager:220 - loadIPPluginJar : add resmgrutility
2024-12-04 15:10:21,660 [INFO] IPUIPlugin:80 - create IPUIPlugin
2024-12-04 15:10:21,660 [INFO] PluginManager:220 - loadIPPluginJar : add sai
2024-12-04 15:10:21,857 [INFO] IPUIPlugin:80 - create IPUIPlugin
2024-12-04 15:10:21,857 [INFO] PluginManager:220 - loadIPPluginJar : add spi
2024-12-04 15:10:22,123 [INFO] IPUIPlugin:80 - create IPUIPlugin
2024-12-04 15:10:22,123 [INFO] PluginManager:220 - loadIPPluginJar : add stm32_wpan
2024-12-04 15:10:22,197 [INFO] IPUIPlugin:80 - create IPUIPlugin
2024-12-04 15:10:22,198 [INFO] PluginManager:220 - loadIPPluginJar : add tim
2024-12-04 15:10:22,477 [INFO] IPUIPlugin:80 - create IPUIPlugin
2024-12-04 15:10:22,478 [INFO] PluginManager:220 - loadIPPluginJar : add touchsensing
2024-12-04 15:10:22,602 [INFO] IPUIPlugin:80 - create IPUIPlugin
2024-12-04 15:10:22,602 [INFO] PluginManager:220 - loadIPPluginJar : add tracer_emb
2024-12-04 15:10:22,779 [INFO] IPUIPlugin:80 - create IPUIPlugin
2024-12-04 15:10:22,779 [INFO] PluginManager:220 - loadIPPluginJar : add ts
2024-12-04 15:10:22,848 [INFO] IPUIPlugin:80 - create IPUIPlugin
2024-12-04 15:10:22,848 [INFO] PluginManager:220 - loadIPPluginJar : add tsc
2024-12-04 15:10:22,939 [INFO] IPUIPlugin:80 - create IPUIPlugin
2024-12-04 15:10:22,939 [INFO] PluginManager:220 - loadIPPluginJar : add ucpd
2024-12-04 15:10:23,080 [INFO] IPUIPlugin:80 - create IPUIPlugin
2024-12-04 15:10:23,081 [INFO] PluginManager:220 - loadIPPluginJar : add usart
2024-12-04 15:10:23,130 [INFO] ThirdPartyUpdaterWithRetryManager:70 - Updater plugin not ready yet. [4/15]
2024-12-04 15:10:23,213 [INFO] IPUIPlugin:80 - create IPUIPlugin
2024-12-04 15:10:23,213 [INFO] PluginManager:220 - loadIPPluginJar : add usbx
2024-12-04 15:10:23,459 [INFO] CADModel:165 - CPN selected for project level
2024-12-04 15:10:23,463 [INFO] CADModel:114 - Register for checkConnection events
2024-12-04 15:10:23,465 [FATAL] Updater:334 - Updater called before beeing initialized
2024-12-04 15:10:23,466 [ERROR] CADModel:125 - Updater not yet initialized, retry later 
2024-12-04 15:10:23,950 [INFO] CADModel:165 - CPN selected for project level
2024-12-04 15:10:23,951 [INFO] CADModel:114 - Register for checkConnection events
2024-12-04 15:10:23,951 [FATAL] Updater:334 - Updater called before beeing initialized
2024-12-04 15:10:23,951 [ERROR] CADModel:125 - Updater not yet initialized, retry later 
2024-12-04 15:10:23,960 [FATAL] Updater:334 - Updater called before beeing initialized
2024-12-04 15:10:24,282 [FATAL] Updater:334 - Updater called before beeing initialized
2024-12-04 15:10:24,314 [INFO] DbMcusAds:53 - JSON generation date=Fri Sep 20 22:04:38 KST 2024 (1726837478367)
2024-12-04 15:10:24,315 [FATAL] Updater:334 - Updater called before beeing initialized
2024-12-04 15:10:24,422 [WARN] DetailPanel:346 - Failed to get advertising image, set to default
2024-12-04 15:10:24,671 [FATAL] Updater:334 - Updater called before beeing initialized
2024-12-04 15:10:24,675 [FATAL] Updater:334 - Updater called before beeing initialized
2024-12-04 15:10:24,676 [FATAL] Updater:334 - Updater called before beeing initialized
2024-12-04 15:10:24,676 [WARN] DetailPanel:346 - Failed to get advertising image, set to default
2024-12-04 15:10:24,679 [FATAL] Updater:334 - Updater called before beeing initialized
2024-12-04 15:10:24,846 [ERROR] Updater:1164 - MainUpdater not yet initialized. External WinMGr cannot be set.
2024-12-04 15:10:24,869 [INFO] Updater:1100 - Updater Version found : 6.12.0
2024-12-04 15:10:24,899 [INFO] ApplicationProperties:184 - Using Application install path: C:\ST\STM32CubeIDE_1.16.0\STM32CubeIDE\plugins\com.st.stm32cube.common.mx_6.12.0.202406281431
2024-12-04 15:10:26,132 [INFO] ThirdPartyUpdaterWithRetryManager:70 - Updater plugin not ready yet. [5/15]
2024-12-04 15:10:26,501 [ERROR] LogOutputStream:75 - [STDERR_REDIRECT] Dec 04, 2024 3:10:26 PM java.util.prefs.WindowsPreferences <init>
2024-12-04 15:10:26,508 [ERROR] LogOutputStream:75 - [STDERR_REDIRECT] WARNING: Could not open/create prefs root node Software\JavaSoft\Prefs at root 0xffffffff80000002. Windows RegCreateKeyEx(...) returned error code 5.
2024-12-04 15:10:26,508 [ERROR] LogOutputStream:75 - [STDERR_REDIRECT] 
2024-12-04 15:10:27,200 [INFO] MainUpdater:2873 - connection check result : 10
2024-12-04 15:10:27,202 [INFO] MainUpdater:290 - Updater Check For Update Now.
2024-12-04 15:10:27,202 [INFO] MicroXplorer:498 - Change Database Version : DB.6.0.120
2024-12-04 15:10:27,231 [INFO] McuFinderGlobals:63 - Set McuFinder mode to 2 (CubeIDE integrated)
2024-12-04 15:10:27,244 [INFO] UserAuth:417 - Internet connection configuration mode: 1
2024-12-04 15:10:27,287 [INFO] JxBrowserEngine:152 - Initiate JxBrowser Engine with user profile folder
2024-12-04 15:10:28,308 [INFO] CheckServerUpdateThread:120 - End of CheckServer Thread
2024-12-04 15:10:29,754 [WARN] PackLoader:240 - Cannot read IP mode file for STMicroelectronics.FP-SNS-MOTENVWB1.1.4.0
2024-12-04 15:10:29,791 [WARN] PackLoader:240 - Cannot read IP mode file for STMicroelectronics.FP-ATR-ASTRA1.2.0.1
2024-12-04 15:10:29,825 [WARN] PackLoader:240 - Cannot read IP mode file for STMicroelectronics.X-CUBE-SMBUS.2.1.0
2024-12-04 15:10:29,883 [WARN] PackLoader:240 - Cannot read IP mode file for STMicroelectronics.X-CUBE-WB05N.1.1.0
2024-12-04 15:10:30,023 [WARN] PackLoader:240 - Cannot read IP mode file for STMicroelectronics.X-CUBE-AZRTOS-F7.1.1.0
2024-12-04 15:10:30,450 [WARN] PackLoader:240 - Cannot read IP mode file for STMicroelectronics.X-CUBE-MEMS1.11.0.0
2024-12-04 15:10:31,165 [WARN] PackLoader:240 - Cannot read IP mode file for STMicroelectronics.FP-SNS-FLIGHT1.5.0.2
2024-12-04 15:10:31,198 [WARN] PackLoader:240 - Cannot read IP mode file for STMicroelectronics.X-CUBE-DISPLAY.3.0.0
2024-12-04 15:10:31,236 [WARN] PackLoader:240 - Cannot read IP mode file for STMicroelectronics.X-CUBE-BLE1.7.0.0
2024-12-04 15:10:31,311 [WARN] PackLoader:240 - Cannot read IP mode file for STMicroelectronics.X-CUBE-NFC10.1.0.0
2024-12-04 15:10:31,354 [WARN] PackLoader:240 - Cannot read IP mode file for emotas.I-CUBE-CANOPEN.1.3.0
2024-12-04 15:10:31,388 [WARN] PackLoader:240 - Cannot read IP mode file for STMicroelectronics.X-CUBE-BLEMGR.3.1.0
2024-12-04 15:10:31,420 [WARN] PackLoader:240 - Cannot read IP mode file for STMicroelectronics.FP-SNS-SMARTAG2.1.2.0
2024-12-04 15:10:31,478 [INFO] LogOutputStream:77 - [STDOUT_REDIRECT] 1 : Invalid condition id : UX_CORESTACK_Condition cause : null
2024-12-04 15:10:31,480 [INFO] LogOutputStream:77 - [STDOUT_REDIRECT] 1 : Invalid condition id : UX_CORESTACK_Condition cause : null
2024-12-04 15:10:31,486 [INFO] LogOutputStream:77 - [STDOUT_REDIRECT] 1 : Invalid condition id : UX_CORESTACK_Condition cause : null
2024-12-04 15:10:31,489 [INFO] LogOutputStream:77 - [STDOUT_REDIRECT] 1 : Invalid condition id : UX_CORESTACK_Condition cause : null
2024-12-04 15:10:31,492 [INFO] LogOutputStream:77 - [STDOUT_REDIRECT] 1 : Invalid condition id : UX_CORESTACK_Condition cause : null
2024-12-04 15:10:31,500 [WARN] PackLoader:240 - Cannot read IP mode file for STMicroelectronics.X-CUBE-AZRTOS-WL.2.0.0
2024-12-04 15:10:31,536 [WARN] PackLoader:240 - Cannot read IP mode file for STMicroelectronics.FP-SNS-MOTENV1.5.0.0
2024-12-04 15:10:31,586 [WARN] PackLoader:240 - Cannot read IP mode file for wolfSSL.I-CUBE-wolfMQTT.1.19.0
2024-12-04 15:10:31,620 [WARN] PackLoader:240 - Cannot read IP mode file for WES.I-CUBE-Cesium.1.3.0
2024-12-04 15:10:31,672 [WARN] PackLoader:240 - Cannot read IP mode file for STMicroelectronics.X-CUBE-BLE2.3.3.0
2024-12-04 15:10:31,707 [WARN] PackLoader:240 - Cannot read IP mode file for STMicroelectronics.X-CUBE-NFC9.1.0.0
2024-12-04 15:10:31,739 [WARN] PackLoader:240 - Cannot read IP mode file for STMicroelectronics.X-CUBE-TCPP.4.1.0
2024-12-04 15:10:31,802 [WARN] PackLoader:240 - Cannot read IP mode file for STMicroelectronics.X-CUBE-AZRTOS-G0.1.1.0
2024-12-04 15:10:31,840 [WARN] PackLoader:240 - Cannot read IP mode file for STMicroelectronics.X-CUBE-SAFEA1.1.2.2
2024-12-04 15:10:31,872 [WARN] PackLoader:240 - Cannot read IP mode file for STMicroelectronics.X-CUBE-NFC4.3.0.0
2024-12-04 15:10:31,939 [WARN] PackLoader:240 - Cannot read IP mode file for EmbeddedOffice.I-CUBE-FS-RTOS.1.0.1
2024-12-04 15:10:31,940 [ERROR] ConditionMgr:805 - Attr not supported : Dmpu
2024-12-04 15:10:31,940 [ERROR] ConditionMgr:805 - Attr not supported : Dmpu
2024-12-04 15:10:31,940 [ERROR] ConditionMgr:805 - Attr not supported : Dmpu
2024-12-04 15:10:31,940 [ERROR] ConditionMgr:805 - Attr not supported : Dmpu
2024-12-04 15:10:31,940 [ERROR] ConditionMgr:805 - Attr not supported : Dmpu
2024-12-04 15:10:31,940 [ERROR] ConditionMgr:805 - Attr not supported : Dmpu
2024-12-04 15:10:31,940 [ERROR] ConditionMgr:805 - Attr not supported : Dmpu
2024-12-04 15:10:31,941 [ERROR] ConditionMgr:805 - Attr not supported : Dmpu
2024-12-04 15:10:31,941 [ERROR] ConditionMgr:805 - Attr not supported : Dmpu
2024-12-04 15:10:31,941 [ERROR] ConditionMgr:805 - Attr not supported : Dmpu
2024-12-04 15:10:31,941 [ERROR] ConditionMgr:805 - Attr not supported : Dmpu
2024-12-04 15:10:31,941 [ERROR] ConditionMgr:805 - Attr not supported : Dmpu
2024-12-04 15:10:31,941 [ERROR] ConditionMgr:805 - Attr not supported : Dmpu
2024-12-04 15:10:31,941 [ERROR] ConditionMgr:805 - Attr not supported : Dmpu
2024-12-04 15:10:31,941 [ERROR] ConditionMgr:805 - Attr not supported : Dmpu
2024-12-04 15:10:31,942 [ERROR] ConditionMgr:805 - Attr not supported : Dmpu
2024-12-04 15:10:31,942 [ERROR] ConditionMgr:805 - Attr not supported : Dmpu
2024-12-04 15:10:31,942 [ERROR] ConditionMgr:805 - Attr not supported : Dmpu
2024-12-04 15:10:31,942 [ERROR] ConditionMgr:805 - Attr not supported : Dmpu
2024-12-04 15:10:31,942 [ERROR] ConditionMgr:805 - Attr not supported : Dmpu
2024-12-04 15:10:31,942 [ERROR] ConditionMgr:805 - Attr not supported : Dmpu
2024-12-04 15:10:31,942 [ERROR] ConditionMgr:805 - Attr not supported : Dmpu
2024-12-04 15:10:31,942 [ERROR] ConditionMgr:805 - Attr not supported : Dmpu
2024-12-04 15:10:31,943 [ERROR] ConditionMgr:805 - Attr not supported : Dmpu
2024-12-04 15:10:31,943 [ERROR] ConditionMgr:805 - Attr not supported : Dmpu
2024-12-04 15:10:31,943 [ERROR] ConditionMgr:805 - Attr not supported : Dmpu
2024-12-04 15:10:31,943 [ERROR] ConditionMgr:805 - Attr not supported : Dmpu
2024-12-04 15:10:31,943 [ERROR] ConditionMgr:805 - Attr not supported : Dmpu
2024-12-04 15:10:31,943 [ERROR] ConditionMgr:805 - Attr not supported : Dmpu
2024-12-04 15:10:31,943 [ERROR] ConditionMgr:805 - Attr not supported : Dmpu
2024-12-04 15:10:31,943 [ERROR] ConditionMgr:805 - Attr not supported : Dmpu
2024-12-04 15:10:31,944 [ERROR] ConditionMgr:805 - Attr not supported : Dmpu
2024-12-04 15:10:31,944 [ERROR] ConditionMgr:805 - Attr not supported : Dmpu
2024-12-04 15:10:31,944 [ERROR] ConditionMgr:805 - Attr not supported : Dmpu
2024-12-04 15:10:31,944 [ERROR] ConditionMgr:805 - Attr not supported : Dmpu
2024-12-04 15:10:31,944 [ERROR] ConditionMgr:805 - Attr not supported : Dmpu
2024-12-04 15:10:31,944 [ERROR] ConditionMgr:805 - Attr not supported : Dmpu
2024-12-04 15:10:31,944 [ERROR] ConditionMgr:805 - Attr not supported : Dmpu
2024-12-04 15:10:31,945 [ERROR] ConditionMgr:805 - Attr not supported : Dmpu
2024-12-04 15:10:31,945 [ERROR] ConditionMgr:805 - Attr not supported : Dmpu
2024-12-04 15:10:31,945 [ERROR] ConditionMgr:805 - Attr not supported : Dmpu
2024-12-04 15:10:31,945 [ERROR] ConditionMgr:805 - Attr not supported : Dmpu
2024-12-04 15:10:31,945 [ERROR] ConditionMgr:805 - Attr not supported : Dmpu
2024-12-04 15:10:31,945 [ERROR] ConditionMgr:805 - Attr not supported : Dmpu
2024-12-04 15:10:31,945 [ERROR] ConditionMgr:805 - Attr not supported : Dmpu
2024-12-04 15:10:31,945 [ERROR] ConditionMgr:805 - Attr not supported : Dmpu
2024-12-04 15:10:31,946 [ERROR] ConditionMgr:805 - Attr not supported : Dmpu
2024-12-04 15:10:31,946 [ERROR] ConditionMgr:805 - Attr not supported : Dmpu
2024-12-04 15:10:31,946 [ERROR] ConditionMgr:805 - Attr not supported : Dmpu
2024-12-04 15:10:31,946 [ERROR] ConditionMgr:805 - Attr not supported : Dmpu
2024-12-04 15:10:31,946 [ERROR] ConditionMgr:805 - Attr not supported : Dmpu
2024-12-04 15:10:31,946 [ERROR] ConditionMgr:805 - Attr not supported : Dmpu
2024-12-04 15:10:31,947 [ERROR] ConditionMgr:805 - Attr not supported : Dmpu
2024-12-04 15:10:31,947 [ERROR] ConditionMgr:805 - Attr not supported : Dmpu
2024-12-04 15:10:31,947 [ERROR] ConditionMgr:805 - Attr not supported : Dmpu
2024-12-04 15:10:31,947 [ERROR] ConditionMgr:805 - Attr not supported : Dmpu
2024-12-04 15:10:31,947 [ERROR] ConditionMgr:805 - Attr not supported : Dmpu
2024-12-04 15:10:31,947 [ERROR] ConditionMgr:805 - Attr not supported : Dmpu
2024-12-04 15:10:31,947 [ERROR] ConditionMgr:805 - Attr not supported : Dmpu
2024-12-04 15:10:31,947 [ERROR] ConditionMgr:805 - Attr not supported : Dmpu
2024-12-04 15:10:31,947 [ERROR] ConditionMgr:805 - Attr not supported : Dmpu
2024-12-04 15:10:31,947 [ERROR] ConditionMgr:805 - Attr not supported : Dmpu
2024-12-04 15:10:31,948 [ERROR] ConditionMgr:805 - Attr not supported : Dmpu
2024-12-04 15:10:31,948 [ERROR] ConditionMgr:805 - Attr not supported : Dmpu
2024-12-04 15:10:31,981 [WARN] PackLoader:240 - Cannot read IP mode file for RealThread.X-CUBE-RT-Thread_Nano.4.1.1
2024-12-04 15:10:32,004 [WARN] PackLoader:240 - Cannot read IP mode file for STMicroelectronics.FP-ATR-SIGFOX1.3.2.0
2024-12-04 15:10:32,041 [WARN] PackLoader:240 - Cannot read IP mode file for wolfSSL.I-CUBE-wolfSSL.5.7.2
2024-12-04 15:10:32,068 [WARN] ConditionMgr:438 - getConditionDescription Invalid condition id : Cortex-A Device cause : null
2024-12-04 15:10:32,113 [WARN] ConditionMgr:1039 - genDependencies : Invalid condition id : Cortex-A Device cause : null
2024-12-04 15:10:32,113 [WARN] ConditionMgr:1039 - genDependencies : Invalid condition id : Cortex-A Device cause : null
2024-12-04 15:10:32,113 [WARN] ConditionMgr:1039 - genDependencies : Invalid condition id : Cortex-A Device cause : null
2024-12-04 15:10:32,144 [WARN] PackLoader:240 - Cannot read IP mode file for STMicroelectronics.X-CUBE-EEPRMA1.5.1.0
2024-12-04 15:10:32,178 [WARN] PackLoader:240 - Cannot read IP mode file for ITTIA_DB.I-CUBE-ITTIADB.8.9.0
2024-12-04 15:10:32,299 [WARN] PackLoader:240 - Cannot read IP mode file for SEGGER.I-CUBE-embOS.1.3.1
2024-12-04 15:10:32,426 [WARN] PackLoader:240 - Cannot read IP mode file for STMicroelectronics.X-CUBE-ALGOBUILD.1.4.0
2024-12-04 15:10:32,455 [WARN] PackLoader:240 - Cannot read IP mode file for STMicroelectronics.X-CUBE-GNSS1.6.0.0
2024-12-04 15:10:32,506 [WARN] PackLoader:240 - Cannot read IP mode file for STMicroelectronics.X-CUBE-AZRTOS-F4.1.1.0
2024-12-04 15:10:32,536 [WARN] PackLoader:240 - Cannot read IP mode file for STMicroelectronics.X-CUBE-ISPU.2.1.0
2024-12-04 15:10:32,564 [WARN] PackLoader:240 - Cannot read IP mode file for STMicroelectronics.X-CUBE-FREERTOS.1.2.0
2024-12-04 15:10:32,721 [WARN] PackLoader:240 - Cannot read IP mode file for STMicroelectronics.X-CUBE-AZRTOS-L5.2.0.0
2024-12-04 15:10:32,779 [WARN] PackLoader:240 - Cannot read IP mode file for STMicroelectronics.X-CUBE-NFC6.3.1.0
2024-12-04 15:10:32,825 [WARN] PackLoader:240 - Cannot read IP mode file for STMicroelectronics.X-CUBE-DPower.1.2.0
2024-12-04 15:10:32,863 [WARN] PackLoader:240 - Cannot read IP mode file for STMicroelectronics.X-CUBE-AI.9.0.0
2024-12-04 15:10:32,933 [WARN] PackLoader:240 - Cannot read IP mode file for STMicroelectronics.X-CUBE-NFC7.1.0.1
2024-12-04 15:10:32,991 [WARN] PackLoader:240 - Cannot read IP mode file for wolfSSL.I-CUBE-wolfTPM.3.2.0
2024-12-04 15:10:33,235 [WARN] ConditionMgr:438 - getConditionDescription Invalid condition id : LAN8742 Phy interface Condition cause : null
2024-12-04 15:10:33,236 [WARN] PackLoader:240 - Cannot read IP mode file for STMicroelectronics.X-CUBE-AZRTOS-L4.2.0.0
2024-12-04 15:10:33,238 [WARN] ConditionMgr:1039 - genDependencies : Invalid condition id : LAN8742 Phy interface Condition cause : null
2024-12-04 15:10:33,239 [WARN] ConditionMgr:1039 - genDependencies : Invalid condition id : LAN8742 Phy interface Condition cause : null
2024-12-04 15:10:33,240 [WARN] ConditionMgr:1039 - genDependencies : Invalid condition id : LAN8742 Phy interface Condition cause : null
2024-12-04 15:10:33,276 [WARN] PackLoader:240 - Cannot read IP mode file for STMicroelectronics.X-CUBE-SFXS2LP1.4.0.0
2024-12-04 15:10:33,337 [WARN] PackLoader:240 - Cannot read IP mode file for STMicroelectronics.X-CUBE-AZRTOS-H7.3.3.0
2024-12-04 15:10:33,379 [WARN] PackLoader:240 - Cannot read IP mode file for STMicroelectronics.X-CUBE-IPS.3.0.0
2024-12-04 15:10:33,579 [WARN] ConditionMgr:438 - getConditionDescription Invalid condition id : UX DEVICE CLASS RTOS Condition cause : null
2024-12-04 15:10:33,580 [WARN] ConditionMgr:438 - getConditionDescription Invalid condition id : UX DEVICE CLASS RTOS Condition cause : null
2024-12-04 15:10:33,584 [WARN] PackLoader:240 - Cannot read IP mode file for STMicroelectronics.X-CUBE-AZRTOS-WB.2.0.0
2024-12-04 15:10:33,585 [WARN] ConditionMgr:1039 - genDependencies : Invalid condition id : UX DEVICE CLASS RTOS Condition cause : null
2024-12-04 15:10:33,585 [WARN] ConditionMgr:1039 - genDependencies : Invalid condition id : UX DEVICE CLASS RTOS Condition cause : null
2024-12-04 15:10:33,586 [WARN] ConditionMgr:1039 - genDependencies : Invalid condition id : UX DEVICE CLASS RTOS Condition cause : null
2024-12-04 15:10:33,586 [WARN] ConditionMgr:1039 - genDependencies : Invalid condition id : UX DEVICE CLASS RTOS Condition cause : null
2024-12-04 15:10:33,587 [WARN] ConditionMgr:1039 - genDependencies : Invalid condition id : UX DEVICE CLASS RTOS Condition cause : null
2024-12-04 15:10:33,619 [WARN] PackLoader:240 - Cannot read IP mode file for STMicroelectronics.X-CUBE-GNSS1.7.0.0
2024-12-04 15:10:33,654 [WARN] PackLoader:240 - Cannot read IP mode file for STMicroelectronics.FP-SNS-STBOX1.2.0.0
2024-12-04 15:10:33,712 [WARN] PackLoader:240 - Cannot read IP mode file for STMicroelectronics.X-CUBE-SUBG2.5.0.0
2024-12-04 15:10:33,744 [WARN] PackLoader:240 - Cannot read IP mode file for Cesanta.I-CUBE-Mongoose.7.13.0
2024-12-04 15:10:33,853 [WARN] PackLoader:240 - Cannot read IP mode file for STMicroelectronics.X-CUBE-AZRTOS-G4.2.0.0
2024-12-04 15:10:33,886 [WARN] PackLoader:240 - Cannot read IP mode file for STMicroelectronics.X-CUBE-ISPU.2.0.0
2024-12-04 15:10:34,022 [WARN] PackLoader:240 - Cannot read IP mode file for STMicroelectronics.X-CUBE-ALS.1.0.2
2024-12-04 15:10:34,273 [WARN] PackLoader:240 - Cannot read IP mode file for STMicroelectronics.X-CUBE-MEMS1.10.0.0
2024-12-04 15:10:34,610 [WARN] PackLoader:240 - Cannot read IP mode file for STMicroelectronics.X-CUBE-TOUCHGFX.4.24.0
2024-12-04 15:10:34,633 [WARN] PackLoader:240 - Cannot read IP mode file for STMicroelectronics.X-CUBE-TOUCHGFX.4.24.1
2024-12-04 15:10:34,683 [WARN] PackLoader:240 - Cannot read IP mode file for portGmbH.I-Cube-SoM-uGOAL.1.1.0
2024-12-04 15:10:34,751 [WARN] PackLoader:240 - Cannot read IP mode file for STMicroelectronics.X-CUBE-AZRTOS-H7RS.1.0.0
2024-12-04 15:10:34,781 [WARN] PackLoader:240 - Cannot read IP mode file for STMicroelectronics.FP-ATR-ASTRA1.2.0.0
2024-12-04 15:10:34,827 [WARN] PackLoader:240 - Cannot read IP mode file for STMicroelectronics.X-CUBE-TOF1.3.4.2
2024-12-04 15:10:34,904 [WARN] PackLoader:240 - Cannot read IP mode file for STMicroelectronics.X-CUBE-TOF1.3.4.1
2024-12-04 15:10:35,144 [WARN] PackLoader:240 - Cannot read IP mode file for STMicroelectronics.X-CUBE-AZRTOS-H7.3.2.0
2024-12-04 15:10:35,239 [WARN] PackLoader:240 - Cannot read IP mode file for Infineon.AIROC-Wi-Fi-Bluetooth-STM32.1.6.0
2024-12-04 15:10:35,267 [WARN] PackLoader:240 - Cannot read IP mode file for wolfSSL.I-CUBE-wolfSSH.1.4.17
2024-12-04 15:10:35,268 [INFO] ThirdParty:978 - Integrity check success = true
2024-12-04 15:10:35,268 [INFO] IntegrityCheckThread:100 - exiting critical section [integrity check]
2024-12-04 15:10:35,268 [INFO] IntegrityCheckThread:103 - End integrity checks thread
2024-12-04 15:10:42,764 [INFO] WebApp:167 - Instantiating new browser for Auth
2024-12-04 15:10:46,729 [INFO] WebApp:448 - Apply proxy settings
2024-12-04 15:10:46,729 [INFO] WebApp:533 - Chromium requires no authentication
2024-12-04 15:10:46,753 [INFO] WebApp:476 - Direct internet connection detected
2024-12-04 15:10:46,813 [INFO] WebApp:869 - Register for checkConnection events
2024-12-04 15:10:46,813 [INFO] WebApp:448 - Apply proxy settings
2024-12-04 15:10:46,813 [INFO] WebApp:533 - Chromium requires no authentication
2024-12-04 15:10:46,813 [INFO] WebApp:476 - Direct internet connection detected
2024-12-04 15:10:47,177 [INFO] WebApp:220 - Starting web application
2024-12-04 15:10:47,177 [INFO] WebApp:578 - Web application path used C:\ST\STM32CubeIDE_1.16.0\STM32CubeIDE\plugins\com.st.stm32cube.common.mx_6.12.0.202406281431\db\plugins\mcufinder\reactClient1\index.html
2024-12-04 15:10:47,607 [INFO] UserAuth:417 - Internet connection configuration mode: 1
2024-12-04 15:10:47,976 [INFO] WebApp:186 - Connection restablished
2024-12-04 15:12:29,835 [ERROR] LogOutputStream:75 - [STDERR_REDIRECT] 
